<?xml version="1.0" encoding="UTF-8"?>
<coverage generated="1766146726497" clover="3.2.0">
  <project timestamp="1766146726498" name="All files">
    <metrics statements="5305" coveredstatements="4906" conditionals="4471" coveredconditionals="3624" methods="499" coveredmethods="468" elements="10275" coveredelements="8998" complexity="0" loc="5305" ncloc="5305" packages="4" files="29" classes="29"/>
    <package name="controllers">
      <metrics statements="626" coveredstatements="556" conditionals="819" coveredconditionals="608" methods="47" coveredmethods="41"/>
      <file name="clientsController.js" path="C:\Users\asus\Documents\EasyApp\Backend\controllers\clientsController.js">
        <metrics statements="82" coveredstatements="81" conditionals="94" coveredconditionals="88" methods="4" coveredmethods="3"/>
        <line num="1" count="53" type="stmt"/>
        <line num="6" count="38" type="stmt"/>
        <line num="9" count="38" type="cond" truecount="1" falsecount="1"/>
        <line num="10" count="38" type="stmt"/>
        <line num="11" count="38" type="stmt"/>
        <line num="12" count="38" type="stmt"/>
        <line num="13" count="148" type="cond" truecount="1" falsecount="1"/>
        <line num="17" count="38" type="cond" truecount="2" falsecount="0"/>
        <line num="18" count="3" type="stmt"/>
        <line num="19" count="3" type="stmt"/>
        <line num="21" count="38" type="stmt"/>
        <line num="27" count="38" type="cond" truecount="1" falsecount="1"/>
        <line num="28" count="38" type="cond" truecount="2" falsecount="0"/>
        <line num="29" count="2" type="stmt"/>
        <line num="31" count="36" type="stmt"/>
        <line num="32" count="36" type="cond" truecount="2" falsecount="0"/>
        <line num="34" count="32" type="cond" truecount="5" falsecount="0"/>
        <line num="35" count="2" type="stmt"/>
        <line num="42" count="34" type="stmt"/>
        <line num="44" count="34" type="cond" truecount="2" falsecount="0"/>
        <line num="46" count="34" type="cond" truecount="2" falsecount="0"/>
        <line num="47" count="4" type="stmt"/>
        <line num="55" count="30" type="cond" truecount="2" falsecount="0"/>
        <line num="56" count="19" type="stmt"/>
        <line num="60" count="19" type="cond" truecount="2" falsecount="0"/>
        <line num="61" count="6" type="stmt"/>
        <line num="65" count="6" type="stmt"/>
        <line num="66" count="6" type="cond" truecount="2" falsecount="0"/>
        <line num="71" count="2" type="stmt"/>
        <line num="74" count="2" type="stmt"/>
        <line num="78" count="2" type="stmt"/>
        <line num="80" count="4" type="cond" truecount="2" falsecount="0"/>
        <line num="88" count="2" type="stmt"/>
        <line num="91" count="2" type="stmt"/>
        <line num="95" count="2" type="stmt"/>
        <line num="97" count="2" type="stmt"/>
        <line num="102" count="28" type="stmt"/>
        <line num="103" count="28" type="cond" truecount="2" falsecount="0"/>
        <line num="104" count="28" type="cond" truecount="2" falsecount="0"/>
        <line num="105" count="28" type="cond" truecount="2" falsecount="0"/>
        <line num="106" count="28" type="cond" truecount="2" falsecount="0"/>
        <line num="107" count="6" type="stmt"/>
        <line num="108" count="6" type="cond" truecount="2" falsecount="0"/>
        <line num="111" count="28" type="cond" truecount="2" falsecount="0"/>
        <line num="112" count="28" type="stmt"/>
        <line num="113" count="28" type="cond" truecount="4" falsecount="0"/>
        <line num="114" count="13" type="stmt"/>
        <line num="116" count="28" type="cond" truecount="2" falsecount="0"/>
        <line num="118" count="28" type="cond" truecount="2" falsecount="0"/>
        <line num="119" count="1" type="stmt"/>
        <line num="122" count="28" type="cond" truecount="2" falsecount="0"/>
        <line num="127" count="3" type="stmt"/>
        <line num="131" count="28" type="stmt"/>
        <line num="132" count="28" type="stmt"/>
        <line num="138" count="4" type="cond" truecount="4" falsecount="0"/>
        <line num="139" count="3" type="cond" truecount="2" falsecount="0"/>
        <line num="140" count="1" type="stmt"/>
        <line num="141" count="2" type="cond" truecount="1" falsecount="1"/>
        <line num="142" count="2" type="stmt"/>
        <line num="145" count="2" type="stmt"/>
        <line num="147" count="0" type="stmt"/>
        <line num="150" count="1" type="stmt"/>
        <line num="154" count="26" type="stmt"/>
        <line num="168" count="1" type="stmt"/>
        <line num="169" count="1" type="cond" truecount="1" falsecount="1"/>
        <line num="175" count="18" type="stmt"/>
        <line num="177" count="18" type="cond" truecount="1" falsecount="1"/>
        <line num="178" count="18" type="cond" truecount="2" falsecount="0"/>
        <line num="179" count="2" type="stmt"/>
        <line num="180" count="16" type="cond" truecount="2" falsecount="0"/>
        <line num="181" count="2" type="stmt"/>
        <line num="182" count="14" type="cond" truecount="2" falsecount="0"/>
        <line num="183" count="12" type="stmt"/>
        <line num="184" count="12" type="cond" truecount="2" falsecount="0"/>
        <line num="185" count="4" type="stmt"/>
        <line num="186" count="4" type="cond" truecount="2" falsecount="0"/>
        <line num="187" count="2" type="stmt"/>
        <line num="190" count="10" type="stmt"/>
        <line num="207" count="9" type="stmt"/>
        <line num="220" count="1" type="stmt"/>
        <line num="221" count="1" type="stmt"/>
        <line num="225" count="53" type="stmt"/>
      </file>
      <file name="ordersController.js" path="C:\Users\asus\Documents\EasyApp\Backend\controllers\ordersController.js">
        <metrics statements="544" coveredstatements="475" conditionals="725" coveredconditionals="520" methods="43" coveredmethods="38"/>
        <line num="10" count="53" type="stmt"/>
        <line num="14" count="53" type="stmt"/>
        <line num="17" count="53" type="stmt"/>
        <line num="18" count="53" type="stmt"/>
        <line num="21" count="2" type="stmt"/>
        <line num="22" count="8" type="stmt"/>
        <line num="23" count="2" type="stmt"/>
        <line num="24" count="2" type="cond" truecount="2" falsecount="2"/>
        <line num="25" count="2" type="cond" truecount="2" falsecount="2"/>
        <line num="26" count="2" type="cond" truecount="1" falsecount="1"/>
        <line num="27" count="2" type="cond" truecount="1" falsecount="1"/>
        <line num="28" count="2" type="stmt"/>
        <line num="29" count="2" type="stmt"/>
        <line num="31" count="2" type="stmt"/>
        <line num="32" count="2" type="stmt"/>
        <line num="33" count="2" type="stmt"/>
        <line num="35" count="0" type="stmt"/>
        <line num="40" count="4" type="stmt"/>
        <line num="42" count="4" type="cond" truecount="1" falsecount="1"/>
        <line num="43" count="4" type="cond" truecount="1" falsecount="1"/>
        <line num="44" count="4" type="cond" truecount="2" falsecount="2"/>
        <line num="45" count="0" type="stmt"/>
        <line num="48" count="4" type="stmt"/>
        <line num="49" count="4" type="cond" truecount="2" falsecount="0"/>
        <line num="50" count="2" type="stmt"/>
        <line num="51" count="2" type="stmt"/>
        <line num="54" count="2" type="cond" truecount="4" falsecount="0"/>
        <line num="55" count="1" type="stmt"/>
        <line num="59" count="4" type="cond" truecount="4" falsecount="0"/>
        <line num="60" count="3" type="stmt"/>
        <line num="61" count="3" type="cond" truecount="5" falsecount="0"/>
        <line num="62" count="2" type="stmt"/>
        <line num="67" count="4" type="stmt"/>
        <line num="68" count="0" type="cond" truecount="1" falsecount="1"/>
        <line num="72" count="4" type="stmt"/>
        <line num="77" count="4" type="cond" truecount="2" falsecount="0"/>
        <line num="80" count="2" type="stmt"/>
        <line num="81" count="2" type="stmt"/>
        <line num="83" count="2" type="cond" truecount="1" falsecount="1"/>
        <line num="84" count="2" type="cond" truecount="3" falsecount="0"/>
        <line num="86" count="2" type="cond" truecount="3" falsecount="1"/>
        <line num="92" count="2" type="stmt"/>
        <line num="95" count="2" type="cond" truecount="1" falsecount="1"/>
        <line num="98" count="2" type="stmt"/>
        <line num="99" count="0" type="cond" truecount="0" falsecount="2"/>
        <line num="100" count="0" type="cond" truecount="0" falsecount="2"/>
        <line num="101" count="0" type="cond" truecount="0" falsecount="2"/>
        <line num="102" count="0" type="cond" truecount="0" falsecount="4"/>
        <line num="104" count="2" type="stmt"/>
        <line num="105" count="2" type="cond" truecount="1" falsecount="1"/>
        <line num="107" count="2" type="stmt"/>
        <line num="127" count="2" type="stmt"/>
        <line num="128" count="2" type="stmt"/>
        <line num="129" count="2" type="stmt"/>
        <line num="130" count="2" type="cond" truecount="1" falsecount="1"/>
        <line num="131" count="0" type="stmt"/>
        <line num="132" count="2" type="stmt"/>
        <line num="138" count="2" type="stmt"/>
        <line num="140" count="0" type="cond" truecount="0" falsecount="2"/>
        <line num="141" count="0" type="stmt"/>
        <line num="146" count="21" type="stmt"/>
        <line num="147" count="21" type="stmt"/>
        <line num="148" count="21" type="stmt"/>
        <line num="149" count="21" type="stmt"/>
        <line num="150" count="21" type="stmt"/>
        <line num="153" count="21" type="stmt"/>
        <line num="162" count="161" type="stmt"/>
        <line num="165" count="160" type="stmt"/>
        <line num="166" count="160" type="stmt"/>
        <line num="167" count="160" type="cond" truecount="2" falsecount="0"/>
        <line num="168" count="91" type="stmt"/>
        <line num="172" count="158" type="cond" truecount="2" falsecount="0"/>
        <line num="177" count="87" type="stmt"/>
        <line num="178" count="87" type="cond" truecount="1" falsecount="1"/>
        <line num="179" count="87" type="stmt"/>
        <line num="180" count="87" type="stmt"/>
        <line num="183" count="87" type="cond" truecount="2" falsecount="0"/>
        <line num="184" count="68" type="stmt"/>
        <line num="195" count="160" type="cond" truecount="3" falsecount="0"/>
        <line num="196" count="160" type="cond" truecount="2" falsecount="0"/>
        <line num="199" count="160" type="stmt"/>
        <line num="200" count="160" type="stmt"/>
        <line num="201" count="160" type="stmt"/>
        <line num="202" count="160" type="stmt"/>
        <line num="203" count="160" type="cond" truecount="2" falsecount="0"/>
        <line num="204" count="67" type="stmt"/>
        <line num="207" count="67" type="cond" truecount="2" falsecount="0"/>
        <line num="212" count="52" type="stmt"/>
        <line num="218" count="67" type="cond" truecount="2" falsecount="0"/>
        <line num="219" count="66" type="stmt"/>
        <line num="230" count="160" type="stmt"/>
        <line num="235" count="160" type="cond" truecount="4" falsecount="0"/>
        <line num="236" count="160" type="cond" truecount="2" falsecount="0"/>
        <line num="237" count="53" type="stmt"/>
        <line num="242" count="53" type="stmt"/>
        <line num="243" count="53" type="cond" truecount="2" falsecount="0"/>
        <line num="244" count="36" type="cond" truecount="2" falsecount="0"/>
        <line num="245" count="36" type="cond" truecount="2" falsecount="0"/>
        <line num="246" count="1" type="stmt"/>
        <line num="247" count="1" type="stmt"/>
        <line num="248" count="1" type="cond" truecount="1" falsecount="1"/>
        <line num="251" count="36" type="cond" truecount="2" falsecount="0"/>
        <line num="257" count="1" type="stmt"/>
        <line num="258" count="1" type="stmt"/>
        <line num="262" count="1" type="cond" truecount="1" falsecount="1"/>
        <line num="267" count="53" type="cond" truecount="1" falsecount="1"/>
        <line num="268" count="53" type="stmt"/>
        <line num="278" count="160" type="cond" truecount="3" falsecount="0"/>
        <line num="281" count="160" type="stmt"/>
        <line num="282" count="160" type="stmt"/>
        <line num="283" count="160" type="stmt"/>
        <line num="284" count="160" type="cond" truecount="1" falsecount="1"/>
        <line num="285" count="160" type="stmt"/>
        <line num="286" count="160" type="stmt"/>
        <line num="287" count="160" type="cond" truecount="4" falsecount="0"/>
        <line num="288" count="104" type="stmt"/>
        <line num="289" count="104" type="stmt"/>
        <line num="293" count="160" type="stmt"/>
        <line num="296" count="160" type="cond" truecount="2" falsecount="0"/>
        <line num="297" count="21" type="stmt"/>
        <line num="304" count="139" type="stmt"/>
        <line num="310" count="160" type="cond" truecount="1" falsecount="1"/>
        <line num="311" count="164" type="stmt"/>
        <line num="318" count="160" type="stmt"/>
        <line num="319" count="164" type="cond" truecount="3" falsecount="1"/>
        <line num="325" count="160" type="stmt"/>
        <line num="328" count="160" type="cond" truecount="2" falsecount="0"/>
        <line num="329" count="120" type="stmt"/>
        <line num="330" count="120" type="stmt"/>
        <line num="331" count="120" type="stmt"/>
        <line num="332" count="119" type="stmt"/>
        <line num="333" count="119" type="stmt"/>
        <line num="334" count="119" type="cond" truecount="2" falsecount="0"/>
        <line num="335" count="119" type="cond" truecount="2" falsecount="0"/>
        <line num="336" count="119" type="cond" truecount="2" falsecount="0"/>
        <line num="342" count="119" type="cond" truecount="4" falsecount="0"/>
        <line num="343" count="119" type="cond" truecount="2" falsecount="0"/>
        <line num="344" count="52" type="stmt"/>
        <line num="345" count="52" type="stmt"/>
        <line num="346" count="52" type="cond" truecount="1" falsecount="1"/>
        <line num="347" count="50" type="stmt"/>
        <line num="349" count="52" type="cond" truecount="2" falsecount="0"/>
        <line num="350" count="49" type="stmt"/>
        <line num="354" count="49" type="stmt"/>
        <line num="355" count="46" type="cond" truecount="1" falsecount="1"/>
        <line num="356" count="46" type="cond" truecount="4" falsecount="0"/>
        <line num="357" count="13" type="stmt"/>
        <line num="358" count="13" type="stmt"/>
        <line num="363" count="52" type="cond" truecount="2" falsecount="0"/>
        <line num="365" count="67" type="stmt"/>
        <line num="373" count="160" type="stmt"/>
        <line num="375" count="160" type="cond" truecount="2" falsecount="0"/>
        <line num="376" count="160" type="cond" truecount="2" falsecount="0"/>
        <line num="377" count="10" type="stmt"/>
        <line num="382" count="150" type="cond" truecount="4" falsecount="0"/>
        <line num="384" count="1" type="stmt"/>
        <line num="385" count="1" type="stmt"/>
        <line num="386" count="1" type="stmt"/>
        <line num="390" count="1" type="cond" truecount="1" falsecount="1"/>
        <line num="391" count="1" type="stmt"/>
        <line num="392" count="1" type="stmt"/>
        <line num="393" count="1" type="stmt"/>
        <line num="394" count="1" type="stmt"/>
        <line num="395" count="1" type="cond" truecount="1" falsecount="1"/>
        <line num="398" count="1" type="stmt"/>
        <line num="399" count="1" type="stmt"/>
        <line num="400" count="1" type="cond" truecount="1" falsecount="1"/>
        <line num="401" count="1" type="cond" truecount="1" falsecount="1"/>
        <line num="402" count="1" type="cond" truecount="1" falsecount="1"/>
        <line num="403" count="1" type="cond" truecount="3" falsecount="1"/>
        <line num="404" count="0" type="stmt"/>
        <line num="406" count="1" type="stmt"/>
        <line num="407" count="1" type="stmt"/>
        <line num="408" count="1" type="stmt"/>
        <line num="410" count="1" type="cond" truecount="4" falsecount="0"/>
        <line num="412" count="1" type="cond" truecount="1" falsecount="1"/>
        <line num="413" count="1" type="stmt"/>
        <line num="414" count="1" type="cond" truecount="3" falsecount="1"/>
        <line num="415" count="0" type="stmt"/>
        <line num="417" count="1" type="cond" truecount="5" falsecount="0"/>
        <line num="419" count="1" type="cond" truecount="3" falsecount="1"/>
        <line num="421" count="0" type="stmt"/>
        <line num="424" count="0" type="cond" truecount="0" falsecount="2"/>
        <line num="425" count="0" type="stmt"/>
        <line num="436" count="160" type="stmt"/>
        <line num="464" count="44" type="stmt"/>
        <line num="466" count="44" type="stmt"/>
        <line num="467" count="44" type="cond" truecount="2" falsecount="0"/>
        <line num="468" count="44" type="cond" truecount="2" falsecount="0"/>
        <line num="470" count="44" type="cond" truecount="4" falsecount="0"/>
        <line num="471" count="1" type="stmt"/>
        <line num="475" count="43" type="stmt"/>
        <line num="476" count="43" type="cond" truecount="2" falsecount="0"/>
        <line num="477" count="42" type="stmt"/>
        <line num="478" count="42" type="stmt"/>
        <line num="479" count="42" type="stmt"/>
        <line num="480" count="42" type="stmt"/>
        <line num="484" count="21" type="cond" truecount="1" falsecount="2"/>
        <line num="502" count="43" type="cond" truecount="1" falsecount="1"/>
        <line num="505" count="43" type="cond" truecount="4" falsecount="0"/>
        <line num="506" count="10" type="stmt"/>
        <line num="510" count="43" type="cond" truecount="3" falsecount="1"/>
        <line num="511" count="0" type="stmt"/>
        <line num="515" count="48" type="stmt"/>
        <line num="516" count="43" type="stmt"/>
        <line num="520" count="46" type="stmt"/>
        <line num="523" count="43" type="stmt"/>
        <line num="524" count="48" type="stmt"/>
        <line num="526" count="48" type="cond" truecount="2" falsecount="0"/>
        <line num="527" count="1" type="stmt"/>
        <line num="535" count="47" type="cond" truecount="1" falsecount="1"/>
        <line num="539" count="47" type="cond" truecount="2" falsecount="0"/>
        <line num="540" count="1" type="stmt"/>
        <line num="546" count="46" type="cond" truecount="1" falsecount="2"/>
        <line num="547" count="46" type="cond" truecount="2" falsecount="0"/>
        <line num="548" count="46" type="cond" truecount="4" falsecount="0"/>
        <line num="549" count="2" type="stmt"/>
        <line num="556" count="39" type="cond" truecount="2" falsecount="0"/>
        <line num="557" count="17" type="stmt"/>
        <line num="558" count="22" type="cond" truecount="2" falsecount="0"/>
        <line num="563" count="21" type="stmt"/>
        <line num="567" count="39" type="stmt"/>
        <line num="570" count="39" type="stmt"/>
        <line num="572" count="39" type="cond" truecount="1" falsecount="1"/>
        <line num="574" count="0" type="stmt"/>
        <line num="577" count="0" type="stmt"/>
        <line num="578" count="0" type="cond" truecount="0" falsecount="2"/>
        <line num="583" count="0" type="stmt"/>
        <line num="584" count="0" type="stmt"/>
        <line num="586" count="0" type="stmt"/>
        <line num="587" count="0" type="stmt"/>
        <line num="591" count="0" type="stmt"/>
        <line num="595" count="0" type="stmt"/>
        <line num="598" count="0" type="stmt"/>
        <line num="599" count="0" type="cond" truecount="0" falsecount="2"/>
        <line num="600" count="0" type="stmt"/>
        <line num="606" count="0" type="stmt"/>
        <line num="610" count="0" type="cond" truecount="0" falsecount="2"/>
        <line num="614" count="0" type="cond" truecount="0" falsecount="4"/>
        <line num="615" count="0" type="stmt"/>
        <line num="618" count="0" type="stmt"/>
        <line num="625" count="0" type="stmt"/>
        <line num="626" count="0" type="stmt"/>
        <line num="629" count="0" type="stmt"/>
        <line num="635" count="0" type="cond" truecount="0" falsecount="2"/>
        <line num="640" count="0" type="stmt"/>
        <line num="644" count="0" type="stmt"/>
        <line num="648" count="0" type="stmt"/>
        <line num="655" count="0" type="cond" truecount="0" falsecount="2"/>
        <line num="656" count="0" type="stmt"/>
        <line num="657" count="0" type="stmt"/>
        <line num="666" count="0" type="stmt"/>
        <line num="673" count="39" type="cond" truecount="4" falsecount="0"/>
        <line num="676" count="38" type="cond" truecount="2" falsecount="0"/>
        <line num="679" count="38" type="cond" truecount="4" falsecount="0"/>
        <line num="680" count="17" type="stmt"/>
        <line num="681" count="17" type="cond" truecount="1" falsecount="1"/>
        <line num="682" count="17" type="cond" truecount="1" falsecount="1"/>
        <line num="683" count="17" type="cond" truecount="1" falsecount="1"/>
        <line num="684" count="17" type="cond" truecount="1" falsecount="1"/>
        <line num="685" count="17" type="stmt"/>
        <line num="689" count="38" type="cond" truecount="2" falsecount="2"/>
        <line num="690" count="0" type="stmt"/>
        <line num="693" count="38" type="cond" truecount="3" falsecount="1"/>
        <line num="694" count="38" type="stmt"/>
        <line num="705" count="39" type="cond" truecount="2" falsecount="0"/>
        <line num="710" count="1" type="stmt"/>
        <line num="717" count="1" type="stmt"/>
        <line num="731" count="38" type="stmt"/>
        <line num="733" count="38" type="stmt"/>
        <line num="734" count="38" type="stmt"/>
        <line num="737" count="38" type="stmt"/>
        <line num="738" count="38" type="stmt"/>
        <line num="739" count="38" type="stmt"/>
        <line num="740" count="38" type="stmt"/>
        <line num="741" count="38" type="stmt"/>
        <line num="742" count="38" type="stmt"/>
        <line num="743" count="38" type="cond" truecount="2" falsecount="0"/>
        <line num="744" count="24" type="stmt"/>
        <line num="748" count="24" type="cond" truecount="1" falsecount="1"/>
        <line num="749" count="24" type="stmt"/>
        <line num="752" count="24" type="stmt"/>
        <line num="760" count="38" type="stmt"/>
        <line num="762" count="38" type="cond" truecount="5" falsecount="0"/>
        <line num="765" count="38" type="cond" truecount="2" falsecount="0"/>
        <line num="766" count="10" type="stmt"/>
        <line num="768" count="10" type="stmt"/>
        <line num="769" count="10" type="stmt"/>
        <line num="773" count="10" type="cond" truecount="1" falsecount="1"/>
        <line num="774" count="10" type="stmt"/>
        <line num="775" count="10" type="stmt"/>
        <line num="776" count="10" type="cond" truecount="1" falsecount="1"/>
        <line num="780" count="10" type="cond" truecount="1" falsecount="1"/>
        <line num="781" count="10" type="cond" truecount="3" falsecount="1"/>
        <line num="783" count="10" type="cond" truecount="1" falsecount="1"/>
        <line num="789" count="10" type="stmt"/>
        <line num="790" count="10" type="stmt"/>
        <line num="791" count="10" type="cond" truecount="1" falsecount="1"/>
        <line num="792" count="10" type="cond" truecount="2" falsecount="0"/>
        <line num="793" count="10" type="cond" truecount="1" falsecount="1"/>
        <line num="794" count="10" type="cond" truecount="3" falsecount="1"/>
        <line num="795" count="0" type="stmt"/>
        <line num="797" count="10" type="stmt"/>
        <line num="798" count="9" type="cond" truecount="3" falsecount="1"/>
        <line num="800" count="9" type="stmt"/>
        <line num="801" count="9" type="stmt"/>
        <line num="803" count="9" type="cond" truecount="4" falsecount="0"/>
        <line num="805" count="9" type="cond" truecount="1" falsecount="1"/>
        <line num="806" count="9" type="stmt"/>
        <line num="807" count="9" type="cond" truecount="1" falsecount="1"/>
        <line num="812" count="0" type="stmt"/>
        <line num="814" count="0" type="cond" truecount="0" falsecount="6"/>
        <line num="819" count="9" type="cond" truecount="5" falsecount="0"/>
        <line num="822" count="10" type="cond" truecount="2" falsecount="0"/>
        <line num="823" count="4" type="stmt"/>
        <line num="827" count="6" type="stmt"/>
        <line num="828" count="6" type="cond" truecount="2" falsecount="0"/>
        <line num="829" count="6" type="cond" truecount="4" falsecount="0"/>
        <line num="830" count="1" type="stmt"/>
        <line num="834" count="5" type="stmt"/>
        <line num="835" count="5" type="cond" truecount="3" falsecount="1"/>
        <line num="836" count="5" type="cond" truecount="1" falsecount="1"/>
        <line num="838" count="5" type="stmt"/>
        <line num="839" count="1" type="cond" truecount="3" falsecount="1"/>
        <line num="840" count="1" type="stmt"/>
        <line num="842" count="5" type="cond" truecount="2" falsecount="0"/>
        <line num="843" count="1" type="stmt"/>
        <line num="850" count="4" type="cond" truecount="2" falsecount="0"/>
        <line num="851" count="4" type="cond" truecount="2" falsecount="0"/>
        <line num="852" count="3" type="stmt"/>
        <line num="856" count="0" type="stmt"/>
        <line num="857" count="0" type="stmt"/>
        <line num="861" count="32" type="stmt"/>
        <line num="863" count="33" type="cond" truecount="2" falsecount="2"/>
        <line num="864" count="32" type="stmt"/>
        <line num="865" count="32" type="stmt"/>
        <line num="866" count="33" type="stmt"/>
        <line num="879" count="33" type="cond" truecount="1" falsecount="1"/>
        <line num="881" count="33" type="cond" truecount="1" falsecount="1"/>
        <line num="882" count="33" type="cond" truecount="1" falsecount="1"/>
        <line num="883" count="33" type="stmt"/>
        <line num="885" count="33" type="stmt"/>
        <line num="898" count="33" type="cond" truecount="2" falsecount="0"/>
        <line num="899" count="4" type="stmt"/>
        <line num="901" count="4" type="cond" truecount="4" falsecount="0"/>
        <line num="902" count="3" type="stmt"/>
        <line num="903" count="3" type="cond" truecount="3" falsecount="1"/>
        <line num="904" count="3" type="stmt"/>
        <line num="908" count="3" type="stmt"/>
        <line num="909" count="3" type="cond" truecount="1" falsecount="1"/>
        <line num="910" count="3" type="stmt"/>
        <line num="911" count="3" type="stmt"/>
        <line num="912" count="3" type="stmt"/>
        <line num="916" count="33" type="stmt"/>
        <line num="917" count="33" type="stmt"/>
        <line num="921" count="32" type="stmt"/>
        <line num="922" count="32" type="stmt"/>
        <line num="923" count="33" type="stmt"/>
        <line num="924" count="33" type="stmt"/>
        <line num="926" count="33" type="stmt"/>
        <line num="927" count="33" type="cond" truecount="1" falsecount="1"/>
        <line num="928" count="36" type="stmt"/>
        <line num="930" count="33" type="cond" truecount="1" falsecount="1"/>
        <line num="931" count="33" type="stmt"/>
        <line num="935" count="35" type="stmt"/>
        <line num="936" count="34" type="stmt"/>
        <line num="939" count="33" type="stmt"/>
        <line num="940" count="33" type="stmt"/>
        <line num="945" count="33" type="stmt"/>
        <line num="962" count="32" type="cond" truecount="2" falsecount="0"/>
        <line num="963" count="31" type="stmt"/>
        <line num="968" count="1" type="stmt"/>
        <line num="972" count="0" type="stmt"/>
        <line num="973" count="0" type="cond" truecount="0" falsecount="2"/>
        <line num="978" count="14" type="stmt"/>
        <line num="979" count="14" type="stmt"/>
        <line num="980" count="14" type="stmt"/>
        <line num="981" count="13" type="cond" truecount="2" falsecount="0"/>
        <line num="982" count="12" type="cond" truecount="2" falsecount="0"/>
        <line num="985" count="12" type="stmt"/>
        <line num="986" count="12" type="cond" truecount="3" falsecount="1"/>
        <line num="987" count="0" type="stmt"/>
        <line num="988" count="0" type="cond" truecount="0" falsecount="2"/>
        <line num="989" count="0" type="stmt"/>
        <line num="991" count="0" type="stmt"/>
        <line num="995" count="12" type="stmt"/>
        <line num="996" count="12" type="stmt"/>
        <line num="998" count="1" type="stmt"/>
        <line num="1003" count="8" type="stmt"/>
        <line num="1004" count="8" type="stmt"/>
        <line num="1005" count="8" type="cond" truecount="1" falsecount="1"/>
        <line num="1006" count="8" type="stmt"/>
        <line num="1007" count="8" type="cond" truecount="2" falsecount="0"/>
        <line num="1008" count="3" type="stmt"/>
        <line num="1010" count="5" type="stmt"/>
        <line num="1011" count="5" type="cond" truecount="1" falsecount="1"/>
        <line num="1013" count="5" type="stmt"/>
        <line num="1014" count="5" type="cond" truecount="2" falsecount="0"/>
        <line num="1015" count="5" type="stmt"/>
        <line num="1020" count="5" type="stmt"/>
        <line num="1023" count="5" type="cond" truecount="2" falsecount="0"/>
        <line num="1024" count="4" type="stmt"/>
        <line num="1025" count="4" type="stmt"/>
        <line num="1027" count="0" type="cond" truecount="0" falsecount="2"/>
        <line num="1030" count="5" type="stmt"/>
        <line num="1031" count="5" type="stmt"/>
        <line num="1033" count="5" type="stmt"/>
        <line num="1034" count="5" type="cond" truecount="1" falsecount="1"/>
        <line num="1035" count="4" type="stmt"/>
        <line num="1037" count="5" type="cond" truecount="2" falsecount="0"/>
        <line num="1038" count="4" type="stmt"/>
        <line num="1042" count="4" type="stmt"/>
        <line num="1043" count="4" type="stmt"/>
        <line num="1046" count="5" type="stmt"/>
        <line num="1047" count="5" type="stmt"/>
        <line num="1054" count="5" type="stmt"/>
        <line num="1055" count="5" type="stmt"/>
        <line num="1057" count="0" type="stmt"/>
        <line num="1064" count="6" type="stmt"/>
        <line num="1065" count="6" type="stmt"/>
        <line num="1066" count="6" type="cond" truecount="1" falsecount="1"/>
        <line num="1067" count="0" type="stmt"/>
        <line num="1069" count="6" type="stmt"/>
        <line num="1073" count="6" type="stmt"/>
        <line num="1074" count="25" type="cond" truecount="1" falsecount="1"/>
        <line num="1075" count="25" type="cond" truecount="1" falsecount="1"/>
        <line num="1076" count="25" type="stmt"/>
        <line num="1079" count="25" type="cond" truecount="1" falsecount="2"/>
        <line num="1080" count="25" type="stmt"/>
        <line num="1099" count="25" type="cond" truecount="1" falsecount="1"/>
        <line num="1107" count="6" type="stmt"/>
        <line num="1109" count="0" type="stmt"/>
        <line num="1110" count="0" type="stmt"/>
        <line num="1116" count="11" type="stmt"/>
        <line num="1117" count="11" type="stmt"/>
        <line num="1118" count="11" type="cond" truecount="1" falsecount="1"/>
        <line num="1119" count="11" type="stmt"/>
        <line num="1120" count="11" type="cond" truecount="4" falsecount="0"/>
        <line num="1121" count="1" type="stmt"/>
        <line num="1123" count="10" type="stmt"/>
        <line num="1124" count="10" type="cond" truecount="1" falsecount="1"/>
        <line num="1127" count="10" type="cond" truecount="1" falsecount="1"/>
        <line num="1128" count="10" type="cond" truecount="1" falsecount="1"/>
        <line num="1129" count="10" type="stmt"/>
        <line num="1130" count="10" type="stmt"/>
        <line num="1131" count="10" type="cond" truecount="4" falsecount="0"/>
        <line num="1132" count="7" type="stmt"/>
        <line num="1134" count="7" type="stmt"/>
        <line num="1135" count="7" type="cond" truecount="2" falsecount="0"/>
        <line num="1136" count="7" type="cond" truecount="2" falsecount="0"/>
        <line num="1137" count="6" type="stmt"/>
        <line num="1138" count="6" type="cond" truecount="2" falsecount="0"/>
        <line num="1139" count="6" type="cond" truecount="2" falsecount="0"/>
        <line num="1140" count="6" type="cond" truecount="2" falsecount="0"/>
        <line num="1141" count="6" type="cond" truecount="2" falsecount="0"/>
        <line num="1143" count="6" type="cond" truecount="1" falsecount="1"/>
        <line num="1144" count="5" type="stmt"/>
        <line num="1150" count="6" type="stmt"/>
        <line num="1151" count="5" type="cond" truecount="2" falsecount="2"/>
        <line num="1154" count="6" type="stmt"/>
        <line num="1156" count="6" type="cond" truecount="4" falsecount="0"/>
        <line num="1158" count="6" type="cond" truecount="2" falsecount="0"/>
        <line num="1160" count="5" type="stmt"/>
        <line num="1161" count="5" type="stmt"/>
        <line num="1162" count="5" type="stmt"/>
        <line num="1163" count="5" type="cond" truecount="2" falsecount="0"/>
        <line num="1164" count="4" type="stmt"/>
        <line num="1168" count="4" type="stmt"/>
        <line num="1169" count="4" type="cond" truecount="1" falsecount="1"/>
        <line num="1170" count="4" type="cond" truecount="4" falsecount="0"/>
        <line num="1171" count="1" type="stmt"/>
        <line num="1172" count="1" type="stmt"/>
        <line num="1177" count="5" type="cond" truecount="2" falsecount="0"/>
        <line num="1179" count="1" type="stmt"/>
        <line num="1181" count="6" type="cond" truecount="2" falsecount="0"/>
        <line num="1185" count="10" type="cond" truecount="2" falsecount="0"/>
        <line num="1186" count="3" type="stmt"/>
        <line num="1188" count="3" type="stmt"/>
        <line num="1190" count="3" type="stmt"/>
        <line num="1191" count="3" type="stmt"/>
        <line num="1192" count="3" type="cond" truecount="2" falsecount="0"/>
        <line num="1193" count="2" type="stmt"/>
        <line num="1194" count="2" type="stmt"/>
        <line num="1202" count="3" type="stmt"/>
        <line num="1207" count="3" type="stmt"/>
        <line num="1208" count="3" type="cond" truecount="1" falsecount="1"/>
        <line num="1209" count="3" type="stmt"/>
        <line num="1212" count="3" type="cond" truecount="1" falsecount="1"/>
        <line num="1215" count="3" type="cond" truecount="1" falsecount="1"/>
        <line num="1216" count="3" type="stmt"/>
        <line num="1218" count="3" type="stmt"/>
        <line num="1219" count="3" type="cond" truecount="1" falsecount="1"/>
        <line num="1220" count="3" type="stmt"/>
        <line num="1224" count="3" type="stmt"/>
        <line num="1225" count="3" type="stmt"/>
        <line num="1227" count="3" type="stmt"/>
        <line num="1228" count="3" type="cond" truecount="1" falsecount="1"/>
        <line num="1229" count="3" type="stmt"/>
        <line num="1230" count="3" type="cond" truecount="1" falsecount="1"/>
        <line num="1231" count="3" type="cond" truecount="2" falsecount="2"/>
        <line num="1232" count="3" type="cond" truecount="2" falsecount="0"/>
        <line num="1235" count="3" type="stmt"/>
        <line num="1236" count="3" type="stmt"/>
        <line num="1237" count="3" type="stmt"/>
        <line num="1238" count="3" type="stmt"/>
        <line num="1239" count="3" type="stmt"/>
        <line num="1260" count="3" type="stmt"/>
        <line num="1261" count="3" type="cond" truecount="2" falsecount="0"/>
        <line num="1262" count="3" type="cond" truecount="4" falsecount="0"/>
        <line num="1263" count="1" type="stmt"/>
        <line num="1264" count="1" type="stmt"/>
        <line num="1265" count="1" type="stmt"/>
        <line num="1282" count="0" type="cond" truecount="0" falsecount="2"/>
        <line num="1287" count="10" type="cond" truecount="2" falsecount="2"/>
        <line num="1288" count="0" type="stmt"/>
        <line num="1289" count="0" type="cond" truecount="0" falsecount="2"/>
        <line num="1290" count="0" type="stmt"/>
        <line num="1293" count="10" type="stmt"/>
        <line num="1294" count="10" type="stmt"/>
        <line num="1295" count="10" type="stmt"/>
        <line num="1297" count="10" type="stmt"/>
        <line num="1298" count="10" type="cond" truecount="1" falsecount="1"/>
        <line num="1299" count="9" type="stmt"/>
        <line num="1301" count="10" type="cond" truecount="2" falsecount="0"/>
        <line num="1302" count="9" type="stmt"/>
        <line num="1306" count="9" type="stmt"/>
        <line num="1307" count="9" type="stmt"/>
        <line num="1308" count="9" type="stmt"/>
        <line num="1312" count="9" type="stmt"/>
        <line num="1313" count="9" type="stmt"/>
        <line num="1317" count="10" type="stmt"/>
        <line num="1318" count="10" type="stmt"/>
        <line num="1325" count="10" type="stmt"/>
        <line num="1326" count="10" type="stmt"/>
        <line num="1328" count="0" type="stmt"/>
        <line num="1329" count="0" type="stmt"/>
        <line num="1341" count="199" type="cond" truecount="3" falsecount="0"/>
        <line num="1342" count="198" type="stmt"/>
        <line num="1343" count="198" type="cond" truecount="4" falsecount="1"/>
        <line num="1344" count="0" type="stmt"/>
        <line num="1345" count="0" type="cond" truecount="0" falsecount="2"/>
        <line num="1347" count="198" type="stmt"/>
        <line num="1378" count="113" type="stmt"/>
        <line num="1389" count="53" type="stmt"/>
      </file>
    </package>
    <package name="middleware">
      <metrics statements="357" coveredstatements="355" conditionals="251" coveredconditionals="242" methods="54" coveredmethods="54"/>
      <file name="cache.js" path="C:\Users\asus\Documents\EasyApp\Backend\middleware\cache.js">
        <metrics statements="67" coveredstatements="67" conditionals="28" coveredconditionals="25" methods="15" coveredmethods="15"/>
        <line num="1" count="54" type="stmt"/>
        <line num="2" count="54" type="stmt"/>
        <line num="4" count="54" type="stmt"/>
        <line num="5" count="54" type="stmt"/>
        <line num="11" count="84" type="stmt"/>
        <line num="12" count="84" type="cond" truecount="1" falsecount="1"/>
        <line num="14" count="84" type="stmt"/>
        <line num="18" count="4" type="cond" truecount="2" falsecount="0"/>
        <line num="19" count="1" type="stmt"/>
        <line num="20" count="1" type="stmt"/>
        <line num="22" count="3" type="stmt"/>
        <line num="27" count="84" type="stmt"/>
        <line num="29" count="2" type="cond" truecount="2" falsecount="0"/>
        <line num="32" count="1" type="stmt"/>
        <line num="34" count="2" type="stmt"/>
        <line num="37" count="84" type="stmt"/>
        <line num="38" count="54" type="stmt"/>
        <line num="41" count="84" type="stmt"/>
        <line num="42" count="75" type="stmt"/>
        <line num="43" count="75" type="stmt"/>
        <line num="46" count="84" type="stmt"/>
        <line num="47" count="3" type="stmt"/>
        <line num="48" count="3" type="stmt"/>
        <line num="51" count="84" type="stmt"/>
        <line num="53" count="83" type="stmt"/>
        <line num="55" count="1" type="stmt"/>
        <line num="56" count="1" type="stmt"/>
        <line num="57" count="1" type="stmt"/>
        <line num="65" count="2" type="cond" truecount="2" falsecount="0"/>
        <line num="72" count="129" type="cond" truecount="2" falsecount="0"/>
        <line num="81" count="117" type="stmt"/>
        <line num="83" count="62" type="cond" truecount="2" falsecount="0"/>
        <line num="84" count="1" type="stmt"/>
        <line num="87" count="61" type="stmt"/>
        <line num="89" count="61" type="cond" truecount="2" falsecount="0"/>
        <line num="94" count="61" type="stmt"/>
        <line num="96" count="60" type="cond" truecount="2" falsecount="0"/>
        <line num="97" count="25" type="stmt"/>
        <line num="98" count="25" type="stmt"/>
        <line num="101" count="35" type="stmt"/>
        <line num="104" count="35" type="stmt"/>
        <line num="107" count="35" type="stmt"/>
        <line num="109" count="30" type="stmt"/>
        <line num="111" count="1" type="stmt"/>
        <line num="114" count="30" type="stmt"/>
        <line num="117" count="35" type="stmt"/>
        <line num="119" count="1" type="stmt"/>
        <line num="120" count="1" type="stmt"/>
        <line num="130" count="4" type="cond" truecount="2" falsecount="0"/>
        <line num="131" count="1" type="stmt"/>
        <line num="134" count="3" type="stmt"/>
        <line num="135" count="3" type="stmt"/>
        <line num="136" count="2" type="cond" truecount="2" falsecount="0"/>
        <line num="137" count="1" type="stmt"/>
        <line num="138" count="1" type="stmt"/>
        <line num="141" count="1" type="stmt"/>
        <line num="149" count="3" type="cond" truecount="2" falsecount="0"/>
        <line num="150" count="1" type="stmt"/>
        <line num="153" count="2" type="stmt"/>
        <line num="154" count="2" type="stmt"/>
        <line num="155" count="1" type="stmt"/>
        <line num="157" count="1" type="stmt"/>
        <line num="165" count="35" type="cond" truecount="1" falsecount="1"/>
        <line num="166" count="35" type="stmt"/>
        <line num="167" count="35" type="stmt"/>
        <line num="168" count="35" type="stmt"/>
        <line num="172" count="54" type="stmt"/>
      </file>
      <file name="cdn.js" path="C:\Users\asus\Documents\EasyApp\Backend\middleware\cdn.js">
        <metrics statements="55" coveredstatements="55" conditionals="41" coveredconditionals="41" methods="14" coveredmethods="14"/>
        <line num="6" count="54" type="stmt"/>
        <line num="28" count="58" type="stmt"/>
        <line num="29" count="19" type="cond" truecount="2" falsecount="0"/>
        <line num="31" count="19" type="cond" truecount="2" falsecount="0"/>
        <line num="32" count="17" type="stmt"/>
        <line num="37" count="2" type="stmt"/>
        <line num="44" count="19" type="stmt"/>
        <line num="52" count="56" type="cond" truecount="2" falsecount="0"/>
        <line num="55" count="51" type="cond" truecount="4" falsecount="0"/>
        <line num="56" count="2" type="stmt"/>
        <line num="60" count="49" type="cond" truecount="2" falsecount="0"/>
        <line num="62" count="47" type="cond" truecount="2" falsecount="0"/>
        <line num="63" count="47" type="stmt"/>
        <line num="67" count="2" type="cond" truecount="2" falsecount="0"/>
        <line num="68" count="1" type="stmt"/>
        <line num="72" count="1" type="stmt"/>
        <line num="79" count="2" type="stmt"/>
        <line num="81" count="2" type="stmt"/>
        <line num="84" count="2" type="stmt"/>
        <line num="85" count="2" type="stmt"/>
        <line num="86" count="2" type="stmt"/>
        <line num="89" count="2" type="stmt"/>
        <line num="90" count="2" type="stmt"/>
        <line num="92" count="2" type="stmt"/>
        <line num="100" count="10" type="stmt"/>
        <line num="101" count="6" type="stmt"/>
        <line num="103" count="6" type="stmt"/>
        <line num="105" count="8" type="stmt"/>
        <line num="106" count="8" type="stmt"/>
        <line num="109" count="6" type="stmt"/>
        <line num="117" count="11" type="cond" truecount="4" falsecount="0"/>
        <line num="118" count="3" type="stmt"/>
        <line num="121" count="8" type="cond" truecount="2" falsecount="0"/>
        <line num="122" count="1" type="stmt"/>
        <line num="125" count="7" type="stmt"/>
        <line num="126" count="7" type="stmt"/>
        <line num="128" count="12" type="cond" truecount="2" falsecount="0"/>
        <line num="138" count="6" type="stmt"/>
        <line num="139" count="6" type="cond" truecount="2" falsecount="0"/>
        <line num="140" count="1" type="stmt"/>
        <line num="142" count="5" type="stmt"/>
        <line num="146" count="7" type="stmt"/>
        <line num="153" count="1" type="stmt"/>
        <line num="155" count="1" type="stmt"/>
        <line num="158" count="1" type="stmt"/>
        <line num="161" count="1" type="stmt"/>
        <line num="163" count="1" type="stmt"/>
        <line num="171" count="3" type="stmt"/>
        <line num="183" count="4" type="stmt"/>
        <line num="185" count="4" type="stmt"/>
        <line num="188" count="4" type="cond" truecount="4" falsecount="0"/>
        <line num="189" count="3" type="stmt"/>
        <line num="190" count="3" type="cond" truecount="2" falsecount="0"/>
        <line num="193" count="4" type="stmt"/>
        <line num="197" count="54" type="stmt"/>
      </file>
      <file name="couponValidation.js" path="C:\Users\asus\Documents\EasyApp\Backend\middleware\couponValidation.js">
        <metrics statements="62" coveredstatements="61" conditionals="65" coveredconditionals="62" methods="6" coveredmethods="6"/>
        <line num="1" count="3" type="stmt"/>
        <line num="2" count="3" type="stmt"/>
        <line num="17" count="41" type="stmt"/>
        <line num="18" count="41" type="stmt"/>
        <line num="21" count="41" type="cond" truecount="2" falsecount="0"/>
        <line num="22" count="2" type="stmt"/>
        <line num="27" count="2" type="stmt"/>
        <line num="31" count="39" type="stmt"/>
        <line num="32" count="37" type="cond" truecount="5" falsecount="0"/>
        <line num="33" count="3" type="stmt"/>
        <line num="40" count="34" type="stmt"/>
        <line num="41" count="55" type="stmt"/>
        <line num="44" count="34" type="cond" truecount="2" falsecount="0"/>
        <line num="45" count="2" type="stmt"/>
        <line num="52" count="32" type="cond" truecount="2" falsecount="0"/>
        <line num="53" count="2" type="stmt"/>
        <line num="60" count="30" type="stmt"/>
        <line num="61" count="30" type="cond" truecount="4" falsecount="0"/>
        <line num="62" count="2" type="stmt"/>
        <line num="68" count="28" type="cond" truecount="4" falsecount="0"/>
        <line num="69" count="2" type="stmt"/>
        <line num="76" count="26" type="cond" truecount="2" falsecount="0"/>
        <line num="81" count="3" type="stmt"/>
        <line num="88" count="23" type="cond" truecount="2" falsecount="0"/>
        <line num="89" count="15" type="cond" truecount="1" falsecount="1"/>
        <line num="90" count="5" type="stmt"/>
        <line num="93" count="15" type="cond" truecount="2" falsecount="0"/>
        <line num="94" count="4" type="cond" truecount="1" falsecount="1"/>
        <line num="95" count="4" type="cond" truecount="2" falsecount="0"/>
        <line num="96" count="2" type="stmt"/>
        <line num="106" count="21" type="cond" truecount="5" falsecount="0"/>
        <line num="107" count="2" type="stmt"/>
        <line num="114" count="19" type="cond" truecount="2" falsecount="0"/>
        <line num="120" count="2" type="stmt"/>
        <line num="129" count="17" type="cond" truecount="2" falsecount="0"/>
        <line num="132" count="17" type="stmt"/>
        <line num="141" count="17" type="stmt"/>
        <line num="145" count="17" type="stmt"/>
        <line num="147" count="2" type="stmt"/>
        <line num="148" count="2" type="stmt"/>
        <line num="164" count="20" type="stmt"/>
        <line num="165" count="20" type="cond" truecount="2" falsecount="0"/>
        <line num="167" count="14" type="stmt"/>
        <line num="168" count="13" type="cond" truecount="4" falsecount="0"/>
        <line num="170" count="11" type="stmt"/>
        <line num="171" count="16" type="stmt"/>
        <line num="173" count="11" type="cond" truecount="2" falsecount="0"/>
        <line num="176" count="9" type="cond" truecount="2" falsecount="0"/>
        <line num="177" count="9" type="stmt"/>
        <line num="180" count="9" type="cond" truecount="2" falsecount="0"/>
        <line num="181" count="8" type="cond" truecount="1" falsecount="1"/>
        <line num="182" count="0" type="stmt"/>
        <line num="185" count="8" type="stmt"/>
        <line num="186" count="3" type="stmt"/>
        <line num="189" count="8" type="cond" truecount="2" falsecount="0"/>
        <line num="191" count="3" type="stmt"/>
        <line num="192" count="3" type="stmt"/>
        <line num="195" count="5" type="stmt"/>
        <line num="203" count="9" type="stmt"/>
        <line num="205" count="8" type="stmt"/>
        <line num="209" count="2" type="stmt"/>
        <line num="214" count="3" type="stmt"/>
      </file>
      <file name="imageOptimization.js" path="C:\Users\asus\Documents\EasyApp\Backend\middleware\imageOptimization.js">
        <metrics statements="71" coveredstatements="71" conditionals="56" coveredconditionals="56" methods="7" coveredmethods="7"/>
        <line num="1" count="54" type="stmt"/>
        <line num="2" count="54" type="stmt"/>
        <line num="3" count="54" type="stmt"/>
        <line num="10" count="54" type="stmt"/>
        <line num="30" count="68" type="stmt"/>
        <line num="32" count="68" type="stmt"/>
        <line num="33" count="68" type="stmt"/>
        <line num="36" count="67" type="stmt"/>
        <line num="42" count="67" type="cond" truecount="5" falsecount="0"/>
        <line num="45" count="59" type="stmt"/>
        <line num="50" count="59" type="stmt"/>
        <line num="52" count="1" type="stmt"/>
        <line num="57" count="1" type="stmt"/>
        <line num="59" count="6" type="stmt"/>
        <line num="63" count="6" type="stmt"/>
        <line num="66" count="1" type="stmt"/>
        <line num="70" count="67" type="stmt"/>
        <line num="72" count="67" type="stmt"/>
        <line num="74" count="5" type="stmt"/>
        <line num="75" count="5" type="stmt"/>
        <line num="86" count="4" type="stmt"/>
        <line num="87" count="4" type="stmt"/>
        <line num="89" count="4" type="stmt"/>
        <line num="90" count="13" type="stmt"/>
        <line num="96" count="3" type="stmt"/>
        <line num="98" count="1" type="stmt"/>
        <line num="99" count="1" type="stmt"/>
        <line num="108" count="6" type="stmt"/>
        <line num="109" count="6" type="stmt"/>
        <line num="111" count="6" type="cond" truecount="4" falsecount="0"/>
        <line num="112" count="1" type="stmt"/>
        <line num="115" count="5" type="cond" truecount="2" falsecount="0"/>
        <line num="116" count="5" type="stmt"/>
        <line num="118" count="5" type="stmt"/>
        <line num="120" count="7" type="cond" truecount="2" falsecount="0"/>
        <line num="121" count="1" type="stmt"/>
        <line num="122" count="1" type="stmt"/>
        <line num="126" count="6" type="stmt"/>
        <line num="129" count="5" type="stmt"/>
        <line num="137" count="5" type="stmt"/>
        <line num="140" count="5" type="stmt"/>
        <line num="141" count="5" type="stmt"/>
        <line num="143" count="5" type="stmt"/>
        <line num="145" count="5" type="stmt"/>
        <line num="153" count="4" type="cond" truecount="2" falsecount="0"/>
        <line num="154" count="2" type="stmt"/>
        <line num="156" count="2" type="stmt"/>
        <line num="159" count="4" type="stmt"/>
        <line num="161" count="1" type="stmt"/>
        <line num="163" count="1" type="stmt"/>
        <line num="178" count="9" type="stmt"/>
        <line num="180" count="9" type="stmt"/>
        <line num="181" count="9" type="stmt"/>
        <line num="182" count="9" type="cond" truecount="4" falsecount="0"/>
        <line num="183" count="1" type="stmt"/>
        <line num="186" count="8" type="cond" truecount="2" falsecount="0"/>
        <line num="188" count="8" type="stmt"/>
        <line num="189" count="9" type="cond" truecount="2" falsecount="0"/>
        <line num="190" count="1" type="stmt"/>
        <line num="194" count="8" type="cond" truecount="2" falsecount="0"/>
        <line num="195" count="1" type="stmt"/>
        <line num="203" count="7" type="stmt"/>
        <line num="205" count="6" type="cond" truecount="4" falsecount="0"/>
        <line num="206" count="1" type="stmt"/>
        <line num="211" count="5" type="cond" truecount="4" falsecount="0"/>
        <line num="212" count="1" type="stmt"/>
        <line num="218" count="4" type="stmt"/>
        <line num="220" count="1" type="stmt"/>
        <line num="221" count="1" type="stmt"/>
        <line num="230" count="2" type="stmt"/>
        <line num="233" count="54" type="stmt"/>
      </file>
      <file name="pagination.js" path="C:\Users\asus\Documents\EasyApp\Backend\middleware\pagination.js">
        <metrics statements="18" coveredstatements="18" conditionals="15" coveredconditionals="15" methods="4" coveredmethods="4"/>
        <line num="20" count="114" type="cond" truecount="2" falsecount="0"/>
        <line num="22" count="114" type="stmt"/>
        <line num="24" count="57" type="cond" truecount="2" falsecount="0"/>
        <line num="25" count="57" type="stmt"/>
        <line num="28" count="57" type="cond" truecount="2" falsecount="0"/>
        <line num="29" count="57" type="stmt"/>
        <line num="32" count="57" type="stmt"/>
        <line num="35" count="57" type="stmt"/>
        <line num="41" count="57" type="stmt"/>
        <line num="54" count="30" type="stmt"/>
        <line num="55" count="30" type="stmt"/>
        <line num="56" count="30" type="stmt"/>
        <line num="58" count="30" type="stmt"/>
        <line num="78" count="5" type="stmt"/>
        <line num="79" count="5" type="stmt"/>
        <line num="80" count="5" type="stmt"/>
        <line num="82" count="5" type="stmt"/>
        <line num="94" count="54" type="stmt"/>
      </file>
      <file name="validation.js" path="C:\Users\asus\Documents\EasyApp\Backend\middleware\validation.js">
        <metrics statements="43" coveredstatements="42" conditionals="22" coveredconditionals="19" methods="6" coveredmethods="6"/>
        <line num="1" count="54" type="stmt"/>
        <line num="8" count="54" type="stmt"/>
        <line num="9" count="159" type="stmt"/>
        <line num="10" count="94" type="stmt"/>
        <line num="15" count="94" type="cond" truecount="2" falsecount="0"/>
        <line num="16" count="39" type="stmt"/>
        <line num="21" count="27" type="stmt"/>
        <line num="27" count="67" type="stmt"/>
        <line num="36" count="54" type="stmt"/>
        <line num="89" count="54" type="stmt"/>
        <line num="104" count="54" type="stmt"/>
        <line num="116" count="54" type="stmt"/>
        <line num="131" count="54" type="stmt"/>
        <line num="138" count="54" type="stmt"/>
        <line num="152" count="54" type="stmt"/>
        <line num="160" count="54" type="stmt"/>
        <line num="169" count="54" type="stmt"/>
        <line num="176" count="54" type="stmt"/>
        <line num="196" count="54" type="stmt"/>
        <line num="208" count="530" type="cond" truecount="1" falsecount="1"/>
        <line num="211" count="530" type="stmt"/>
        <line num="214" count="530" type="stmt"/>
        <line num="219" count="530" type="stmt"/>
        <line num="224" count="641" type="cond" truecount="3" falsecount="1"/>
        <line num="225" count="0" type="stmt"/>
        <line num="228" count="641" type="cond" truecount="2" falsecount="0"/>
        <line num="230" count="641" type="stmt"/>
        <line num="232" count="1063" type="cond" truecount="2" falsecount="0"/>
        <line num="234" count="1046" type="cond" truecount="2" falsecount="0"/>
        <line num="235" count="530" type="stmt"/>
        <line num="236" count="516" type="cond" truecount="2" falsecount="0"/>
        <line num="237" count="290" type="stmt"/>
        <line num="239" count="226" type="stmt"/>
        <line num="243" count="641" type="stmt"/>
        <line num="247" count="54" type="stmt"/>
        <line num="248" count="116" type="cond" truecount="1" falsecount="1"/>
        <line num="249" count="116" type="stmt"/>
        <line num="251" count="116" type="cond" truecount="2" falsecount="0"/>
        <line num="252" count="115" type="stmt"/>
        <line num="254" count="116" type="cond" truecount="2" falsecount="0"/>
        <line num="255" count="115" type="stmt"/>
        <line num="257" count="116" type="stmt"/>
        <line num="264" count="54" type="stmt"/>
      </file>
      <file name="verifyFirebaseToken.js" path="C:\Users\asus\Documents\EasyApp\Backend\middleware\verifyFirebaseToken.js">
        <metrics statements="41" coveredstatements="41" conditionals="24" coveredconditionals="24" methods="2" coveredmethods="2"/>
        <line num="8" count="54" type="stmt"/>
        <line num="16" count="129" type="stmt"/>
        <line num="18" count="129" type="cond" truecount="2" falsecount="0"/>
        <line num="19" count="4" type="stmt"/>
        <line num="20" count="4" type="stmt"/>
        <line num="27" count="125" type="stmt"/>
        <line num="28" count="125" type="cond" truecount="4" falsecount="0"/>
        <line num="29" count="18" type="stmt"/>
        <line num="35" count="107" type="stmt"/>
        <line num="36" count="107" type="cond" truecount="2" falsecount="0"/>
        <line num="37" count="2" type="stmt"/>
        <line num="44" count="105" type="stmt"/>
        <line num="47" count="89" type="stmt"/>
        <line num="55" count="88" type="stmt"/>
        <line num="57" count="88" type="stmt"/>
        <line num="63" count="88" type="stmt"/>
        <line num="65" count="17" type="stmt"/>
        <line num="68" count="17" type="cond" truecount="2" falsecount="0"/>
        <line num="69" count="2" type="stmt"/>
        <line num="75" count="15" type="cond" truecount="2" falsecount="0"/>
        <line num="76" count="2" type="stmt"/>
        <line num="82" count="13" type="cond" truecount="2" falsecount="0"/>
        <line num="83" count="2" type="stmt"/>
        <line num="89" count="11" type="stmt"/>
        <line num="104" count="13" type="stmt"/>
        <line num="105" count="13" type="cond" truecount="2" falsecount="0"/>
        <line num="106" count="2" type="stmt"/>
        <line num="109" count="11" type="stmt"/>
        <line num="110" count="11" type="cond" truecount="4" falsecount="0"/>
        <line num="111" count="5" type="stmt"/>
        <line num="114" count="6" type="stmt"/>
        <line num="115" count="6" type="cond" truecount="2" falsecount="0"/>
        <line num="116" count="1" type="stmt"/>
        <line num="119" count="5" type="stmt"/>
        <line num="120" count="3" type="stmt"/>
        <line num="126" count="2" type="stmt"/>
        <line num="128" count="2" type="stmt"/>
        <line num="131" count="3" type="stmt"/>
        <line num="132" count="3" type="stmt"/>
        <line num="136" count="54" type="stmt"/>
        <line num="137" count="54" type="stmt"/>
      </file>
    </package>
    <package name="routes">
      <metrics statements="3998" coveredstatements="3689" conditionals="3128" coveredconditionals="2542" methods="357" coveredmethods="332"/>
      <file name="admin.js" path="C:\Users\asus\Documents\EasyApp\Backend\routes\admin.js">
        <metrics statements="1415" coveredstatements="1292" conditionals="1069" coveredconditionals="877" methods="132" coveredmethods="123"/>
        <line num="1" count="53" type="stmt"/>
        <line num="2" count="53" type="stmt"/>
        <line num="3" count="53" type="stmt"/>
        <line num="4" count="53" type="stmt"/>
        <line num="5" count="53" type="stmt"/>
        <line num="6" count="53" type="stmt"/>
        <line num="7" count="53" type="stmt"/>
        <line num="8" count="53" type="stmt"/>
        <line num="12" count="640" type="stmt"/>
        <line num="13" count="640" type="cond" truecount="1" falsecount="1"/>
        <line num="14" count="0" type="stmt"/>
        <line num="16" count="640" type="stmt"/>
        <line num="35" count="53" type="stmt"/>
        <line num="41" count="53" type="stmt"/>
        <line num="46" count="53" type="stmt"/>
        <line num="49" count="53" type="stmt"/>
        <line num="58" count="53" type="stmt"/>
        <line num="60" count="726" type="stmt"/>
        <line num="61" count="726" type="stmt"/>
        <line num="62" count="726" type="stmt"/>
        <line num="63" count="726" type="stmt"/>
        <line num="64" count="726" type="stmt"/>
        <line num="65" count="726" type="stmt"/>
        <line num="68" count="726" type="stmt"/>
        <line num="69" count="722" type="cond" truecount="1" falsecount="1"/>
        <line num="70" count="0" type="stmt"/>
        <line num="71" count="0" type="cond" truecount="0" falsecount="3"/>
        <line num="72" count="0" type="stmt"/>
        <line num="78" count="726" type="stmt"/>
        <line num="82" count="53" type="stmt"/>
        <line num="83" count="53" type="stmt"/>
        <line num="86" count="53" type="stmt"/>
        <line num="96" count="53" type="stmt"/>
        <line num="106" count="53" type="stmt"/>
        <line num="118" count="53" type="stmt"/>
        <line num="119" count="13" type="stmt"/>
        <line num="120" count="13" type="stmt"/>
        <line num="122" count="13" type="cond" truecount="4" falsecount="0"/>
        <line num="123" count="3" type="stmt"/>
        <line num="127" count="10" type="stmt"/>
        <line num="128" count="10" type="cond" truecount="2" falsecount="0"/>
        <line num="129" count="2" type="stmt"/>
        <line num="133" count="8" type="stmt"/>
        <line num="134" count="8" type="cond" truecount="4" falsecount="1"/>
        <line num="136" count="0" type="stmt"/>
        <line num="137" count="0" type="stmt"/>
        <line num="138" count="0" type="stmt"/>
        <line num="140" count="8" type="cond" truecount="2" falsecount="0"/>
        <line num="141" count="3" type="stmt"/>
        <line num="145" count="5" type="stmt"/>
        <line num="155" count="5" type="stmt"/>
        <line num="166" count="0" type="stmt"/>
        <line num="167" count="0" type="stmt"/>
        <line num="172" count="53" type="stmt"/>
        <line num="173" count="6" type="stmt"/>
        <line num="174" count="6" type="stmt"/>
        <line num="177" count="6" type="cond" truecount="4" falsecount="0"/>
        <line num="178" count="2" type="stmt"/>
        <line num="183" count="4" type="cond" truecount="2" falsecount="0"/>
        <line num="184" count="1" type="stmt"/>
        <line num="189" count="3" type="cond" truecount="2" falsecount="0"/>
        <line num="190" count="1" type="stmt"/>
        <line num="196" count="2" type="stmt"/>
        <line num="197" count="2" type="cond" truecount="1" falsecount="1"/>
        <line num="198" count="0" type="stmt"/>
        <line num="201" count="2" type="stmt"/>
        <line num="202" count="2" type="cond" truecount="1" falsecount="1"/>
        <line num="203" count="0" type="stmt"/>
        <line num="207" count="2" type="stmt"/>
        <line num="208" count="2" type="cond" truecount="2" falsecount="0"/>
        <line num="209" count="1" type="stmt"/>
        <line num="213" count="1" type="stmt"/>
        <line num="214" count="1" type="stmt"/>
        <line num="216" count="1" type="stmt"/>
        <line num="221" count="0" type="stmt"/>
        <line num="222" count="0" type="stmt"/>
        <line num="232" count="707" type="stmt"/>
        <line num="233" count="707" type="stmt"/>
        <line num="234" count="707" type="stmt"/>
        <line num="235" count="707" type="cond" truecount="2" falsecount="0"/>
        <line num="237" count="707" type="cond" truecount="4" falsecount="0"/>
        <line num="238" count="635" type="stmt"/>
        <line num="241" count="635" type="stmt"/>
        <line num="242" count="635" type="stmt"/>
        <line num="243" count="628" type="cond" truecount="2" falsecount="0"/>
        <line num="244" count="626" type="stmt"/>
        <line num="245" count="626" type="stmt"/>
        <line num="249" count="7" type="cond" truecount="1" falsecount="1"/>
        <line num="250" count="7" type="stmt"/>
        <line num="253" count="7" type="stmt"/>
        <line num="257" count="81" type="cond" truecount="4" falsecount="0"/>
        <line num="258" count="3" type="stmt"/>
        <line num="262" count="81" type="stmt"/>
        <line num="263" count="81" type="cond" truecount="1" falsecount="1"/>
        <line num="264" count="0" type="stmt"/>
        <line num="265" count="0" type="cond" truecount="0" falsecount="2"/>
        <line num="266" count="0" type="stmt"/>
        <line num="269" count="0" type="cond" truecount="0" falsecount="2"/>
        <line num="270" count="0" type="stmt"/>
        <line num="276" count="0" type="stmt"/>
        <line num="283" count="81" type="cond" truecount="6" falsecount="0"/>
        <line num="284" count="6" type="cond" truecount="2" falsecount="0"/>
        <line num="285" count="6" type="stmt"/>
        <line num="288" count="75" type="stmt"/>
        <line num="293" count="91" type="cond" truecount="2" falsecount="0"/>
        <line num="294" count="91" type="cond" truecount="2" falsecount="0"/>
        <line num="295" count="91" type="stmt"/>
        <line num="296" count="91" type="stmt"/>
        <line num="301" count="42" type="stmt"/>
        <line num="302" count="42" type="cond" truecount="2" falsecount="0"/>
        <line num="305" count="42" type="cond" truecount="2" falsecount="0"/>
        <line num="306" count="42" type="cond" truecount="1" falsecount="1"/>
        <line num="307" count="0" type="stmt"/>
        <line num="308" count="42" type="cond" truecount="1" falsecount="1"/>
        <line num="309" count="42" type="stmt"/>
        <line num="314" count="53" type="stmt"/>
        <line num="315" count="12" type="stmt"/>
        <line num="316" count="12" type="stmt"/>
        <line num="317" count="12" type="stmt"/>
        <line num="322" count="12" type="stmt"/>
        <line num="374" count="11" type="cond" truecount="4" falsecount="0"/>
        <line num="378" count="11" type="stmt"/>
        <line num="379" count="11" type="cond" truecount="1" falsecount="1"/>
        <line num="380" count="10" type="stmt"/>
        <line num="383" count="10" type="stmt"/>
        <line num="385" count="11" type="stmt"/>
        <line num="386" count="11" type="stmt"/>
        <line num="387" count="11" type="stmt"/>
        <line num="388" count="84170" type="stmt"/>
        <line num="389" count="84170" type="cond" truecount="2" falsecount="0"/>
        <line num="390" count="84170" type="stmt"/>
        <line num="391" count="84170" type="stmt"/>
        <line num="395" count="11" type="stmt"/>
        <line num="396" count="11" type="cond" truecount="2" falsecount="0"/>
        <line num="397" count="7" type="stmt"/>
        <line num="398" count="6" type="stmt"/>
        <line num="401" count="7" type="stmt"/>
        <line num="402" count="7" type="stmt"/>
        <line num="410" count="11" type="stmt"/>
        <line num="421" count="1" type="stmt"/>
        <line num="422" count="1" type="stmt"/>
        <line num="427" count="53" type="stmt"/>
        <line num="428" count="13" type="stmt"/>
        <line num="429" count="13" type="stmt"/>
        <line num="430" count="13" type="stmt"/>
        <line num="431" count="13" type="stmt"/>
        <line num="434" count="12" type="stmt"/>
        <line num="435" count="12" type="stmt"/>
        <line num="436" count="29" type="stmt"/>
        <line num="437" count="29" type="cond" truecount="2" falsecount="0"/>
        <line num="438" count="29" type="stmt"/>
        <line num="440" count="12" type="stmt"/>
        <line num="441" count="12" type="stmt"/>
        <line num="442" count="11" type="stmt"/>
        <line num="443" count="18" type="stmt"/>
        <line num="446" count="11" type="stmt"/>
        <line num="447" count="6" type="stmt"/>
        <line num="448" count="6" type="stmt"/>
        <line num="449" count="6" type="cond" truecount="1" falsecount="1"/>
        <line num="450" count="6" type="stmt"/>
        <line num="456" count="6" type="stmt"/>
        <line num="460" count="11" type="stmt"/>
        <line num="461" count="29" type="cond" truecount="4" falsecount="0"/>
        <line num="462" count="4" type="stmt"/>
        <line num="471" count="11" type="stmt"/>
        <line num="472" count="29" type="cond" truecount="2" falsecount="0"/>
        <line num="474" count="11" type="cond" truecount="4" falsecount="0"/>
        <line num="475" count="3" type="stmt"/>
        <line num="483" count="12" type="stmt"/>
        <line num="485" count="1" type="stmt"/>
        <line num="486" count="1" type="stmt"/>
        <line num="491" count="53" type="stmt"/>
        <line num="492" count="17" type="stmt"/>
        <line num="493" count="17" type="stmt"/>
        <line num="494" count="17" type="stmt"/>
        <line num="498" count="17" type="stmt"/>
        <line num="499" count="17" type="stmt"/>
        <line num="500" count="17" type="stmt"/>
        <line num="504" count="17" type="stmt"/>
        <line num="526" count="16" type="cond" truecount="2" falsecount="0"/>
        <line num="527" count="16" type="cond" truecount="2" falsecount="0"/>
        <line num="528" count="16" type="stmt"/>
        <line num="529" count="16" type="cond" truecount="4" falsecount="0"/>
        <line num="530" count="5" type="stmt"/>
        <line num="540" count="16" type="stmt"/>
        <line num="544" count="15" type="cond" truecount="2" falsecount="0"/>
        <line num="545" count="15" type="cond" truecount="4" falsecount="0"/>
        <line num="546" count="3" type="stmt"/>
        <line num="555" count="15" type="stmt"/>
        <line num="556" count="15" type="stmt"/>
        <line num="557" count="8" type="stmt"/>
        <line num="562" count="8" type="cond" truecount="2" falsecount="0"/>
        <line num="563" count="7" type="stmt"/>
        <line num="566" count="15" type="stmt"/>
        <line num="572" count="2" type="stmt"/>
        <line num="573" count="2" type="stmt"/>
        <line num="577" count="53" type="stmt"/>
        <line num="578" count="9" type="stmt"/>
        <line num="579" count="9" type="stmt"/>
        <line num="580" count="9" type="stmt"/>
        <line num="581" count="9" type="cond" truecount="2" falsecount="0"/>
        <line num="582" count="9" type="stmt"/>
        <line num="590" count="8" type="stmt"/>
        <line num="592" count="1" type="stmt"/>
        <line num="593" count="1" type="stmt"/>
        <line num="597" count="53" type="stmt"/>
        <line num="598" count="8" type="stmt"/>
        <line num="599" count="8" type="stmt"/>
        <line num="600" count="8" type="cond" truecount="2" falsecount="0"/>
        <line num="601" count="2" type="stmt"/>
        <line num="602" count="6" type="stmt"/>
        <line num="607" count="5" type="cond" truecount="2" falsecount="0"/>
        <line num="608" count="3" type="stmt"/>
        <line num="610" count="1" type="stmt"/>
        <line num="611" count="1" type="stmt"/>
        <line num="616" count="53" type="stmt"/>
        <line num="617" count="30" type="stmt"/>
        <line num="618" count="30" type="stmt"/>
        <line num="619" count="30" type="stmt"/>
        <line num="620" count="30" type="stmt"/>
        <line num="621" count="30" type="cond" truecount="2" falsecount="0"/>
        <line num="622" count="3" type="stmt"/>
        <line num="623" count="3" type="stmt"/>
        <line num="630" count="30" type="stmt"/>
        <line num="641" count="29" type="stmt"/>
        <line num="642" count="29" type="stmt"/>
        <line num="643" count="10" type="cond" truecount="2" falsecount="0"/>
        <line num="645" count="29" type="stmt"/>
        <line num="646" count="10" type="cond" truecount="1" falsecount="1"/>
        <line num="648" count="29" type="stmt"/>
        <line num="670" count="28" type="stmt"/>
        <line num="671" count="28" type="stmt"/>
        <line num="672" count="1" type="stmt"/>
        <line num="673" count="2" type="stmt"/>
        <line num="675" count="28" type="stmt"/>
        <line num="676" count="28" type="stmt"/>
        <line num="677" count="1" type="stmt"/>
        <line num="678" count="2" type="stmt"/>
        <line num="680" count="28" type="stmt"/>
        <line num="681" count="9" type="stmt"/>
        <line num="682" count="9" type="stmt"/>
        <line num="684" count="9" type="stmt"/>
        <line num="685" count="9" type="stmt"/>
        <line num="686" count="9" type="stmt"/>
        <line num="687" count="9" type="stmt"/>
        <line num="688" count="9" type="cond" truecount="2" falsecount="0"/>
        <line num="689" count="1" type="cond" truecount="1" falsecount="1"/>
        <line num="690" count="1" type="stmt"/>
        <line num="693" count="9" type="cond" truecount="2" falsecount="0"/>
        <line num="695" count="1" type="cond" truecount="1" falsecount="1"/>
        <line num="696" count="0" type="stmt"/>
        <line num="698" count="9" type="stmt"/>
        <line num="699" count="9" type="stmt"/>
        <line num="700" count="9" type="cond" truecount="2" falsecount="0"/>
        <line num="701" count="1" type="stmt"/>
        <line num="702" count="1" type="stmt"/>
        <line num="705" count="9" type="cond" truecount="2" falsecount="0"/>
        <line num="706" count="9" type="stmt"/>
        <line num="709" count="1" type="stmt"/>
        <line num="712" count="29" type="stmt"/>
        <line num="714" count="1" type="stmt"/>
        <line num="715" count="1" type="stmt"/>
        <line num="720" count="53" type="stmt"/>
        <line num="721" count="7" type="stmt"/>
        <line num="724" count="7" type="cond" truecount="3" falsecount="0"/>
        <line num="727" count="7" type="stmt"/>
        <line num="728" count="7" type="cond" truecount="2" falsecount="0"/>
        <line num="729" count="7" type="cond" truecount="2" falsecount="0"/>
        <line num="730" count="2" type="stmt"/>
        <line num="731" count="2" type="stmt"/>
        <line num="741" count="7" type="cond" truecount="3" falsecount="0"/>
        <line num="742" count="7" type="cond" truecount="2" falsecount="0"/>
        <line num="743" count="2" type="stmt"/>
        <line num="749" count="2" type="stmt"/>
        <line num="753" count="5" type="stmt"/>
        <line num="754" count="5" type="stmt"/>
        <line num="765" count="4" type="stmt"/>
        <line num="767" count="1" type="stmt"/>
        <line num="768" count="1" type="stmt"/>
        <line num="772" count="53" type="stmt"/>
        <line num="773" count="8" type="stmt"/>
        <line num="774" count="8" type="stmt"/>
        <line num="775" count="8" type="cond" truecount="2" falsecount="0"/>
        <line num="776" count="2" type="stmt"/>
        <line num="777" count="6" type="stmt"/>
        <line num="782" count="4" type="cond" truecount="2" falsecount="0"/>
        <line num="783" count="2" type="stmt"/>
        <line num="785" count="2" type="stmt"/>
        <line num="786" count="2" type="stmt"/>
        <line num="792" count="53" type="stmt"/>
        <line num="793" count="3" type="stmt"/>
        <line num="794" count="3" type="stmt"/>
        <line num="795" count="3" type="cond" truecount="2" falsecount="0"/>
        <line num="796" count="1" type="stmt"/>
        <line num="797" count="2" type="stmt"/>
        <line num="800" count="2" type="cond" truecount="2" falsecount="0"/>
        <line num="801" count="1" type="stmt"/>
        <line num="803" count="0" type="stmt"/>
        <line num="877" count="53" type="stmt"/>
        <line num="878" count="12" type="stmt"/>
        <line num="879" count="12" type="stmt"/>
        <line num="880" count="12" type="cond" truecount="2" falsecount="0"/>
        <line num="881" count="1" type="stmt"/>
        <line num="882" count="11" type="stmt"/>
        <line num="885" count="10" type="cond" truecount="2" falsecount="0"/>
        <line num="886" count="8" type="stmt"/>
        <line num="887" count="8" type="stmt"/>
        <line num="888" count="8" type="cond" truecount="4" falsecount="0"/>
        <line num="889" count="2" type="stmt"/>
        <line num="890" count="2" type="stmt"/>
        <line num="892" count="8" type="cond" truecount="5" falsecount="0"/>
        <line num="893" count="2" type="stmt"/>
        <line num="894" count="2" type="stmt"/>
        <line num="895" count="2" type="cond" truecount="2" falsecount="0"/>
        <line num="896" count="1" type="stmt"/>
        <line num="897" count="1" type="stmt"/>
        <line num="901" count="8" type="cond" truecount="2" falsecount="0"/>
        <line num="908" count="2" type="stmt"/>
        <line num="909" count="2" type="stmt"/>
        <line num="913" count="2" type="cond" truecount="1" falsecount="1"/>
        <line num="914" count="0" type="stmt"/>
        <line num="915" count="0" type="stmt"/>
        <line num="919" count="8" type="cond" truecount="2" falsecount="0"/>
        <line num="925" count="2" type="stmt"/>
        <line num="928" count="2" type="stmt"/>
        <line num="930" count="8" type="cond" truecount="2" falsecount="0"/>
        <line num="931" count="3" type="stmt"/>
        <line num="933" count="8" type="stmt"/>
        <line num="941" count="1" type="stmt"/>
        <line num="949" count="53" type="stmt"/>
        <line num="950" count="0" type="stmt"/>
        <line num="951" count="0" type="stmt"/>
        <line num="1006" count="53" type="stmt"/>
        <line num="1007" count="11" type="stmt"/>
        <line num="1008" count="11" type="stmt"/>
        <line num="1009" count="11" type="stmt"/>
        <line num="1010" count="11" type="cond" truecount="2" falsecount="0"/>
        <line num="1011" count="11" type="cond" truecount="2" falsecount="0"/>
        <line num="1012" count="11" type="cond" truecount="2" falsecount="0"/>
        <line num="1013" count="11" type="stmt"/>
        <line num="1014" count="11" type="stmt"/>
        <line num="1024" count="9" type="stmt"/>
        <line num="1026" count="2" type="stmt"/>
        <line num="1027" count="2" type="stmt"/>
        <line num="1033" count="5" type="stmt"/>
        <line num="1035" count="5" type="stmt"/>
        <line num="1036" count="5" type="cond" truecount="2" falsecount="0"/>
        <line num="1038" count="5" type="stmt"/>
        <line num="1039" count="5" type="cond" truecount="2" falsecount="0"/>
        <line num="1041" count="5" type="cond" truecount="2" falsecount="0"/>
        <line num="1042" count="5" type="stmt"/>
        <line num="1043" count="5" type="cond" truecount="2" falsecount="0"/>
        <line num="1044" count="5" type="stmt"/>
        <line num="1045" count="5" type="cond" truecount="2" falsecount="0"/>
        <line num="1046" count="5" type="cond" truecount="5" falsecount="0"/>
[...]
        <line num="186" count="7" type="stmt"/>
        <line num="187" count="7" type="stmt"/>
        <line num="189" count="7" type="stmt"/>
        <line num="191" count="5" type="stmt"/>
        <line num="195" count="5" type="stmt"/>
        <line num="201" count="2" type="stmt"/>
        <line num="202" count="2" type="stmt"/>
        <line num="210" count="53" type="stmt"/>
      </file>
    </package>
    <package name="services">
      <metrics statements="324" coveredstatements="306" conditionals="273" coveredconditionals="232" methods="41" coveredmethods="41"/>
      <file name="geocode.js" path="C:\Users\asus\Documents\EasyApp\Backend\services\geocode.js">
        <metrics statements="41" coveredstatements="41" conditionals="29" coveredconditionals="26" methods="7" coveredmethods="7"/>
        <line num="1" count="47" type="stmt"/>
        <line num="3" count="47" type="cond" truecount="1" falsecount="1"/>
        <line num="4" count="47" type="cond" truecount="1" falsecount="1"/>
        <line num="7" count="47" type="stmt"/>
        <line num="8" count="47" type="stmt"/>
        <line num="10" count="47" type="stmt"/>
        <line num="13" count="31" type="stmt"/>
        <line num="14" count="31" type="stmt"/>
        <line num="16" count="30" type="stmt"/>
        <line num="17" count="30" type="stmt"/>
        <line num="18" count="30" type="stmt"/>
        <line num="19" count="30" type="stmt"/>
        <line num="20" count="30" type="stmt"/>
        <line num="22" count="1" type="stmt"/>
        <line num="31" count="28" type="cond" truecount="3" falsecount="1"/>
        <line num="32" count="28" type="stmt"/>
        <line num="33" count="28" type="stmt"/>
        <line num="34" count="28" type="stmt"/>
        <line num="35" count="28" type="cond" truecount="4" falsecount="0"/>
        <line num="36" count="22" type="stmt"/>
        <line num="37" count="22" type="stmt"/>
        <line num="38" count="22" type="stmt"/>
        <line num="39" count="20" type="cond" truecount="2" falsecount="0"/>
        <line num="45" count="12" type="stmt"/>
        <line num="46" count="12" type="stmt"/>
        <line num="47" count="12" type="stmt"/>
        <line num="50" count="10" type="stmt"/>
        <line num="54" count="13" type="cond" truecount="5" falsecount="0"/>
        <line num="55" count="10" type="stmt"/>
        <line num="56" count="10" type="stmt"/>
        <line num="57" count="10" type="stmt"/>
        <line num="58" count="10" type="cond" truecount="4" falsecount="0"/>
        <line num="59" count="9" type="stmt"/>
        <line num="60" count="9" type="stmt"/>
        <line num="63" count="9" type="stmt"/>
        <line num="64" count="9" type="stmt"/>
        <line num="65" count="9" type="cond" truecount="2" falsecount="0"/>
        <line num="66" count="5" type="stmt"/>
        <line num="67" count="5" type="stmt"/>
        <line num="70" count="4" type="stmt"/>
        <line num="73" count="47" type="stmt"/>
      </file>
      <file name="orderEvents.js" path="C:\Users\asus\Documents\EasyApp\Backend\services\orderEvents.js">
        <metrics statements="78" coveredstatements="65" conditionals="30" coveredconditionals="25" methods="13" coveredmethods="13"/>
        <line num="3" count="50" type="stmt"/>
        <line num="4" count="50" type="stmt"/>
        <line num="5" count="50" type="stmt"/>
        <line num="8" count="23" type="cond" truecount="2" falsecount="0"/>
        <line num="9" count="23" type="stmt"/>
        <line num="10" count="23" type="stmt"/>
        <line num="11" count="3" type="stmt"/>
        <line num="13" count="23" type="stmt"/>
        <line num="14" count="1" type="stmt"/>
        <line num="19" count="6" type="stmt"/>
        <line num="20" count="6" type="cond" truecount="1" falsecount="1"/>
        <line num="21" count="6" type="stmt"/>
        <line num="22" count="6" type="cond" truecount="2" falsecount="0"/>
        <line num="27" count="158" type="stmt"/>
        <line num="28" count="158" type="cond" truecount="4" falsecount="0"/>
        <line num="29" count="21" type="stmt"/>
        <line num="30" count="21" type="stmt"/>
        <line num="31" count="25" type="stmt"/>
        <line num="32" count="25" type="stmt"/>
        <line num="35" count="2" type="stmt"/>
        <line num="39" count="21" type="stmt"/>
        <line num="44" count="22" type="cond" truecount="2" falsecount="0"/>
        <line num="45" count="22" type="stmt"/>
        <line num="46" count="22" type="stmt"/>
        <line num="47" count="8" type="stmt"/>
        <line num="48" count="8" type="cond" truecount="1" falsecount="1"/>
        <line num="49" count="8" type="stmt"/>
        <line num="50" count="8" type="cond" truecount="2" falsecount="0"/>
        <line num="53" count="22" type="stmt"/>
        <line num="54" count="22" type="stmt"/>
        <line num="58" count="90" type="stmt"/>
        <line num="59" count="90" type="cond" truecount="4" falsecount="0"/>
        <line num="61" count="12" type="stmt"/>
        <line num="62" count="12" type="stmt"/>
        <line num="63" count="12" type="cond" truecount="2" falsecount="0"/>
        <line num="64" count="11" type="stmt"/>
        <line num="65" count="11" type="cond" truecount="2" falsecount="0"/>
        <line num="66" count="3" type="stmt"/>
        <line num="67" count="3" type="stmt"/>
        <line num="69" count="11" type="stmt"/>
        <line num="71" count="0" type="stmt"/>
        <line num="74" count="12" type="stmt"/>
        <line num="75" count="12" type="stmt"/>
        <line num="76" count="13" type="stmt"/>
        <line num="77" count="13" type="stmt"/>
        <line num="79" count="2" type="stmt"/>
        <line num="80" count="2" type="cond" truecount="1" falsecount="1"/>
        <line num="87" count="13" type="stmt"/>
        <line num="88" count="13" type="stmt"/>
        <line num="89" count="5" type="stmt"/>
        <line num="91" count="13" type="stmt"/>
        <line num="92" count="13" type="stmt"/>
        <line num="96" count="35" type="cond" truecount="2" falsecount="0"/>
        <line num="97" count="20" type="stmt"/>
        <line num="98" count="20" type="stmt"/>
        <line num="99" count="20" type="stmt"/>
        <line num="100" count="65" type="stmt"/>
        <line num="101" count="65" type="stmt"/>
        <line num="103" count="2" type="stmt"/>
        <line num="106" count="20" type="stmt"/>
        <line num="107" count="2" type="stmt"/>
        <line num="112" count="60" type="stmt"/>
        <line num="113" count="0" type="stmt"/>
        <line num="114" count="0" type="stmt"/>
        <line num="115" count="0" type="stmt"/>
        <line num="117" count="0" type="stmt"/>
        <line num="121" count="60" type="stmt"/>
        <line num="122" count="0" type="stmt"/>
        <line num="123" count="0" type="stmt"/>
        <line num="124" count="0" type="stmt"/>
        <line num="126" count="0" type="stmt"/>
        <line num="127" count="0" type="cond" truecount="0" falsecount="2"/>
        <line num="131" count="60" type="stmt"/>
        <line num="132" count="0" type="stmt"/>
        <line num="133" count="0" type="stmt"/>
        <line num="135" count="0" type="stmt"/>
        <line num="139" count="50" type="stmt"/>
        <line num="141" count="50" type="stmt"/>
      </file>
      <file name="pricing.js" path="C:\Users\asus\Documents\EasyApp\Backend\services\pricing.js">
        <metrics statements="62" coveredstatements="62" conditionals="41" coveredconditionals="37" methods="9" coveredmethods="9"/>
        <line num="1" count="54" type="stmt"/>
        <line num="7" count="14" type="cond" truecount="4" falsecount="0"/>
        <line num="8" count="4" type="stmt"/>
        <line num="11" count="12" type="stmt"/>
        <line num="12" count="10" type="stmt"/>
        <line num="13" count="10" type="stmt"/>
        <line num="14" count="10" type="stmt"/>
        <line num="20" count="1" type="stmt"/>
        <line num="22" count="10" type="stmt"/>
        <line num="24" count="10" type="stmt"/>
        <line num="25" count="10" type="stmt"/>
        <line num="26" count="12" type="cond" truecount="2" falsecount="0"/>
        <line num="27" count="12" type="stmt"/>
        <line num="28" count="12" type="cond" truecount="2" falsecount="0"/>
        <line num="29" count="8" type="cond" truecount="1" falsecount="1"/>
        <line num="30" count="8" type="stmt"/>
        <line num="31" count="8" type="stmt"/>
        <line num="39" count="4" type="stmt"/>
        <line num="40" count="4" type="cond" truecount="2" falsecount="0"/>
        <line num="41" count="4" type="cond" truecount="4" falsecount="0"/>
        <line num="42" count="2" type="stmt"/>
        <line num="44" count="2" type="stmt"/>
        <line num="45" count="2" type="stmt"/>
        <line num="54" count="8" type="stmt"/>
        <line num="56" count="8" type="stmt"/>
        <line num="64" count="54" type="cond" truecount="4" falsecount="0"/>
        <line num="65" count="3" type="stmt"/>
        <line num="68" count="60" type="stmt"/>
        <line num="69" count="51" type="stmt"/>
        <line num="70" count="51" type="stmt"/>
        <line num="71" count="51" type="stmt"/>
        <line num="76" count="1" type="stmt"/>
        <line num="78" count="54" type="stmt"/>
        <line num="80" count="51" type="stmt"/>
        <line num="87" count="59" type="cond" truecount="3" falsecount="0"/>
        <line num="90" count="59" type="cond" truecount="2" falsecount="0"/>
        <line num="95" count="20" type="stmt"/>
        <line num="97" count="39" type="stmt"/>
        <line num="100" count="51" type="stmt"/>
        <line num="101" count="60" type="cond" truecount="2" falsecount="1"/>
        <line num="102" count="60" type="stmt"/>
        <line num="103" count="60" type="stmt"/>
        <line num="104" count="60" type="stmt"/>
        <line num="105" count="60" type="stmt"/>
        <line num="106" count="60" type="cond" truecount="2" falsecount="0"/>
        <line num="107" count="55" type="cond" truecount="1" falsecount="1"/>
        <line num="108" count="55" type="stmt"/>
        <line num="109" count="55" type="stmt"/>
        <line num="110" count="55" type="stmt"/>
        <line num="116" count="55" type="stmt"/>
        <line num="119" count="5" type="stmt"/>
        <line num="120" count="5" type="cond" truecount="4" falsecount="0"/>
        <line num="121" count="1" type="stmt"/>
        <line num="123" count="4" type="stmt"/>
        <line num="124" count="4" type="cond" truecount="1" falsecount="1"/>
        <line num="126" count="4" type="stmt"/>
        <line num="127" count="4" type="stmt"/>
        <line num="132" count="4" type="stmt"/>
        <line num="137" count="50" type="stmt"/>
        <line num="138" count="100" type="stmt"/>
        <line num="142" count="100" type="stmt"/>
        <line num="145" count="54" type="stmt"/>
      </file>
      <file name="push.js" path="C:\Users\asus\Documents\EasyApp\Backend\services\push.js">
        <metrics statements="140" coveredstatements="135" conditionals="173" coveredconditionals="144" methods="10" coveredmethods="10"/>
        <line num="1" count="50" type="stmt"/>
        <line num="6" count="27" type="stmt"/>
        <line num="7" count="27" type="cond" truecount="4" falsecount="0"/>
        <line num="8" count="2" type="stmt"/>
        <line num="10" count="25" type="cond" truecount="3" falsecount="1"/>
        <line num="13" count="25" type="stmt"/>
        <line num="14" count="25" type="cond" truecount="1" falsecount="1"/>
        <line num="15" count="25" type="stmt"/>
        <line num="16" count="453" type="cond" truecount="1" falsecount="1"/>
        <line num="21" count="25" type="cond" truecount="1" falsecount="1"/>
        <line num="26" count="25" type="cond" truecount="1" falsecount="2"/>
        <line num="30" count="25" type="cond" truecount="3" falsecount="0"/>
        <line num="33" count="25" type="cond" truecount="2" falsecount="0"/>
        <line num="34" count="3" type="stmt"/>
        <line num="38" count="25" type="stmt"/>
        <line num="39" count="25" type="stmt"/>
        <line num="40" count="27" type="stmt"/>
        <line num="43" count="25" type="stmt"/>
        <line num="44" count="25" type="stmt"/>
        <line num="45" count="25" type="stmt"/>
        <line num="47" count="25" type="stmt"/>
        <line num="48" count="27" type="stmt"/>
        <line num="65" count="27" type="stmt"/>
        <line num="66" count="27" type="stmt"/>
        <line num="67" count="24" type="cond" truecount="2" falsecount="0"/>
        <line num="68" count="24" type="cond" truecount="2" falsecount="0"/>
        <line num="69" count="24" type="stmt"/>
        <line num="71" count="3" type="cond" truecount="1" falsecount="1"/>
        <line num="75" count="25" type="stmt"/>
        <line num="79" count="152" type="stmt"/>
        <line num="80" count="152" type="stmt"/>
        <line num="81" count="152" type="cond" truecount="1" falsecount="2"/>
        <line num="82" count="152" type="stmt"/>
        <line num="83" count="134" type="cond" truecount="2" falsecount="0"/>
        <line num="84" count="134" type="cond" truecount="2" falsecount="0"/>
        <line num="85" count="134" type="cond" truecount="2" falsecount="0"/>
        <line num="86" count="3" type="cond" truecount="2" falsecount="0"/>
        <line num="87" count="1" type="cond" truecount="1" falsecount="1"/>
        <line num="88" count="0" type="cond" truecount="0" falsecount="4"/>
        <line num="89" count="0" type="stmt"/>
        <line num="91" count="152" type="cond" truecount="2" falsecount="0"/>
        <line num="92" count="150" type="stmt"/>
        <line num="93" count="150" type="cond" truecount="2" falsecount="0"/>
        <line num="94" count="1" type="cond" truecount="1" falsecount="1"/>
        <line num="95" count="1" type="cond" truecount="2" falsecount="2"/>
        <line num="96" count="1" type="stmt"/>
        <line num="99" count="152" type="stmt"/>
        <line num="101" count="0" type="stmt"/>
        <line num="106" count="153" type="stmt"/>
        <line num="107" count="153" type="stmt"/>
        <line num="111" count="153" type="stmt"/>
        <line num="112" count="153" type="stmt"/>
        <line num="113" count="153" type="stmt"/>
        <line num="114" count="153" type="stmt"/>
        <line num="117" count="153" type="stmt"/>
        <line num="118" count="153" type="stmt"/>
        <line num="119" count="153" type="stmt"/>
        <line num="120" count="804" type="cond" truecount="2" falsecount="0"/>
        <line num="121" count="369" type="stmt"/>
        <line num="122" count="369" type="cond" truecount="4" falsecount="0"/>
        <line num="124" count="153" type="stmt"/>
        <line num="125" count="304" type="cond" truecount="4" falsecount="0"/>
        <line num="126" count="100" type="stmt"/>
        <line num="127" count="100" type="stmt"/>
        <line num="128" count="100" type="stmt"/>
        <line num="129" count="100" type="stmt"/>
        <line num="130" count="100" type="stmt"/>
        <line num="133" count="153" type="stmt"/>
        <line num="134" count="152" type="stmt"/>
        <line num="135" count="152" type="stmt"/>
        <line num="136" count="152" type="stmt"/>
        <line num="138" count="152" type="cond" truecount="2" falsecount="0"/>
        <line num="139" count="151" type="stmt"/>
        <line num="142" count="1225" type="stmt"/>
        <line num="145" count="153" type="cond" truecount="2" falsecount="0"/>
        <line num="146" count="60" type="stmt"/>
        <line num="149" count="60" type="stmt"/>
        <line num="152" count="152" type="stmt"/>
        <line num="153" count="152" type="cond" truecount="1" falsecount="1"/>
        <line num="154" count="134" type="stmt"/>
        <line num="156" count="152" type="cond" truecount="2" falsecount="0"/>
        <line num="157" count="125" type="stmt"/>
        <line num="161" count="119" type="stmt"/>
        <line num="162" count="119" type="cond" truecount="2" falsecount="0"/>
        <line num="163" count="116" type="stmt"/>
        <line num="166" count="116" type="stmt"/>
        <line num="170" count="6" type="stmt"/>
        <line num="173" count="152" type="cond" truecount="4" falsecount="0"/>
        <line num="174" count="59" type="stmt"/>
        <line num="177" count="59" type="stmt"/>
        <line num="180" count="152" type="stmt"/>
        <line num="181" count="152" type="stmt"/>
        <line num="182" count="152" type="stmt"/>
        <line num="183" count="12" type="cond" truecount="2" falsecount="0"/>
        <line num="186" count="152" type="cond" truecount="2" falsecount="0"/>
        <line num="187" count="12" type="stmt"/>
        <line num="190" count="12" type="stmt"/>
        <line num="193" count="0" type="stmt"/>
        <line num="196" count="152" type="stmt"/>
        <line num="197" count="152" type="cond" truecount="2" falsecount="0"/>
        <line num="198" count="152" type="stmt"/>
        <line num="199" count="152" type="stmt"/>
        <line num="205" count="152" type="stmt"/>
        <line num="213" count="152" type="cond" truecount="3" falsecount="0"/>
        <line num="217" count="152" type="cond" truecount="3" falsecount="0"/>
        <line num="219" count="152" type="cond" truecount="2" falsecount="0"/>
        <line num="220" count="152" type="stmt"/>
        <line num="221" count="152" type="cond" truecount="2" falsecount="0"/>
        <line num="237" count="152" type="stmt"/>
        <line num="238" count="152" type="cond" truecount="1" falsecount="1"/>
        <line num="239" count="134" type="cond" truecount="1" falsecount="1"/>
        <line num="242" count="152" type="cond" truecount="2" falsecount="0"/>
        <line num="243" count="152" type="stmt"/>
        <line num="247" count="152" type="stmt"/>
        <line num="248" count="152" type="stmt"/>
        <line num="255" count="152" type="stmt"/>
        <line num="274" count="152" type="stmt"/>
        <line num="275" count="152" type="cond" truecount="4" falsecount="0"/>
        <line num="276" count="22" type="stmt"/>
        <line num="288" count="152" type="cond" truecount="4" falsecount="0"/>
        <line num="290" count="1" type="stmt"/>
        <line num="291" count="1" type="cond" truecount="1" falsecount="1"/>
        <line num="292" count="1" type="cond" truecount="3" falsecount="0"/>
        <line num="293" count="1" type="cond" truecount="1" falsecount="1"/>
        <line num="294" count="1" type="stmt"/>
        <line num="296" count="1" type="cond" truecount="1" falsecount="1"/>
        <line num="297" count="1" type="stmt"/>
        <line num="309" count="0" type="stmt"/>
        <line num="322" count="152" type="cond" truecount="2" falsecount="0"/>
        <line num="328" count="3" type="stmt"/>
        <line num="331" count="3" type="stmt"/>
        <line num="349" count="152" type="cond" truecount="4" falsecount="0"/>
        <line num="350" count="1" type="stmt"/>
        <line num="351" count="1" type="cond" truecount="1" falsecount="1"/>
        <line num="354" count="1" type="stmt"/>
        <line num="368" count="152" type="stmt"/>
        <line num="369" count="152" type="stmt"/>
        <line num="371" count="1" type="stmt"/>
        <line num="372" count="1" type="stmt"/>
        <line num="376" count="50" type="stmt"/>
      </file>
      <file name="upi.js" path="C:\Users\asus\Documents\EasyApp\Backend\services\upi.js">
        <metrics statements="3" coveredstatements="3" conditionals="0" coveredconditionals="0" methods="2" coveredmethods="2"/>
        <line num="3" count="3" type="stmt"/>
        <line num="6" count="2" type="stmt"/>
        <line num="8" count="1" type="stmt"/>
      </file>
    </package>
  </project>
</coverage>
