TN:
SF:controllers\clientsController.js
FN:5,upsertClient
FN:12,(anonymous_1)
FN:18,(anonymous_2)
FN:174,completeProfile
FNF:4
FNH:3
FNDA:38,upsertClient
FNDA:148,(anonymous_1)
FNDA:0,(anonymous_2)
FNDA:18,completeProfile
DA:1,53
DA:6,38
DA:9,38
DA:10,38
DA:11,38
DA:12,38
DA:13,148
DA:17,38
DA:18,3
DA:19,3
DA:21,38
DA:27,38
DA:28,38
DA:29,2
DA:31,36
DA:32,36
DA:34,32
DA:35,2
DA:42,34
DA:44,34
DA:46,34
DA:47,4
DA:55,30
DA:56,19
DA:60,19
DA:61,6
DA:65,6
DA:66,6
DA:71,2
DA:74,2
DA:78,2
DA:80,4
DA:88,2
DA:91,2
DA:95,2
DA:97,2
DA:102,28
DA:103,28
DA:104,28
DA:105,28
DA:106,28
DA:107,6
DA:108,6
DA:111,28
DA:112,28
DA:113,28
DA:114,13
DA:116,28
DA:118,28
DA:119,1
DA:122,28
DA:127,3
DA:131,28
DA:132,28
DA:138,4
DA:139,3
DA:140,1
DA:141,2
DA:142,2
DA:145,2
DA:147,0
DA:150,1
DA:154,26
DA:168,1
DA:169,1
DA:175,18
DA:177,18
DA:178,18
DA:179,2
DA:180,16
DA:181,2
DA:182,14
DA:183,12
DA:184,12
DA:185,4
DA:186,4
DA:187,2
DA:190,10
DA:207,9
DA:220,1
DA:221,1
DA:225,53
LF:82
LH:81
BRDA:9,0,0,38
BRDA:9,0,1,0
BRDA:13,1,0,0
BRDA:13,1,1,148
BRDA:15,2,0,148
BRDA:15,2,1,148
BRDA:17,3,0,3
BRDA:17,3,1,35
BRDA:27,4,0,38
BRDA:27,4,1,0
BRDA:28,5,0,2
BRDA:28,5,1,36
BRDA:32,6,0,32
BRDA:32,6,1,4
BRDA:34,7,0,2
BRDA:34,7,1,30
BRDA:34,8,0,32
BRDA:34,8,1,13
BRDA:34,8,2,11
BRDA:44,9,0,34
BRDA:44,9,1,32
BRDA:46,10,0,4
BRDA:46,10,1,30
BRDA:55,11,0,19
BRDA:55,11,1,11
BRDA:60,12,0,6
BRDA:60,12,1,13
BRDA:66,13,0,2
BRDA:66,13,1,4
BRDA:67,14,0,6
BRDA:67,14,1,4
BRDA:67,14,2,2
BRDA:80,15,0,2
BRDA:80,15,1,2
BRDA:81,16,0,4
BRDA:81,16,1,2
BRDA:81,16,2,2
BRDA:81,16,3,2
BRDA:81,16,4,2
BRDA:103,17,0,12
BRDA:103,17,1,16
BRDA:104,18,0,13
BRDA:104,18,1,15
BRDA:105,19,0,5
BRDA:105,19,1,23
BRDA:106,20,0,6
BRDA:106,20,1,22
BRDA:108,21,0,4
BRDA:108,21,1,2
BRDA:111,22,0,17
BRDA:111,22,1,11
BRDA:113,23,0,13
BRDA:113,23,1,15
BRDA:113,24,0,28
BRDA:113,24,1,16
BRDA:115,25,0,5
BRDA:115,25,1,8
BRDA:116,26,0,3
BRDA:116,26,1,25
BRDA:118,27,0,1
BRDA:118,27,1,27
BRDA:122,28,0,3
BRDA:122,28,1,25
BRDA:123,29,0,28
BRDA:123,29,1,13
BRDA:123,29,2,11
BRDA:123,29,3,11
BRDA:123,29,4,8
BRDA:138,30,0,3
BRDA:138,30,1,1
BRDA:138,31,0,4
BRDA:138,31,1,4
BRDA:139,32,0,1
BRDA:139,32,1,2
BRDA:141,33,0,2
BRDA:141,33,1,0
BRDA:169,34,0,1
BRDA:169,34,1,0
BRDA:177,35,0,18
BRDA:177,35,1,0
BRDA:178,36,0,2
BRDA:178,36,1,16
BRDA:180,37,0,2
BRDA:180,37,1,14
BRDA:182,38,0,2
BRDA:182,38,1,12
BRDA:184,39,0,4
BRDA:184,39,1,8
BRDA:186,40,0,2
BRDA:186,40,1,2
BRDA:196,41,0,2
BRDA:196,41,1,8
BRDA:199,42,0,3
BRDA:199,42,1,7
BRF:94
BRH:88
end_of_record
TN:
SF:controllers\ordersController.js
FN:20,haversineKm
FN:22,(anonymous_1)
FN:39,assignNearestDeliveryAgent
FN:68,(anonymous_3)
FN:81,(anonymous_4)
FN:82,(anonymous_5)
FN:98,(anonymous_6)
FN:145,genRef
FN:157,buildEnrichedSnapshot
FN:311,(anonymous_9)
FN:319,(anonymous_10)
FN:347,(anonymous_11)
FN:394,(anonymous_12)
FN:406,(anonymous_13)
FN:415,(anonymous_14)
FN:463,createOrder
FN:515,(anonymous_16)
FN:520,(anonymous_17)
FN:624,(anonymous_18)
FN:776,(anonymous_19)
FN:781,(anonymous_20)
FN:797,(anonymous_21)
FN:813,(anonymous_22)
FN:838,(anonymous_23)
FN:863,(anonymous_24)
FN:928,(anonymous_25)
FN:935,(anonymous_26)
FN:977,getStatus
FN:1002,verifyPayment
FN:1035,(anonymous_29)
FN:1042,(anonymous_30)
FN:1063,getHistory
FN:1073,(anonymous_32)
FN:1099,(anonymous_33)
FN:1115,updateDelivery
FN:1144,(anonymous_35)
FN:1151,(anonymous_36)
FN:1162,(anonymous_37)
FN:1216,(anonymous_38)
FN:1299,(anonymous_39)
FN:1306,(anonymous_40)
FN:1335,buildSnapshot
FN:1378,(anonymous_42)
FNF:43
FNH:38
FNDA:2,haversineKm
FNDA:8,(anonymous_1)
FNDA:4,assignNearestDeliveryAgent
FNDA:0,(anonymous_3)
FNDA:2,(anonymous_4)
FNDA:2,(anonymous_5)
FNDA:0,(anonymous_6)
FNDA:21,genRef
FNDA:161,buildEnrichedSnapshot
FNDA:164,(anonymous_9)
FNDA:164,(anonymous_10)
FNDA:50,(anonymous_11)
FNDA:1,(anonymous_12)
FNDA:1,(anonymous_13)
FNDA:0,(anonymous_14)
FNDA:44,createOrder
FNDA:48,(anonymous_16)
FNDA:46,(anonymous_17)
FNDA:0,(anonymous_18)
FNDA:10,(anonymous_19)
FNDA:10,(anonymous_20)
FNDA:9,(anonymous_21)
FNDA:0,(anonymous_22)
FNDA:1,(anonymous_23)
FNDA:33,(anonymous_24)
FNDA:36,(anonymous_25)
FNDA:35,(anonymous_26)
FNDA:14,getStatus
FNDA:8,verifyPayment
FNDA:4,(anonymous_29)
FNDA:4,(anonymous_30)
FNDA:6,getHistory
FNDA:25,(anonymous_32)
FNDA:25,(anonymous_33)
FNDA:11,updateDelivery
FNDA:5,(anonymous_35)
FNDA:5,(anonymous_36)
FNDA:4,(anonymous_37)
FNDA:3,(anonymous_38)
FNDA:9,(anonymous_39)
FNDA:9,(anonymous_40)
FNDA:199,buildSnapshot
FNDA:113,(anonymous_42)
DA:10,53
DA:14,53
DA:17,53
DA:18,53
DA:21,2
DA:22,8
DA:23,2
DA:24,2
DA:25,2
DA:26,2
DA:27,2
DA:28,2
DA:29,2
DA:31,2
DA:32,2
DA:33,2
DA:35,0
DA:40,4
DA:42,4
DA:43,4
DA:44,4
DA:45,0
DA:48,4
DA:49,4
DA:50,2
DA:51,2
DA:54,2
DA:55,1
DA:59,4
DA:60,3
DA:61,3
DA:62,2
DA:67,4
DA:68,0
DA:72,4
DA:77,4
DA:80,2
DA:81,2
DA:83,2
DA:84,2
DA:86,2
DA:92,2
DA:95,2
DA:98,2
DA:99,0
DA:100,0
DA:101,0
DA:102,0
DA:104,2
DA:105,2
DA:107,2
DA:127,2
DA:128,2
DA:129,2
DA:130,2
DA:131,0
DA:132,2
DA:138,2
DA:140,0
DA:141,0
DA:146,21
DA:147,21
DA:148,21
DA:149,21
DA:150,21
DA:153,21
DA:162,161
DA:165,160
DA:166,160
DA:167,160
DA:168,91
DA:172,158
DA:177,87
DA:178,87
DA:179,87
DA:180,87
DA:183,87
DA:184,68
DA:195,160
DA:196,160
DA:199,160
DA:200,160
DA:201,160
DA:202,160
DA:203,160
DA:204,67
DA:207,67
DA:212,52
DA:218,67
DA:219,66
DA:230,160
DA:235,160
DA:236,160
DA:237,53
DA:242,53
DA:243,53
DA:244,36
DA:245,36
DA:246,1
DA:247,1
DA:248,1
DA:251,36
DA:257,1
DA:258,1
DA:262,1
DA:267,53
DA:268,53
DA:278,160
DA:281,160
DA:282,160
DA:283,160
DA:284,160
DA:285,160
DA:286,160
DA:287,160
DA:288,104
DA:289,104
DA:293,160
DA:296,160
DA:297,21
DA:304,139
DA:310,160
DA:311,164
DA:318,160
DA:319,164
DA:325,160
DA:328,160
DA:329,120
DA:330,120
DA:331,120
DA:332,119
DA:333,119
DA:334,119
DA:335,119
DA:336,119
DA:342,119
DA:343,119
DA:344,52
DA:345,52
DA:346,52
DA:347,50
DA:349,52
DA:350,49
DA:354,49
DA:355,46
DA:356,46
DA:357,13
DA:358,13
DA:363,52
DA:365,67
DA:373,160
DA:375,160
DA:376,160
DA:377,10
DA:382,150
DA:384,1
DA:385,1
DA:386,1
DA:390,1
DA:391,1
DA:392,1
DA:393,1
DA:394,1
DA:395,1
DA:398,1
DA:399,1
DA:400,1
DA:401,1
DA:402,1
DA:403,1
DA:404,0
DA:406,1
DA:407,1
DA:408,1
DA:410,1
DA:412,1
DA:413,1
DA:414,1
DA:415,0
DA:417,1
DA:419,1
DA:421,0
DA:424,0
DA:425,0
DA:436,160
DA:464,44
DA:466,44
DA:467,44
DA:468,44
DA:470,44
DA:471,1
DA:475,43
DA:476,43
DA:477,42
DA:478,42
DA:479,42
DA:480,42
DA:484,21
DA:502,43
DA:505,43
DA:506,10
DA:510,43
DA:511,0
DA:515,48
DA:516,43
DA:520,46
DA:523,43
DA:524,48
DA:526,48
DA:527,1
DA:535,47
DA:539,47
DA:540,1
DA:546,46
DA:547,46
DA:548,46
DA:549,2
DA:556,39
DA:557,17
DA:558,22
DA:563,21
DA:567,39
DA:570,39
DA:572,39
DA:574,0
DA:577,0
DA:578,0
DA:583,0
DA:584,0
DA:586,0
DA:587,0
DA:591,0
DA:595,0
DA:598,0
DA:599,0
DA:600,0
DA:606,0
DA:610,0
DA:614,0
DA:615,0
DA:618,0
DA:625,0
DA:626,0
DA:629,0
DA:635,0
DA:640,0
DA:644,0
DA:648,0
DA:655,0
DA:656,0
DA:657,0
DA:666,0
DA:673,39
DA:676,38
DA:679,38
DA:680,17
DA:681,17
DA:682,17
DA:683,17
DA:684,17
DA:685,17
DA:689,38
DA:690,0
DA:693,38
DA:694,38
DA:705,39
DA:710,1
DA:717,1
DA:731,38
DA:733,38
DA:734,38
DA:737,38
DA:738,38
DA:739,38
DA:740,38
DA:741,38
DA:742,38
DA:743,38
DA:744,24
DA:748,24
DA:749,24
DA:752,24
DA:760,38
DA:762,38
DA:765,38
DA:766,10
DA:768,10
DA:769,10
DA:773,10
DA:774,10
DA:775,10
DA:776,10
DA:780,10
DA:781,10
DA:783,10
DA:789,10
DA:790,10
DA:791,10
DA:792,10
DA:793,10
DA:794,10
DA:795,0
DA:797,10
DA:798,9
DA:800,9
DA:801,9
DA:803,9
DA:805,9
DA:806,9
DA:807,9
DA:812,0
DA:814,0
DA:819,9
DA:822,10
DA:823,4
DA:827,6
DA:828,6
DA:829,6
DA:830,1
DA:834,5
DA:835,5
DA:836,5
DA:838,5
DA:839,1
DA:840,1
DA:842,5
DA:843,1
DA:850,4
DA:851,4
DA:852,3
DA:856,0
DA:857,0
DA:861,32
DA:863,33
DA:864,32
DA:865,32
DA:866,33
DA:879,33
DA:881,33
DA:882,33
DA:883,33
DA:885,33
DA:898,33
DA:899,4
DA:901,4
DA:902,3
DA:903,3
DA:904,3
DA:908,3
DA:909,3
DA:910,3
DA:911,3
DA:912,3
DA:916,33
DA:917,33
DA:921,32
DA:922,32
DA:923,33
DA:924,33
DA:926,33
DA:927,33
DA:928,36
DA:930,33
DA:931,33
DA:935,35
DA:936,34
DA:939,33
DA:940,33
DA:945,33
DA:962,32
DA:963,31
DA:968,1
DA:972,0
DA:973,0
DA:978,14
DA:979,14
DA:980,14
DA:981,13
DA:982,12
DA:985,12
DA:986,12
DA:987,0
DA:988,0
DA:989,0
DA:991,0
DA:995,12
DA:996,12
DA:998,1
DA:1003,8
DA:1004,8
DA:1005,8
DA:1006,8
DA:1007,8
DA:1008,3
DA:1010,5
DA:1011,5
DA:1013,5
DA:1014,5
DA:1015,5
DA:1020,5
DA:1023,5
DA:1024,4
DA:1025,4
DA:1027,0
DA:1030,5
DA:1031,5
DA:1033,5
DA:1034,5
DA:1035,4
DA:1037,5
DA:1038,4
DA:1042,4
DA:1043,4
DA:1046,5
DA:1047,5
DA:1054,5
DA:1055,5
DA:1057,0
DA:1064,6
DA:1065,6
DA:1066,6
DA:1067,0
DA:1069,6
DA:1073,6
DA:1074,25
DA:1075,25
DA:1076,25
DA:1079,25
DA:1080,25
DA:1099,25
DA:1107,6
DA:1109,0
DA:1110,0
DA:1116,11
DA:1117,11
DA:1118,11
DA:1119,11
DA:1120,11
DA:1121,1
DA:1123,10
DA:1124,10
DA:1127,10
DA:1128,10
DA:1129,10
DA:1130,10
DA:1131,10
DA:1132,7
DA:1134,7
DA:1135,7
DA:1136,7
DA:1137,6
DA:1138,6
DA:1139,6
DA:1140,6
DA:1141,6
DA:1143,6
DA:1144,5
DA:1150,6
DA:1151,5
DA:1154,6
DA:1156,6
DA:1158,6
DA:1160,5
DA:1161,5
DA:1162,5
DA:1163,5
DA:1164,4
DA:1168,4
DA:1169,4
DA:1170,4
DA:1171,1
DA:1172,1
DA:1177,5
DA:1179,1
DA:1181,6
DA:1185,10
DA:1186,3
DA:1188,3
DA:1190,3
DA:1191,3
DA:1192,3
DA:1193,2
DA:1194,2
DA:1202,3
DA:1207,3
DA:1208,3
DA:1209,3
DA:1212,3
DA:1215,3
DA:1216,3
DA:1218,3
DA:1219,3
DA:1220,3
DA:1224,3
DA:1225,3
DA:1227,3
DA:1228,3
DA:1229,3
DA:1230,3
DA:1231,3
DA:1232,3
DA:1235,3
DA:1236,3
DA:1237,3
DA:1238,3
DA:1239,3
DA:1260,3
DA:1261,3
DA:1262,3
DA:1263,1
DA:1264,1
DA:1265,1
DA:1282,0
DA:1287,10
DA:1288,0
DA:1289,0
DA:1290,0
DA:1293,10
DA:1294,10
DA:1295,10
DA:1297,10
DA:1298,10
DA:1299,9
DA:1301,10
DA:1302,9
DA:1306,9
DA:1307,9
DA:1308,9
DA:1312,9
DA:1313,9
DA:1317,10
DA:1318,10
DA:1325,10
DA:1326,10
DA:1328,0
DA:1329,0
DA:1341,199
DA:1342,198
DA:1343,198
DA:1344,0
DA:1345,0
DA:1347,198
DA:1378,113
DA:1389,53
LF:544
LH:475
BRDA:24,0,0,2
BRDA:24,0,1,0
BRDA:24,1,0,2
BRDA:24,1,1,0
BRDA:25,2,0,2
BRDA:25,2,1,0
BRDA:25,3,0,2
BRDA:25,3,1,0
BRDA:26,4,0,2
BRDA:26,4,1,0
BRDA:27,5,0,2
BRDA:27,5,1,0
BRDA:42,6,0,4
BRDA:42,6,1,0
BRDA:43,7,0,0
BRDA:43,7,1,4
BRDA:44,8,0,0
BRDA:44,8,1,4
BRDA:44,9,0,4
BRDA:44,9,1,0
BRDA:49,10,0,2
BRDA:49,10,1,2
BRDA:54,11,0,1
BRDA:54,11,1,1
BRDA:54,12,0,2
BRDA:54,12,1,1
BRDA:59,13,0,3
BRDA:59,13,1,1
BRDA:59,14,0,4
BRDA:59,14,1,3
BRDA:61,15,0,2
BRDA:61,15,1,1
BRDA:61,16,0,3
BRDA:61,16,1,3
BRDA:61,16,2,2
BRDA:68,17,0,4
BRDA:68,17,1,0
BRDA:77,18,0,2
BRDA:77,18,1,2
BRDA:83,19,0,2
BRDA:83,19,1,0
BRDA:84,20,0,2
BRDA:84,20,1,2
BRDA:84,20,2,2
BRDA:86,21,0,2
BRDA:86,21,1,0
BRDA:86,22,0,2
BRDA:86,22,1,2
BRDA:95,23,0,0
BRDA:95,23,1,2
BRDA:99,24,0,0
BRDA:99,24,1,0
BRDA:100,25,0,0
BRDA:100,25,1,0
BRDA:101,26,0,0
BRDA:101,26,1,0
BRDA:102,27,0,0
BRDA:102,27,1,0
BRDA:102,28,0,0
BRDA:102,28,1,0
BRDA:105,29,0,0
BRDA:105,29,1,2
BRDA:130,30,0,0
BRDA:130,30,1,2
BRDA:133,31,0,2
BRDA:133,31,1,0
BRDA:140,32,0,0
BRDA:140,32,1,0
BRDA:145,33,0,0
BRDA:159,34,0,149
BRDA:160,35,0,149
BRDA:167,36,0,91
BRDA:167,36,1,69
BRDA:172,37,0,87
BRDA:172,37,1,71
BRDA:173,38,0,158
BRDA:173,38,1,88
BRDA:173,38,2,88
BRDA:178,39,0,87
BRDA:178,39,1,0
BRDA:183,40,0,68
BRDA:183,40,1,19
BRDA:195,41,0,160
BRDA:195,41,1,110
BRDA:195,41,2,110
BRDA:196,42,0,160
BRDA:196,42,1,4
BRDA:203,43,0,67
BRDA:203,43,1,93
BRDA:207,44,0,52
BRDA:207,44,1,15
BRDA:208,45,0,67
BRDA:208,45,1,65
BRDA:208,45,2,52
BRDA:215,46,0,52
BRDA:215,46,1,13
BRDA:218,47,0,66
BRDA:218,47,1,1
BRDA:231,48,0,160
BRDA:231,48,1,53
BRDA:231,48,2,53
BRDA:235,49,0,107
BRDA:235,49,1,53
BRDA:235,50,0,160
BRDA:235,50,1,107
BRDA:236,51,0,53
BRDA:236,51,1,107
BRDA:243,52,0,36
BRDA:243,52,1,17
BRDA:244,53,0,36
BRDA:244,53,1,35
BRDA:245,54,0,1
BRDA:245,54,1,35
BRDA:248,55,0,0
BRDA:248,55,1,1
BRDA:251,56,0,1
BRDA:251,56,1,35
BRDA:252,57,0,36
BRDA:252,57,1,36
BRDA:252,57,2,1
BRDA:252,57,3,1
BRDA:262,58,0,0
BRDA:262,58,1,1
BRDA:267,59,0,53
BRDA:267,59,1,0
BRDA:269,60,0,1
BRDA:269,60,1,52
BRDA:269,61,0,53
BRDA:269,61,1,1
BRDA:269,61,2,1
BRDA:278,62,0,160
BRDA:278,62,1,38
BRDA:278,62,2,38
BRDA:284,63,0,160
BRDA:284,63,1,0
BRDA:287,64,0,104
BRDA:287,64,1,56
BRDA:287,65,0,160
BRDA:287,65,1,104
BRDA:296,66,0,21
BRDA:296,66,1,139
BRDA:310,67,0,160
BRDA:310,67,1,0
BRDA:313,68,0,164
BRDA:313,68,1,0
BRDA:314,69,0,164
BRDA:314,69,1,35
BRDA:315,70,0,164
BRDA:315,70,1,74
BRDA:319,71,0,164
BRDA:319,71,1,35
BRDA:319,72,0,164
BRDA:319,72,1,0
BRDA:326,73,0,160
BRDA:326,73,1,0
BRDA:326,73,2,0
BRDA:328,74,0,120
BRDA:328,74,1,40
BRDA:334,75,0,67
BRDA:334,75,1,52
BRDA:335,76,0,67
BRDA:335,76,1,52
BRDA:336,77,0,119
BRDA:336,77,1,52
BRDA:342,78,0,119
BRDA:342,78,1,119
BRDA:342,79,0,119
BRDA:342,79,1,119
BRDA:343,80,0,52
BRDA:343,80,1,67
BRDA:346,81,0,52
BRDA:346,81,1,0
BRDA:349,82,0,49
BRDA:349,82,1,3
BRDA:355,83,0,46
BRDA:355,83,1,0
BRDA:356,84,0,13
BRDA:356,84,1,33
BRDA:356,85,0,46
BRDA:356,85,1,34
BRDA:363,86,0,13
BRDA:363,86,1,39
BRDA:375,87,0,160
BRDA:375,87,1,150
BRDA:376,88,0,10
BRDA:376,88,1,150
BRDA:379,89,0,10
BRDA:379,89,1,0
BRDA:382,90,0,1
BRDA:382,90,1,149
BRDA:382,91,0,150
BRDA:382,91,1,1
BRDA:390,92,0,1
BRDA:390,92,1,0
BRDA:395,93,0,1
BRDA:395,93,1,0
BRDA:400,94,0,1
BRDA:400,94,1,0
BRDA:401,95,0,0
BRDA:401,95,1,1
BRDA:402,96,0,0
BRDA:402,96,1,1
BRDA:403,97,0,0
BRDA:403,97,1,1
BRDA:403,98,0,1
BRDA:403,98,1,1
BRDA:410,99,0,1
BRDA:410,99,1,1
BRDA:410,99,2,1
BRDA:410,99,3,1
BRDA:412,100,0,1
BRDA:412,100,1,0
BRDA:414,101,0,0
BRDA:414,101,1,1
BRDA:414,102,0,1
BRDA:414,102,1,1
BRDA:417,103,0,1
BRDA:417,103,1,1
BRDA:417,103,2,1
BRDA:417,103,3,1
BRDA:417,103,4,1
BRDA:419,104,0,0
BRDA:419,104,1,1
BRDA:419,105,0,1
BRDA:419,105,1,1
BRDA:422,106,0,0
BRDA:422,106,1,0
BRDA:424,107,0,0
BRDA:424,107,1,0
BRDA:438,108,0,122
BRDA:438,108,1,38
BRDA:439,109,0,160
BRDA:439,109,1,0
BRDA:440,110,0,160
BRDA:440,110,1,110
BRDA:441,111,0,160
BRDA:441,111,1,4
BRDA:442,112,0,52
BRDA:442,112,1,108
BRDA:443,113,0,122
BRDA:443,113,1,38
BRDA:446,114,0,122
BRDA:446,114,1,51
BRDA:446,114,2,0
BRDA:448,115,0,122
BRDA:448,115,1,0
BRDA:449,116,0,122
BRDA:449,116,1,15
BRDA:450,117,0,122
BRDA:450,117,1,14
BRDA:454,118,0,160
BRDA:454,118,1,0
BRDA:455,119,0,66
BRDA:455,119,1,94
BRDA:467,120,0,44
BRDA:467,120,1,42
BRDA:468,121,0,44
BRDA:468,121,1,44
BRDA:470,122,0,1
BRDA:470,122,1,43
BRDA:470,123,0,44
BRDA:470,123,1,2
BRDA:476,124,0,42
BRDA:476,124,1,1
BRDA:482,125,0,42
BRDA:482,125,1,0
BRDA:484,126,0,21
BRDA:484,126,1,0
BRDA:484,126,2,0
BRDA:502,127,0,43
BRDA:502,127,1,0
BRDA:505,128,0,10
BRDA:505,128,1,33
BRDA:505,129,0,43
BRDA:505,129,1,43
BRDA:510,130,0,0
BRDA:510,130,1,43
BRDA:510,131,0,43
BRDA:510,131,1,43
BRDA:526,132,0,1
BRDA:526,132,1,47
BRDA:535,133,0,0
BRDA:535,133,1,47
BRDA:539,134,0,1
BRDA:539,134,1,46
BRDA:546,135,0,46
BRDA:546,135,1,0
BRDA:546,135,2,0
BRDA:547,136,0,46
BRDA:547,136,1,46
BRDA:548,137,0,2
BRDA:548,137,1,44
BRDA:548,138,0,46
BRDA:548,138,1,45
BRDA:556,139,0,17
BRDA:556,139,1,22
BRDA:558,140,0,21
BRDA:558,140,1,1
BRDA:559,141,0,22
BRDA:559,141,1,1
BRDA:559,141,2,1
BRDA:572,142,0,0
BRDA:572,142,1,39
BRDA:578,143,0,0
BRDA:578,143,1,0
BRDA:579,144,0,0
BRDA:579,144,1,0
BRDA:579,144,2,0
BRDA:599,145,0,0
BRDA:599,145,1,0
BRDA:610,146,0,0
BRDA:610,146,1,0
BRDA:614,147,0,0
BRDA:614,147,1,0
BRDA:614,148,0,0
BRDA:614,148,1,0
BRDA:631,149,0,0
BRDA:631,149,1,0
BRDA:635,150,0,0
BRDA:635,150,1,0
BRDA:636,151,0,0
BRDA:636,151,1,0
BRDA:636,151,2,0
BRDA:650,152,0,0
BRDA:650,152,1,0
BRDA:655,153,0,0
BRDA:655,153,1,0
BRDA:673,154,0,38
BRDA:673,154,1,1
BRDA:673,155,0,39
BRDA:673,155,1,39
BRDA:676,156,0,38
BRDA:676,156,1,17
BRDA:679,157,0,17
BRDA:679,157,1,21
BRDA:679,158,0,38
BRDA:679,158,1,17
BRDA:681,159,0,17
BRDA:681,159,1,0
BRDA:682,160,0,17
BRDA:682,160,1,0
BRDA:683,161,0,17
BRDA:683,161,1,0
BRDA:684,162,0,17
BRDA:684,162,1,0
BRDA:689,163,0,0
BRDA:689,163,1,38
BRDA:689,164,0,38
BRDA:689,164,1,0
BRDA:693,165,0,38
BRDA:693,165,1,0
BRDA:693,166,0,38
BRDA:693,166,1,38
BRDA:705,167,0,1
BRDA:705,167,1,38
BRDA:706,168,0,39
BRDA:706,168,1,38
BRDA:706,168,2,38
BRDA:743,169,0,24
BRDA:743,169,1,14
BRDA:745,170,0,24
BRDA:745,170,1,0
BRDA:746,171,0,24
BRDA:746,171,1,0
BRDA:748,172,0,24
BRDA:748,172,1,0
BRDA:754,173,0,24
BRDA:754,173,1,0
BRDA:762,174,0,10
BRDA:762,174,1,28
BRDA:762,175,0,38
BRDA:762,175,1,10
BRDA:762,175,2,10
BRDA:765,176,0,10
BRDA:765,176,1,28
BRDA:773,177,0,10
BRDA:773,177,1,0
BRDA:776,178,0,10
BRDA:776,178,1,0
BRDA:780,179,0,10
BRDA:780,179,1,0
BRDA:781,180,0,10
BRDA:781,180,1,0
BRDA:781,181,0,10
BRDA:781,181,1,10
BRDA:783,182,0,10
BRDA:783,182,1,0
BRDA:791,183,0,10
BRDA:791,183,1,0
BRDA:792,184,0,2
BRDA:792,184,1,8
BRDA:793,185,0,0
BRDA:793,185,1,10
BRDA:794,186,0,0
BRDA:794,186,1,10
BRDA:794,187,0,10
BRDA:794,187,1,10
BRDA:798,188,0,0
BRDA:798,188,1,9
BRDA:798,189,0,9
BRDA:798,189,1,9
BRDA:803,190,0,9
BRDA:803,190,1,9
BRDA:803,190,2,9
BRDA:803,190,3,9
BRDA:805,191,0,9
BRDA:805,191,1,0
BRDA:807,192,0,0
BRDA:807,192,1,9
BRDA:808,193,0,9
BRDA:808,193,1,9
BRDA:808,193,2,9
BRDA:814,194,0,0
BRDA:814,194,1,0
BRDA:814,194,2,0
BRDA:814,194,3,0
BRDA:814,194,4,0
BRDA:814,194,5,0
BRDA:819,195,0,9
BRDA:819,195,1,9
BRDA:819,195,2,8
BRDA:819,195,3,7
BRDA:819,195,4,6
BRDA:822,196,0,4
BRDA:822,196,1,6
BRDA:828,197,0,6
BRDA:828,197,1,4
BRDA:829,198,0,1
BRDA:829,198,1,5
BRDA:829,199,0,6
BRDA:829,199,1,3
BRDA:835,200,0,5
BRDA:835,200,1,0
BRDA:835,201,0,5
BRDA:835,201,1,5
BRDA:836,202,0,5
BRDA:836,202,1,0
BRDA:839,203,0,1
BRDA:839,203,1,0
BRDA:839,204,0,1
BRDA:839,204,1,1
BRDA:842,205,0,1
BRDA:842,205,1,4
BRDA:850,206,0,4
BRDA:850,206,1,1
BRDA:851,207,0,3
BRDA:851,207,1,1
BRDA:863,208,0,32
BRDA:863,208,1,0
BRDA:863,209,0,33
BRDA:863,209,1,0
BRDA:868,210,0,33
BRDA:868,210,1,33
BRDA:879,211,0,33
BRDA:879,211,1,0
BRDA:881,212,0,33
BRDA:881,212,1,0
BRDA:882,213,0,33
BRDA:882,213,1,0
BRDA:888,214,0,1
BRDA:888,214,1,32
BRDA:890,215,0,33
BRDA:890,215,1,32
BRDA:892,216,0,0
BRDA:892,216,1,33
BRDA:892,217,0,33
BRDA:892,217,1,32
BRDA:898,218,0,4
BRDA:898,218,1,29
BRDA:901,219,0,3
BRDA:901,219,1,1
BRDA:901,220,0,4
BRDA:901,220,1,3
BRDA:903,221,0,3
BRDA:903,221,1,0
BRDA:903,222,0,3
BRDA:903,222,1,3
BRDA:905,223,0,3
BRDA:905,223,1,0
BRDA:909,224,0,3
BRDA:909,224,1,0
BRDA:927,225,0,33
BRDA:927,225,1,0
BRDA:930,226,0,33
BRDA:930,226,1,0
BRDA:941,227,0,33
BRDA:941,227,1,0
BRDA:947,228,0,33
BRDA:947,228,1,0
BRDA:952,229,0,33
BRDA:952,229,1,32
BRDA:954,230,0,33
BRDA:954,230,1,0
BRDA:956,231,0,33
BRDA:956,231,1,0
BRDA:956,232,0,33
BRDA:956,232,1,32
BRDA:957,233,0,33
BRDA:957,233,1,30
BRDA:962,234,0,31
BRDA:962,234,1,1
BRDA:973,235,0,0
BRDA:973,235,1,0
BRDA:981,236,0,1
BRDA:981,236,1,12
BRDA:982,237,0,12
BRDA:982,237,1,12
BRDA:986,238,0,0
BRDA:986,238,1,12
BRDA:986,239,0,12
BRDA:986,239,1,12
BRDA:988,240,0,0
BRDA:988,240,1,0
BRDA:1005,241,0,8
BRDA:1005,241,1,0
BRDA:1007,242,0,3
BRDA:1007,242,1,5
BRDA:1011,243,0,0
BRDA:1011,243,1,5
BRDA:1014,244,0,4
BRDA:1014,244,1,1
BRDA:1016,245,0,5
BRDA:1016,245,1,1
BRDA:1023,246,0,4
BRDA:1023,246,1,1
BRDA:1027,247,0,0
BRDA:1027,247,1,0
BRDA:1034,248,0,5
BRDA:1034,248,1,0
BRDA:1037,249,0,4
BRDA:1037,249,1,1
BRDA:1048,250,0,5
BRDA:1048,250,1,0
BRDA:1059,251,0,0
BRDA:1059,251,1,0
BRDA:1066,252,0,0
BRDA:1066,252,1,6
BRDA:1074,253,0,25
BRDA:1074,253,1,0
BRDA:1075,254,0,25
BRDA:1075,254,1,0
BRDA:1079,255,0,25
BRDA:1079,255,1,0
BRDA:1079,255,2,0
BRDA:1084,256,0,25
BRDA:1084,256,1,0
BRDA:1086,257,0,25
BRDA:1086,257,1,0
BRDA:1088,258,0,25
BRDA:1088,258,1,0
BRDA:1090,259,0,25
BRDA:1090,259,1,0
BRDA:1091,260,0,25
BRDA:1091,260,1,0
BRDA:1093,261,0,25
BRDA:1093,261,1,25
BRDA:1093,261,2,25
BRDA:1097,262,0,0
BRDA:1097,262,1,25
BRDA:1099,263,0,25
BRDA:1099,263,1,0
BRDA:1118,264,0,11
BRDA:1118,264,1,0
BRDA:1120,265,0,1
BRDA:1120,265,1,10
BRDA:1120,266,0,11
BRDA:1120,266,1,11
BRDA:1124,267,0,0
BRDA:1124,267,1,10
BRDA:1127,268,0,10
BRDA:1127,268,1,0
BRDA:1128,269,0,10
BRDA:1128,269,1,0
BRDA:1131,270,0,7
BRDA:1131,270,1,3
BRDA:1131,271,0,10
BRDA:1131,271,1,10
BRDA:1135,272,0,7
BRDA:1135,272,1,6
BRDA:1136,273,0,6
BRDA:1136,273,1,1
BRDA:1138,274,0,6
BRDA:1138,274,1,1
BRDA:1139,275,0,6
BRDA:1139,275,1,1
BRDA:1140,276,0,6
BRDA:1140,276,1,1
BRDA:1141,277,0,6
BRDA:1141,277,1,1
BRDA:1143,278,0,6
BRDA:1143,278,1,0
BRDA:1145,279,0,5
BRDA:1145,279,1,0
BRDA:1146,280,0,5
BRDA:1146,280,1,0
BRDA:1151,281,0,5
BRDA:1151,281,1,0
BRDA:1151,282,0,5
BRDA:1151,282,1,0
BRDA:1156,283,0,6
BRDA:1156,283,1,6
BRDA:1156,284,0,6
BRDA:1156,284,1,6
BRDA:1158,285,0,5
BRDA:1158,285,1,1
BRDA:1163,286,0,4
BRDA:1163,286,1,1
BRDA:1169,287,0,4
BRDA:1169,287,1,0
BRDA:1170,288,0,1
BRDA:1170,288,1,3
BRDA:1170,289,0,4
BRDA:1170,289,1,3
BRDA:1177,290,0,1
BRDA:1177,290,1,4
BRDA:1181,291,0,6
BRDA:1181,291,1,1
BRDA:1185,292,0,3
BRDA:1185,292,1,7
BRDA:1192,293,0,2
BRDA:1192,293,1,1
BRDA:1208,294,0,3
BRDA:1208,294,1,0
BRDA:1210,295,0,3
BRDA:1210,295,1,0
BRDA:1212,296,0,3
BRDA:1212,296,1,0
BRDA:1215,297,0,3
BRDA:1215,297,1,0
BRDA:1219,298,0,3
BRDA:1219,298,1,0
BRDA:1228,299,0,3
BRDA:1228,299,1,0
BRDA:1230,300,0,0
BRDA:1230,300,1,3
BRDA:1231,301,0,3
BRDA:1231,301,1,0
BRDA:1231,302,0,3
BRDA:1231,302,1,0
BRDA:1232,303,0,3
BRDA:1232,303,1,3
BRDA:1261,304,0,3
BRDA:1261,304,1,2
BRDA:1262,305,0,1
BRDA:1262,305,1,2
BRDA:1262,306,0,3
BRDA:1262,306,1,2
BRDA:1282,307,0,0
BRDA:1282,307,1,0
BRDA:1287,308,0,0
BRDA:1287,308,1,10
BRDA:1287,309,0,10
BRDA:1287,309,1,0
BRDA:1289,310,0,0
BRDA:1289,310,1,0
BRDA:1298,311,0,10
BRDA:1298,311,1,0
BRDA:1301,312,0,9
BRDA:1301,312,1,1
BRDA:1310,313,0,9
BRDA:1310,313,1,0
BRDA:1319,314,0,10
BRDA:1319,314,1,0
BRDA:1331,315,0,0
BRDA:1331,315,1,0
BRDA:1337,316,0,38
BRDA:1338,317,0,38
BRDA:1341,318,0,199
BRDA:1341,318,1,187
BRDA:1341,318,2,173
BRDA:1343,319,0,0
BRDA:1343,319,1,198
BRDA:1343,320,0,198
BRDA:1343,320,1,198
BRDA:1343,320,2,198
BRDA:1345,321,0,0
BRDA:1345,321,1,0
BRDA:1349,322,0,198
BRDA:1349,322,1,88
BRDA:1350,323,0,198
BRDA:1350,323,1,0
BRDA:1351,324,0,198
BRDA:1351,324,1,0
BRDA:1352,325,0,198
BRDA:1352,325,1,0
BRDA:1357,326,0,198
BRDA:1357,326,1,185
BRDA:1358,327,0,198
BRDA:1358,327,1,196
BRDA:1359,328,0,198
BRDA:1359,328,1,185
BRDA:1362,329,0,198
BRDA:1362,329,1,0
BRDA:1363,330,0,198
BRDA:1363,330,1,198
BRDA:1365,331,0,198
BRDA:1365,331,1,191
BRDA:1366,332,0,198
BRDA:1366,332,1,184
BRDA:1367,333,0,198
BRDA:1367,333,1,96
BRDA:1368,334,0,198
BRDA:1368,334,1,0
BRDA:1369,335,0,198
BRDA:1369,335,1,158
BRDA:1370,336,0,198
BRDA:1370,336,1,160
BRDA:1372,337,0,198
BRDA:1372,337,1,193
BRDA:1374,338,0,198
BRDA:1374,338,1,197
BRDA:1375,339,0,198
BRDA:1375,339,1,197
BRDA:1376,340,0,198
BRDA:1376,340,1,197
BRDA:1377,341,0,198
BRDA:1377,341,1,0
BRDA:1379,342,0,113
BRDA:1379,342,1,0
BRDA:1380,343,0,113
BRDA:1380,343,1,0
BRDA:1381,344,0,113
BRDA:1381,344,1,2
BRDA:1382,345,0,113
BRDA:1382,345,1,69
BRF:725
BRH:520
end_of_record
TN:
SF:middleware\cache.js
FN:10,initRedis
FN:17,(anonymous_1)
FN:27,(anonymous_2)
FN:37,(anonymous_3)
FN:41,(anonymous_4)
FN:46,(anonymous_5)
FN:64,getRedisClient
FN:71,isRedisAvailable
FN:80,cacheMiddleware
FN:81,(anonymous_9)
FN:107,(anonymous_10)
FN:111,(anonymous_11)
FN:129,invalidateCache
FN:148,clearAllCache
FN:164,closeRedis
FNF:15
FNH:15
FNDA:84,initRedis
FNDA:4,(anonymous_1)
FNDA:2,(anonymous_2)
FNDA:54,(anonymous_3)
FNDA:75,(anonymous_4)
FNDA:3,(anonymous_5)
FNDA:2,getRedisClient
FNDA:129,isRedisAvailable
FNDA:117,cacheMiddleware
FNDA:62,(anonymous_9)
FNDA:30,(anonymous_10)
FNDA:1,(anonymous_11)
FNDA:4,invalidateCache
FNDA:3,clearAllCache
FNDA:35,closeRedis
DA:1,54
DA:2,54
DA:4,54
DA:5,54
DA:11,84
DA:12,84
DA:14,84
DA:18,4
DA:19,1
DA:20,1
DA:22,3
DA:27,84
DA:29,2
DA:32,1
DA:34,2
DA:37,84
DA:38,54
DA:41,84
DA:42,75
DA:43,75
DA:46,84
DA:47,3
DA:48,3
DA:51,84
DA:53,83
DA:55,1
DA:56,1
DA:57,1
DA:65,2
DA:72,129
DA:81,117
DA:83,62
DA:84,1
DA:87,61
DA:89,61
DA:94,61
DA:96,60
DA:97,25
DA:98,25
DA:101,35
DA:104,35
DA:107,35
DA:109,30
DA:111,1
DA:114,30
DA:117,35
DA:119,1
DA:120,1
DA:130,4
DA:131,1
DA:134,3
DA:135,3
DA:136,2
DA:137,1
DA:138,1
DA:141,1
DA:149,3
DA:150,1
DA:153,2
DA:154,2
DA:155,1
DA:157,1
DA:165,35
DA:166,35
DA:167,35
DA:168,35
DA:172,54
LF:67
LH:67
BRDA:12,0,0,84
BRDA:12,0,1,0
BRDA:18,1,0,1
BRDA:18,1,1,3
BRDA:29,2,0,1
BRDA:29,2,1,1
BRDA:65,3,0,1
BRDA:65,3,1,1
BRDA:72,4,0,129
BRDA:72,4,1,122
BRDA:80,5,0,0
BRDA:80,6,0,10
BRDA:83,7,0,1
BRDA:83,7,1,61
BRDA:89,8,0,50
BRDA:89,8,1,11
BRDA:91,9,0,11
BRDA:91,9,1,1
BRDA:96,10,0,25
BRDA:96,10,1,35
BRDA:130,11,0,1
BRDA:130,11,1,3
BRDA:136,12,0,1
BRDA:136,12,1,1
BRDA:149,13,0,1
BRDA:149,13,1,2
BRDA:165,14,0,35
BRDA:165,14,1,0
BRF:28
BRH:25
end_of_record
TN:
SF:middleware\cdn.js
FN:27,setCacheHeaders
FN:28,(anonymous_1)
FN:51,getCDNUrl
FN:78,optimizeStaticServing
FN:79,(anonymous_4)
FN:99,transformUrlsToCDN
FN:100,(anonymous_6)
FN:103,(anonymous_7)
FN:116,transformObject
FN:152,cloudflareOptimizations
FN:153,(anonymous_10)
FN:170,getConfig
FN:182,imageOptimizationHints
FN:183,(anonymous_13)
FNF:14
FNH:14
FNDA:58,setCacheHeaders
FNDA:19,(anonymous_1)
FNDA:56,getCDNUrl
FNDA:2,optimizeStaticServing
FNDA:2,(anonymous_4)
FNDA:10,transformUrlsToCDN
FNDA:6,(anonymous_6)
FNDA:8,(anonymous_7)
FNDA:11,transformObject
FNDA:1,cloudflareOptimizations
FNDA:1,(anonymous_10)
FNDA:3,getConfig
FNDA:4,imageOptimizationHints
FNDA:4,(anonymous_13)
DA:6,54
DA:28,58
DA:29,19
DA:31,19
DA:32,17
DA:37,2
DA:44,19
DA:52,56
DA:55,51
DA:56,2
DA:60,49
DA:62,47
DA:63,47
DA:67,2
DA:68,1
DA:72,1
DA:79,2
DA:81,2
DA:84,2
DA:85,2
DA:86,2
DA:89,2
DA:90,2
DA:92,2
DA:100,10
DA:101,6
DA:103,6
DA:105,8
DA:106,8
DA:109,6
DA:117,11
DA:118,3
DA:121,8
DA:122,1
DA:125,7
DA:126,7
DA:128,12
DA:138,6
DA:139,6
DA:140,1
DA:142,5
DA:146,7
DA:153,1
DA:155,1
DA:158,1
DA:161,1
DA:163,1
DA:171,3
DA:183,4
DA:185,4
DA:188,4
DA:189,3
DA:190,3
DA:193,4
DA:197,54
LF:55
LH:55
BRDA:8,0,0,54
BRDA:8,0,1,1
BRDA:11,1,0,54
BRDA:11,1,1,1
BRDA:14,2,0,54
BRDA:14,2,1,54
BRDA:27,3,0,1
BRDA:29,4,0,19
BRDA:29,4,1,2
BRDA:31,5,0,17
BRDA:31,5,1,2
BRDA:52,6,0,5
BRDA:52,6,1,51
BRDA:55,7,0,2
BRDA:55,7,1,49
BRDA:55,8,0,51
BRDA:55,8,1,50
BRDA:60,9,0,47
BRDA:60,9,1,2
BRDA:62,10,0,46
BRDA:62,10,1,1
BRDA:67,11,0,1
BRDA:67,11,1,1
BRDA:117,12,0,3
BRDA:117,12,1,8
BRDA:117,13,0,11
BRDA:117,13,1,10
BRDA:121,14,0,1
BRDA:121,14,1,7
BRDA:128,15,0,6
BRDA:128,15,1,6
BRDA:139,16,0,1
BRDA:139,16,1,5
BRDA:173,17,0,3
BRDA:173,17,1,2
BRDA:188,18,0,3
BRDA:188,18,1,1
BRDA:188,19,0,4
BRDA:188,19,1,2
BRDA:190,20,0,3
BRDA:190,20,1,1
BRF:41
BRH:41
end_of_record
TN:
SF:middleware\couponValidation.js
FN:16,validateCoupon
FN:41,(anonymous_1)
FN:90,(anonymous_2)
FN:163,updateCouponUsage
FN:171,(anonymous_4)
FN:186,(anonymous_5)
FNF:6
FNH:6
FNDA:41,validateCoupon
FNDA:55,(anonymous_1)
FNDA:5,(anonymous_2)
FNDA:20,updateCouponUsage
FNDA:16,(anonymous_4)
FNDA:3,(anonymous_5)
DA:1,3
DA:2,3
DA:17,41
DA:18,41
DA:21,41
DA:22,2
DA:27,2
DA:31,39
DA:32,37
DA:33,3
DA:40,34
DA:41,55
DA:44,34
DA:45,2
DA:52,32
DA:53,2
DA:60,30
DA:61,30
DA:62,2
DA:68,28
DA:69,2
DA:76,26
DA:81,3
DA:88,23
DA:89,15
DA:90,5
DA:93,15
DA:94,4
DA:95,4
DA:96,2
DA:106,21
DA:107,2
DA:114,19
DA:120,2
DA:129,17
DA:132,17
DA:141,17
DA:145,17
DA:147,2
DA:148,2
DA:164,20
DA:165,20
DA:167,14
DA:168,13
DA:170,11
DA:171,16
DA:173,11
DA:176,9
DA:177,9
DA:180,9
DA:181,8
DA:182,0
DA:185,8
DA:186,3
DA:189,8
DA:191,3
DA:192,3
DA:195,5
DA:203,9
DA:205,8
DA:209,2
DA:214,3
LF:62
LH:61
BRDA:21,0,0,2
BRDA:21,0,1,39
BRDA:32,1,0,3
BRDA:32,1,1,34
BRDA:32,2,0,37
BRDA:32,2,1,35
BRDA:32,2,2,35
BRDA:44,3,0,2
BRDA:44,3,1,32
BRDA:52,4,0,2
BRDA:52,4,1,30
BRDA:61,5,0,2
BRDA:61,5,1,28
BRDA:61,6,0,30
BRDA:61,6,1,15
BRDA:68,7,0,2
BRDA:68,7,1,26
BRDA:68,8,0,28
BRDA:68,8,1,14
BRDA:76,9,0,3
BRDA:76,9,1,23
BRDA:77,10,0,26
BRDA:77,10,1,12
BRDA:77,10,2,12
BRDA:79,11,0,12
BRDA:79,11,1,10
BRDA:88,12,0,15
BRDA:88,12,1,8
BRDA:89,13,0,15
BRDA:89,13,1,0
BRDA:93,14,0,4
BRDA:93,14,1,11
BRDA:94,15,0,4
BRDA:94,15,1,0
BRDA:95,16,0,2
BRDA:95,16,1,2
BRDA:106,17,0,2
BRDA:106,17,1,19
BRDA:106,18,0,21
BRDA:106,18,1,20
BRDA:106,18,2,9
BRDA:114,19,0,2
BRDA:114,19,1,17
BRDA:115,20,0,19
BRDA:115,20,1,7
BRDA:115,20,2,7
BRDA:115,20,3,6
BRDA:129,21,0,16
BRDA:129,21,1,1
BRDA:165,22,0,6
BRDA:165,22,1,14
BRDA:168,23,0,2
BRDA:168,23,1,11
BRDA:168,24,0,13
BRDA:168,24,1,11
BRDA:173,25,0,2
BRDA:173,25,1,9
BRDA:176,26,0,9
BRDA:176,26,1,4
BRDA:180,27,0,8
BRDA:180,27,1,1
BRDA:181,28,0,0
BRDA:181,28,1,8
BRDA:189,29,0,3
BRDA:189,29,1,5
BRF:65
BRH:62
end_of_record
TN:
SF:middleware\imageOptimization.js
FN:23,optimizeImage
FN:85,generateMultipleSizes
FN:107,autoOptimizeMiddleware
FN:108,(anonymous_3)
FN:171,validateImage
FN:180,(anonymous_5)
FN:229,convertToWebP
FNF:7
FNH:7
FNDA:68,optimizeImage
FNDA:4,generateMultipleSizes
FNDA:6,autoOptimizeMiddleware
FNDA:6,(anonymous_3)
FNDA:9,validateImage
FNDA:9,(anonymous_5)
FNDA:2,convertToWebP
DA:1,54
DA:2,54
DA:3,54
DA:10,54
DA:30,68
DA:32,68
DA:33,68
DA:36,67
DA:42,67
DA:45,59
DA:50,59
DA:52,1
DA:57,1
DA:59,6
DA:63,6
DA:66,1
DA:70,67
DA:72,67
DA:74,5
DA:75,5
DA:86,4
DA:87,4
DA:89,4
DA:90,13
DA:96,3
DA:98,1
DA:99,1
DA:108,6
DA:109,6
DA:111,6
DA:112,1
DA:115,5
DA:116,5
DA:118,5
DA:120,7
DA:121,1
DA:122,1
DA:126,6
DA:129,5
DA:137,5
DA:140,5
DA:141,5
DA:143,5
DA:145,5
DA:153,4
DA:154,2
DA:156,2
DA:159,4
DA:161,1
DA:163,1
DA:178,9
DA:180,9
DA:181,9
DA:182,9
DA:183,1
DA:186,8
DA:188,8
DA:189,9
DA:190,1
DA:194,8
DA:195,1
DA:203,7
DA:205,6
DA:206,1
DA:211,5
DA:212,1
DA:218,4
DA:220,1
DA:221,1
DA:230,2
DA:233,54
LF:71
LH:71
BRDA:23,0,0,2
BRDA:25,1,0,8
BRDA:26,2,0,8
BRDA:27,3,0,6
BRDA:28,4,0,5
BRDA:29,5,0,67
BRDA:42,6,0,58
BRDA:42,6,1,59
BRDA:42,6,2,1
BRDA:42,6,3,6
BRDA:42,6,4,1
BRDA:85,7,0,1
BRDA:107,8,0,5
BRDA:111,9,0,1
BRDA:111,9,1,5
BRDA:111,10,0,6
BRDA:111,10,1,3
BRDA:115,11,0,5
BRDA:115,11,1,3
BRDA:120,12,0,1
BRDA:120,12,1,6
BRDA:130,13,0,5
BRDA:130,13,1,4
BRDA:131,14,0,5
BRDA:131,14,1,4
BRDA:132,15,0,5
BRDA:132,15,1,4
BRDA:133,16,0,5
BRDA:133,16,1,4
BRDA:153,17,0,2
BRDA:153,17,1,2
BRDA:171,18,0,8
BRDA:173,19,0,8
BRDA:174,20,0,8
BRDA:175,21,0,8
BRDA:176,22,0,8
BRDA:177,23,0,8
BRDA:182,24,0,1
BRDA:182,24,1,8
BRDA:182,25,0,9
BRDA:182,25,1,2
BRDA:186,26,0,8
BRDA:186,26,1,7
BRDA:189,27,0,1
BRDA:189,27,1,8
BRDA:194,28,0,1
BRDA:194,28,1,7
BRDA:205,29,0,1
BRDA:205,29,1,5
BRDA:205,30,0,6
BRDA:205,30,1,5
BRDA:211,31,0,1
BRDA:211,31,1,4
BRDA:211,32,0,5
BRDA:211,32,1,4
BRDA:229,33,0,1
BRF:56
BRH:56
end_of_record
TN:
SF:middleware\pagination.js
FN:19,paginationMiddleware
FN:22,(anonymous_1)
FN:53,paginate
FN:77,getPaginationMeta
FNF:4
FNH:4
FNDA:114,paginationMiddleware
FNDA:57,(anonymous_1)
FNDA:30,paginate
FNDA:5,getPaginationMeta
DA:20,114
DA:22,114
DA:24,57
DA:25,57
DA:28,57
DA:29,57
DA:32,57
DA:35,57
DA:41,57
DA:54,30
DA:55,30
DA:56,30
DA:58,30
DA:78,5
DA:79,5
DA:80,5
DA:82,5
DA:94,54
LF:18
LH:18
BRDA:19,0,0,7
BRDA:20,1,0,7
BRDA:20,2,0,7
BRDA:24,3,0,57
BRDA:24,3,1,45
BRDA:28,4,0,57
BRDA:28,4,1,44
BRDA:67,5,0,5
BRDA:67,5,1,25
BRDA:68,6,0,3
BRDA:68,6,1,27
BRDA:89,7,0,2
BRDA:89,7,1,3
BRDA:90,8,0,3
BRDA:90,8,1,2
BRF:15
BRH:15
end_of_record
TN:
SF:middleware\validation.js
FN:8,(anonymous_0)
FN:9,(anonymous_1)
FN:16,(anonymous_2)
FN:207,sanitizeString
FN:223,sanitizeObject
FN:247,(anonymous_5)
FNF:6
FNH:6
FNDA:159,(anonymous_0)
FNDA:94,(anonymous_1)
FNDA:39,(anonymous_2)
FNDA:530,sanitizeString
FNDA:641,sanitizeObject
FNDA:116,(anonymous_5)
DA:1,54
DA:8,54
DA:9,159
DA:10,94
DA:15,94
DA:16,39
DA:21,27
DA:27,67
DA:36,54
DA:89,54
DA:104,54
DA:116,54
DA:131,54
DA:138,54
DA:152,54
DA:160,54
DA:169,54
DA:176,54
DA:196,54
DA:208,530
DA:211,530
DA:214,530
DA:219,530
DA:224,641
DA:225,0
DA:228,641
DA:230,641
DA:232,1063
DA:234,1046
DA:235,530
DA:236,516
DA:237,290
DA:239,226
DA:243,641
DA:247,54
DA:248,116
DA:249,116
DA:251,116
DA:252,115
DA:254,116
DA:255,115
DA:257,116
DA:264,54
LF:43
LH:42
BRDA:15,0,0,27
BRDA:15,0,1,67
BRDA:208,1,0,0
BRDA:208,1,1,530
BRDA:224,2,0,0
BRDA:224,2,1,641
BRDA:224,3,0,641
BRDA:224,3,1,641
BRDA:228,4,0,82
BRDA:228,4,1,559
BRDA:232,5,0,17
BRDA:232,5,1,1046
BRDA:234,6,0,530
BRDA:234,6,1,516
BRDA:236,7,0,290
BRDA:236,7,1,226
BRDA:248,8,0,116
BRDA:248,8,1,0
BRDA:251,9,0,115
BRDA:251,9,1,1
BRDA:254,10,0,115
BRDA:254,10,1,1
BRF:22
BRH:19
end_of_record
TN:
SF:middleware\verifyFirebaseToken.js
FN:15,verifyFirebaseToken
FN:103,optionalFirebaseToken
FNF:2
FNH:2
FNDA:129,verifyFirebaseToken
FNDA:13,optionalFirebaseToken
DA:8,54
DA:16,129
DA:18,129
DA:19,4
DA:20,4
DA:27,125
DA:28,125
DA:29,18
DA:35,107
DA:36,107
DA:37,2
DA:44,105
DA:47,89
DA:55,88
DA:57,88
DA:63,88
DA:65,17
DA:68,17
DA:69,2
DA:75,15
DA:76,2
DA:82,13
DA:83,2
DA:89,11
DA:104,13
DA:105,13
DA:106,2
DA:109,11
DA:110,11
DA:111,5
DA:114,6
DA:115,6
DA:116,1
DA:119,5
DA:120,3
DA:126,2
DA:128,2
DA:131,3
DA:132,3
DA:136,54
DA:137,54
LF:41
LH:41
BRDA:18,0,0,4
BRDA:18,0,1,125
BRDA:28,1,0,18
BRDA:28,1,1,107
BRDA:28,2,0,125
BRDA:28,2,1,113
BRDA:36,3,0,2
BRDA:36,3,1,105
BRDA:68,4,0,2
BRDA:68,4,1,15
BRDA:75,5,0,2
BRDA:75,5,1,13
BRDA:82,6,0,2
BRDA:82,6,1,11
BRDA:92,7,0,1
BRDA:92,7,1,10
BRDA:105,8,0,2
BRDA:105,8,1,11
BRDA:110,9,0,5
BRDA:110,9,1,6
BRDA:110,10,0,11
BRDA:110,10,1,9
BRDA:115,11,0,1
BRDA:115,11,1,5
BRF:24
BRH:24
end_of_record
TN:
SF:routes\admin.js
FN:11,getJwtSecret
FN:58,(anonymous_1)
FN:68,(anonymous_2)
FN:118,(anonymous_3)
FN:172,(anonymous_4)
FN:231,requireAdmin
FN:292,parsePagination
FN:300,parseDateRange
FN:314,(anonymous_8)
FN:397,(anonymous_9)
FN:401,(anonymous_10)
FN:402,(anonymous_11)
FN:427,(anonymous_12)
FN:443,(anonymous_13)
FN:472,(anonymous_14)
FN:491,(anonymous_15)
FN:577,(anonymous_16)
FN:597,(anonymous_17)
FN:616,(anonymous_18)
FN:643,(anonymous_19)
FN:646,(anonymous_20)
FN:684,(anonymous_21)
FN:720,(anonymous_22)
FN:772,(anonymous_23)
FN:792,(anonymous_24)
FN:877,(anonymous_25)
FN:949,(anonymous_26)
FN:1006,(anonymous_27)
FN:1032,_deleteSellerCascade
FN:1058,_deleteDeliveryAgentCascade
FN:1088,(anonymous_30)
FN:1094,(anonymous_31)
FN:1105,(anonymous_32)
FN:1129,(anonymous_33)
FN:1177,(anonymous_34)
FN:1178,(anonymous_35)
FN:1187,(anonymous_36)
FN:1192,(anonymous_37)
FN:1210,_resolveUserIdsByEmail
FN:1232,(anonymous_39)
FN:1258,(anonymous_40)
FN:1273,(anonymous_41)
FN:1297,(anonymous_42)
FN:1378,_appendLog
FN:1395,(anonymous_44)
FN:1437,(anonymous_45)
FN:1439,(anonymous_46)
FN:1444,(anonymous_47)
FN:1446,(anonymous_48)
FN:1451,(anonymous_49)
FN:1473,(anonymous_50)
FN:1483,(anonymous_51)
FN:1505,(anonymous_52)
FN:1510,(anonymous_53)
FN:1518,(anonymous_54)
FN:1523,_httpGetJson
FN:1524,(anonymous_56)
FN:1526,(anonymous_57)
FN:1528,(anonymous_58)
FN:1529,(anonymous_59)
FN:1541,_geocodeAddress
FN:1561,_placeDetails
FN:1575,_parseLatLngText
FN:1587,(anonymous_63)
FN:1676,(anonymous_64)
FN:1784,(anonymous_65)
FN:1828,calculateDistance
FN:1848,(anonymous_67)
FN:1879,(anonymous_68)
FN:1901,(anonymous_69)
FN:2029,(anonymous_70)
FN:2045,(anonymous_71)
FN:2055,(anonymous_72)
FN:2081,(anonymous_73)
FN:2118,(anonymous_74)
FN:2144,(anonymous_75)
FN:2163,(anonymous_76)
FN:2176,(anonymous_77)
FN:2221,(anonymous_78)
FN:2237,(anonymous_79)
FN:2239,(anonymous_80)
FN:2287,(anonymous_81)
FN:2360,(anonymous_82)
FN:2390,(anonymous_83)
FN:2393,(anonymous_84)
FN:2402,(anonymous_85)
FN:2410,(anonymous_86)
FN:2440,(anonymous_87)
FN:2476,(anonymous_88)
FN:2523,(anonymous_89)
FN:2537,(anonymous_90)
FN:2596,(anonymous_91)
FN:2609,(anonymous_92)
FN:2639,(anonymous_93)
FN:2651,(anonymous_94)
FN:2676,(anonymous_95)
FN:2692,(anonymous_96)
FN:2722,(anonymous_97)
FN:2735,(anonymous_98)
FN:2760,(anonymous_99)
FN:2788,(anonymous_100)
FN:2828,(anonymous_101)
FN:2854,(anonymous_102)
FN:2880,(anonymous_103)
FN:2899,(anonymous_104)
FN:2917,(anonymous_105)
FN:2936,(anonymous_106)
FN:2955,(anonymous_107)
FN:2967,(anonymous_108)
FN:2987,(anonymous_109)
FN:3054,(anonymous_110)
FN:3065,(anonymous_111)
FN:3083,(anonymous_112)
FN:3127,(anonymous_113)
FN:3138,(anonymous_114)
FN:3141,(anonymous_115)
FN:3155,(anonymous_116)
FN:3176,(anonymous_117)
FN:3199,(anonymous_118)
FN:3229,(anonymous_119)
FN:3256,(anonymous_120)
FN:3274,(anonymous_121)
FN:3293,(anonymous_122)
FN:3357,(anonymous_123)
FN:3385,(anonymous_124)
FN:3430,(anonymous_125)
FN:3478,(anonymous_126)
FN:3518,(anonymous_127)
FN:3553,(anonymous_128)
FN:3574,(anonymous_129)
FN:3599,(anonymous_130)
FN:3612,(anonymous_131)
FNF:132
FNH:123
FNDA:640,getJwtSecret
FNDA:726,(anonymous_1)
FNDA:722,(anonymous_2)
FNDA:13,(anonymous_3)
FNDA:6,(anonymous_4)
FNDA:707,requireAdmin
FNDA:91,parsePagination
FNDA:42,parseDateRange
FNDA:12,(anonymous_8)
FNDA:7,(anonymous_9)
FNDA:7,(anonymous_10)
FNDA:7,(anonymous_11)
FNDA:13,(anonymous_12)
FNDA:18,(anonymous_13)
FNDA:29,(anonymous_14)
FNDA:17,(anonymous_15)
FNDA:9,(anonymous_16)
FNDA:8,(anonymous_17)
FNDA:30,(anonymous_18)
FNDA:10,(anonymous_19)
FNDA:10,(anonymous_20)
FNDA:9,(anonymous_21)
FNDA:7,(anonymous_22)
FNDA:8,(anonymous_23)
FNDA:3,(anonymous_24)
FNDA:12,(anonymous_25)
FNDA:0,(anonymous_26)
FNDA:11,(anonymous_27)
FNDA:5,_deleteSellerCascade
FNDA:5,_deleteDeliveryAgentCascade
FNDA:6,(anonymous_30)
FNDA:4,(anonymous_31)
FNDA:13,(anonymous_32)
FNDA:15,(anonymous_33)
FNDA:10,(anonymous_34)
FNDA:6,(anonymous_35)
FNDA:5,(anonymous_36)
FNDA:5,(anonymous_37)
FNDA:10,_resolveUserIdsByEmail
FNDA:23,(anonymous_39)
FNDA:13,(anonymous_40)
FNDA:18,(anonymous_41)
FNDA:5,(anonymous_42)
FNDA:1,_appendLog
FNDA:2,(anonymous_44)
FNDA:1,(anonymous_45)
FNDA:2,(anonymous_46)
FNDA:0,(anonymous_47)
FNDA:0,(anonymous_48)
FNDA:1,(anonymous_49)
FNDA:1,(anonymous_50)
FNDA:1,(anonymous_51)
FNDA:0,(anonymous_52)
FNDA:0,(anonymous_53)
FNDA:0,(anonymous_54)
FNDA:2,_httpGetJson
FNDA:2,(anonymous_56)
FNDA:2,(anonymous_57)
FNDA:2,(anonymous_58)
FNDA:2,(anonymous_59)
FNDA:2,_geocodeAddress
FNDA:0,_placeDetails
FNDA:6,_parseLatLngText
FNDA:28,(anonymous_63)
FNDA:5,(anonymous_64)
FNDA:12,(anonymous_65)
FNDA:6,calculateDistance
FNDA:10,(anonymous_67)
FNDA:9,(anonymous_68)
FNDA:19,(anonymous_69)
FNDA:2,(anonymous_70)
FNDA:3,(anonymous_71)
FNDA:11,(anonymous_72)
FNDA:12,(anonymous_73)
FNDA:10,(anonymous_74)
FNDA:11,(anonymous_75)
FNDA:3,(anonymous_76)
FNDA:11,(anonymous_77)
FNDA:28,(anonymous_78)
FNDA:8,(anonymous_79)
FNDA:8,(anonymous_80)
FNDA:18,(anonymous_81)
FNDA:33,(anonymous_82)
FNDA:1,(anonymous_83)
FNDA:1,(anonymous_84)
FNDA:5,(anonymous_85)
FNDA:4,(anonymous_86)
FNDA:27,(anonymous_87)
FNDA:2,(anonymous_88)
FNDA:6,(anonymous_89)
FNDA:5,(anonymous_90)
FNDA:5,(anonymous_91)
FNDA:4,(anonymous_92)
FNDA:5,(anonymous_93)
FNDA:4,(anonymous_94)
FNDA:0,(anonymous_95)
FNDA:4,(anonymous_96)
FNDA:3,(anonymous_97)
FNDA:5,(anonymous_98)
FNDA:3,(anonymous_99)
FNDA:3,(anonymous_100)
FNDA:0,(anonymous_101)
FNDA:4,(anonymous_102)
FNDA:4,(anonymous_103)
FNDA:5,(anonymous_104)
FNDA:4,(anonymous_105)
FNDA:6,(anonymous_106)
FNDA:10,(anonymous_107)
FNDA:11,(anonymous_108)
FNDA:14,(anonymous_109)
FNDA:10,(anonymous_110)
FNDA:10,(anonymous_111)
FNDA:26,(anonymous_112)
FNDA:73,(anonymous_113)
FNDA:4,(anonymous_114)
FNDA:73,(anonymous_115)
FNDA:10,(anonymous_116)
FNDA:1,(anonymous_117)
FNDA:4,(anonymous_118)
FNDA:6,(anonymous_119)
FNDA:8,(anonymous_120)
FNDA:11,(anonymous_121)
FNDA:6,(anonymous_122)
FNDA:5,(anonymous_123)
FNDA:17,(anonymous_124)
FNDA:6,(anonymous_125)
FNDA:13,(anonymous_126)
FNDA:9,(anonymous_127)
FNDA:7,(anonymous_128)
FNDA:8,(anonymous_129)
FNDA:4,(anonymous_130)
FNDA:4,(anonymous_131)
DA:1,53
DA:2,53
DA:3,53
DA:4,53
DA:5,53
DA:6,53
DA:7,53
DA:8,53
DA:12,640
DA:13,640
DA:14,0
DA:16,640
DA:35,53
DA:41,53
DA:46,53
DA:49,53
DA:58,53
DA:60,726
DA:61,726
DA:62,726
DA:63,726
DA:64,726
DA:65,726
DA:68,726
DA:69,722
DA:70,0
DA:71,0
DA:72,0
DA:78,726
DA:82,53
DA:83,53
DA:86,53
DA:96,53
DA:106,53
DA:118,53
DA:119,13
DA:120,13
DA:122,13
DA:123,3
DA:127,10
DA:128,10
DA:129,2
DA:133,8
DA:134,8
DA:136,0
DA:137,0
DA:138,0
DA:140,8
DA:141,3
DA:145,5
DA:155,5
DA:166,0
DA:167,0
DA:172,53
DA:173,6
DA:174,6
DA:177,6
DA:178,2
DA:183,4
DA:184,1
DA:189,3
DA:190,1
DA:196,2
DA:197,2
DA:198,0
DA:201,2
DA:202,2
DA:203,0
DA:207,2
DA:208,2
DA:209,1
DA:213,1
DA:214,1
DA:216,1
DA:221,0
DA:222,0
DA:232,707
DA:233,707
DA:234,707
DA:235,707
DA:237,707
DA:238,635
DA:241,635
DA:242,635
DA:243,628
DA:244,626
DA:245,626
DA:249,7
DA:250,7
DA:253,7
DA:257,81
DA:258,3
DA:262,81
DA:263,81
DA:264,0
DA:265,0
DA:266,0
DA:269,0
DA:270,0
DA:276,0
DA:283,81
DA:284,6
DA:285,6
DA:288,75
DA:293,91
DA:294,91
DA:295,91
DA:296,91
DA:301,42
DA:302,42
DA:305,42
DA:306,42
DA:307,0
DA:308,42
DA:309,42
DA:314,53
DA:315,12
DA:316,12
DA:317,12
DA:322,12
DA:374,11
DA:378,11
DA:379,11
DA:380,10
DA:383,10
DA:385,11
DA:386,11
DA:387,11
DA:388,84170
DA:389,84170
DA:390,84170
DA:391,84170
DA:395,11
DA:396,11
DA:397,7
DA:398,6
DA:401,7
DA:402,7
DA:410,11
DA:421,1
DA:422,1
DA:427,53
DA:428,13
DA:429,13
DA:430,13
DA:431,13
DA:434,12
DA:435,12
DA:436,29
DA:437,29
DA:438,29
DA:440,12
DA:441,12
DA:442,11
DA:443,18
DA:446,11
DA:447,6
DA:448,6
DA:449,6
DA:450,6
DA:456,6
DA:460,11
DA:461,29
DA:462,4
DA:471,11
DA:472,29
DA:474,11
DA:475,3
DA:483,12
DA:485,1
DA:486,1
DA:491,53
DA:492,17
DA:493,17
DA:494,17
DA:498,17
DA:499,17
DA:500,17
DA:504,17
DA:526,16
DA:527,16
DA:528,16
DA:529,16
DA:530,5
DA:540,16
DA:544,15
DA:545,15
DA:546,3
DA:555,15
DA:556,15
DA:557,8
DA:562,8
DA:563,7
DA:566,15
DA:572,2
DA:573,2
DA:577,53
DA:578,9
DA:579,9
DA:580,9
DA:581,9
DA:582,9
DA:590,8
DA:592,1
DA:593,1
DA:597,53
DA:598,8
DA:599,8
DA:600,8
DA:601,2
DA:602,6
DA:607,5
DA:608,3
DA:610,1
DA:611,1
DA:616,53
DA:617,30
DA:618,30
DA:619,30
DA:620,30
DA:621,30
DA:622,3
DA:623,3
DA:630,30
DA:641,29
DA:642,29
DA:643,10
DA:645,29
DA:646,10
DA:648,29
DA:670,28
DA:671,28
DA:672,1
DA:673,2
DA:675,28
DA:676,28
DA:677,1
DA:678,2
DA:680,28
DA:681,9
DA:682,9
DA:684,9
DA:685,9
DA:686,9
DA:687,9
DA:688,9
DA:689,1
DA:690,1
DA:693,9
DA:695,1
DA:696,0
DA:698,9
DA:699,9
DA:700,9
DA:701,1
DA:702,1
DA:705,9
DA:706,9
DA:709,1
DA:712,29
DA:714,1
DA:715,1
DA:720,53
DA:721,7
DA:724,7
DA:727,7
DA:728,7
DA:729,7
DA:730,2
DA:731,2
DA:741,7
DA:742,7
DA:743,2
DA:749,2
DA:753,5
DA:754,5
DA:765,4
DA:767,1
DA:768,1
DA:772,53
DA:773,8
DA:774,8
DA:775,8
DA:776,2
DA:777,6
DA:782,4
DA:783,2
DA:785,2
DA:786,2
DA:792,53
DA:793,3
DA:794,3
DA:795,3
DA:796,1
DA:797,2
DA:800,2
DA:801,1
DA:803,0
DA:877,53
DA:878,12
DA:879,12
DA:880,12
DA:881,1
DA:882,11
DA:885,10
DA:886,8
DA:887,8
DA:888,8
DA:889,2
DA:890,2
DA:892,8
DA:893,2
DA:894,2
DA:895,2
DA:896,1
DA:897,1
DA:901,8
DA:908,2
DA:909,2
DA:913,2
DA:914,0
DA:915,0
DA:919,8
DA:925,2
DA:928,2
DA:930,8
DA:931,3
DA:933,8
DA:941,1
DA:949,53
DA:950,0
DA:951,0
DA:1006,53
DA:1007,11
DA:1008,11
DA:1009,11
DA:1010,11
DA:1011,11
DA:1012,11
DA:1013,11
DA:1014,11
DA:1024,9
DA:1026,2
DA:1027,2
DA:1033,5
DA:1035,5
DA:1036,5
DA:1038,5
DA:1039,5
DA:1041,5
DA:1042,5
DA:1043,5
DA:1044,5
DA:1045,5
DA:1046,5
DA:1047,1
DA:1048,1
DA:1049,0
DA:1051,1
DA:1052,1
DA:1055,5
DA:1059,5
DA:1061,5
DA:1062,5
DA:1063,5
DA:1065,5
DA:1074,5
DA:1075,5
DA:1076,0
DA:1077,0
DA:1078,0
DA:1080,0
DA:1081,0
DA:1084,5
DA:1088,53
DA:1089,6
DA:1090,6
DA:1094,3
DA:1095,4
DA:1097,3
DA:1099,3
DA:1100,3
DA:1105,53
DA:1106,13
DA:1107,13
DA:1108,13
DA:1109,7
DA:1122,6
DA:1124,0
DA:1125,0
DA:1129,53
DA:1130,15
DA:1132,15
DA:1134,15
DA:1135,5
DA:1140,15
DA:1141,2
DA:1146,15
DA:1147,2
DA:1152,15
DA:1153,1
DA:1158,15
DA:1159,0
DA:1164,15
DA:1165,2
DA:1169,15
DA:1170,0
DA:1175,15
DA:1176,5
DA:1177,10
DA:1178,6
DA:1188,5
DA:1192,5
DA:1196,15
DA:1201,13
DA:1203,2
DA:1204,2
DA:1211,10
DA:1214,10
DA:1215,10
DA:1221,10
DA:1222,10
DA:1223,40
DA:1224,5
DA:1225,5
DA:1228,10
DA:1232,53
DA:1233,23
DA:1234,23
DA:1235,23
DA:1236,23
DA:1237,23
DA:1238,23
DA:1239,7
DA:1240,7
DA:1242,23
DA:1245,23
DA:1250,20
DA:1252,3
DA:1253,3
DA:1258,53
DA:1259,13
DA:1260,13
DA:1261,13
DA:1262,9
DA:1266,7
DA:1268,2
DA:1273,53
DA:1274,18
DA:1275,18
DA:1276,18
DA:1277,4
DA:1279,14
DA:1280,14
DA:1281,14
DA:1282,14
DA:1283,10
DA:1284,10
DA:1285,10
DA:1286,3
DA:1287,3
DA:1289,10
DA:1290,8
DA:1297,8
DA:1300,14
DA:1301,14
DA:1302,5
DA:1304,9
DA:1305,9
DA:1306,9
DA:1308,9
DA:1311,9
DA:1317,9
DA:1318,0
DA:1321,9
DA:1322,9
DA:1323,9
DA:1324,9
DA:1325,9
DA:1326,9
DA:1327,9
DA:1328,9
DA:1341,9
DA:1342,9
DA:1343,9
DA:1344,9
DA:1349,9
DA:1357,0
DA:1358,0
DA:1364,53
DA:1379,1
DA:1380,1
DA:1381,1
DA:1383,1
DA:1385,1
DA:1386,0
DA:1387,0
DA:1392,53
DA:1396,2
DA:1397,2
DA:1398,1
DA:1400,1
DA:1403,1
DA:1409,1
DA:1423,1
DA:1424,1
DA:1425,1
DA:1430,1
DA:1431,1
DA:1432,1
DA:1434,1
DA:1435,1
DA:1437,1
DA:1438,1
DA:1439,1
DA:1440,2
DA:1441,1
DA:1444,1
DA:1445,0
DA:1446,0
DA:1447,0
DA:1448,0
DA:1451,1
DA:1452,1
DA:1453,1
DA:1454,1
DA:1455,1
DA:1458,1
DA:1460,0
DA:1461,0
DA:1462,0
DA:1463,0
DA:1464,0
DA:1465,0
DA:1470,53
DA:1474,1
DA:1475,1
DA:1480,53
DA:1484,1
DA:1485,1
DA:1490,0
DA:1497,1
DA:1502,53
DA:1506,0
DA:1507,0
DA:1508,0
DA:1509,0
DA:1510,0
DA:1511,0
DA:1512,0
DA:1513,0
DA:1514,0
DA:1515,0
DA:1518,0
DA:1524,2
DA:1525,2
DA:1527,2
DA:1528,2
DA:1529,2
DA:1530,2
DA:1531,2
DA:1533,0
DA:1542,2
DA:1543,2
DA:1547,2
DA:1548,2
DA:1549,1
DA:1550,1
DA:1552,2
DA:1553,2
DA:1554,2
DA:1555,1
DA:1556,1
DA:1557,1
DA:1558,1
DA:1562,0
DA:1563,0
DA:1564,0
DA:1567,0
DA:1568,0
DA:1569,0
DA:1570,0
DA:1571,0
DA:1572,0
DA:1576,6
DA:1577,6
DA:1580,6
DA:1581,3
DA:1582,3
DA:1583,3
DA:1584,3
DA:1587,53
DA:1588,28
DA:1590,28
DA:1591,28
DA:1592,11
DA:1596,17
DA:1597,17
DA:1598,17
DA:1600,17
DA:1601,17
DA:1603,15
DA:1604,3
DA:1612,15
DA:1614,12
DA:1615,12
DA:1616,12
DA:1619,12
DA:1620,12
DA:1621,6
DA:1622,6
DA:1625,12
DA:1630,0
DA:1631,0
DA:1636,12
DA:1637,12
DA:1638,12
DA:1644,6
DA:1645,6
DA:1646,5
DA:1647,5
DA:1653,3
DA:1654,3
DA:1655,3
DA:1657,5
DA:1668,6
DA:1669,6
DA:1670,1
DA:1676,5
DA:1677,1
DA:1679,6
DA:1684,1
DA:1688,6
DA:1689,6
DA:1690,3
DA:1691,3
DA:1692,3
DA:1693,3
DA:1699,2
DA:1700,2
DA:1701,2
DA:1703,3
DA:1713,3
DA:1714,3
DA:1720,1
DA:1724,3
DA:1725,2
DA:1726,2
DA:1727,0
DA:1732,3
DA:1733,2
DA:1734,0
DA:1739,2
DA:1741,3
DA:1742,1
DA:1748,2
DA:1749,2
DA:1750,1
DA:1751,1
DA:1753,1
DA:1755,2
DA:1756,2
DA:1757,2
DA:1763,0
DA:1764,0
DA:1765,0
DA:1767,2
DA:1775,3
DA:1776,3
DA:1781,53
DA:1785,12
DA:1786,12
DA:1789,12
DA:1790,12
DA:1791,12
DA:1793,11
DA:1794,2
DA:1802,11
DA:1805,9
DA:1806,2
DA:1812,7
DA:1813,7
DA:1815,6
DA:1821,2
DA:1824,4
DA:1825,4
DA:1829,6
DA:1830,6
DA:1831,6
DA:1833,6
DA:1838,6
DA:1839,6
DA:1843,4
DA:1848,3
DA:1849,10
DA:1851,10
DA:1856,6
DA:1857,6
DA:1858,6
DA:1866,10
DA:1879,3
DA:1881,9
DA:1883,5
DA:1884,4
DA:1885,3
DA:1886,0
DA:1889,3
DA:1891,3
DA:1892,3
DA:1898,53
DA:1902,19
DA:1903,19
DA:1904,19
DA:1905,19
DA:1906,1
DA:1911,18
DA:1912,18
DA:1913,18
DA:1915,18
DA:1916,1
DA:1924,18
DA:1927,17
DA:1928,2
DA:1932,15
DA:1935,15
DA:1936,15
DA:1937,15
DA:1939,15
DA:1940,0
DA:1944,15
DA:1945,1
DA:1947,14
DA:1948,2
DA:1950,12
DA:1951,2
DA:1957,10
DA:1960,2
DA:1961,2
DA:1971,8
DA:1972,8
DA:1973,1
DA:1974,1
DA:1981,8
DA:1982,8
DA:1983,8
DA:1984,7
DA:1986,8
DA:1991,8
DA:1996,8
DA:1999,7
DA:2004,7
DA:2005,7
DA:2006,7
DA:2007,7
DA:2008,0
DA:2009,0
DA:2011,7
DA:2014,7
DA:2021,1
DA:2022,1
DA:2029,53
DA:2030,2
DA:2031,2
DA:2032,1
DA:2034,1
DA:2035,1
DA:2036,1
DA:2037,1
DA:2038,1
DA:2039,1
DA:2041,0
DA:2045,53
DA:2046,3
DA:2047,3
DA:2048,2
DA:2050,1
DA:2051,1
DA:2055,53
DA:2056,11
DA:2057,11
DA:2058,11
DA:2059,2
DA:2060,9
DA:2061,2
DA:2062,7
DA:2063,2
DA:2064,5
DA:2065,5
DA:2066,2
DA:2067,3
DA:2068,3
DA:2069,2
DA:2076,1
DA:2077,1
DA:2081,53
DA:2082,12
DA:2083,12
DA:2084,12
DA:2085,2
DA:2086,10
DA:2087,10
DA:2088,2
DA:2090,8
DA:2091,8
DA:2092,6
DA:2093,3
DA:2094,3
DA:2095,2
DA:2100,4
DA:2105,2
DA:2106,2
DA:2113,2
DA:2114,2
DA:2118,53
DA:2119,10
DA:2120,10
DA:2121,10
DA:2122,2
DA:2124,8
DA:2125,8
DA:2126,6
DA:2127,3
DA:2128,3
DA:2129,2
DA:2134,4
DA:2135,3
DA:2136,3
DA:2138,1
DA:2139,1
DA:2144,53
DA:2145,11
DA:2146,11
DA:2147,11
DA:2148,11
DA:2149,11
DA:2160,10
DA:2161,10
DA:2162,3
DA:2163,3
DA:2165,10
DA:2166,10
DA:2167,10
DA:2168,10
DA:2170,1
DA:2171,1
DA:2176,53
DA:2177,11
DA:2178,11
DA:2189,11
DA:2211,11
DA:2216,11
DA:2217,11
DA:2218,11
DA:2219,14
DA:2221,28
DA:2222,14
DA:2223,14
DA:2224,28
DA:2225,8
DA:2227,20
DA:2233,11
DA:2234,11
DA:2235,8
DA:2237,8
DA:2238,8
DA:2239,8
DA:2241,8
DA:2242,7
DA:2246,11
DA:2247,11
DA:2250,11
DA:2253,11
DA:2254,11
DA:2255,11
DA:2256,14
DA:2257,4
DA:2259,10
DA:2263,11
DA:2267,11
DA:2280,0
DA:2281,0
DA:2282,0
DA:2287,53
DA:2288,18
DA:2302,18
DA:2303,18
DA:2304,18
DA:2305,18
DA:2306,18
DA:2307,0
DA:2308,18
DA:2311,18
DA:2312,2
DA:2316,18
DA:2317,4
DA:2318,4
DA:2319,4
DA:2320,4
DA:2323,18
DA:2324,3
DA:2325,3
DA:2326,2
DA:2327,2
DA:2328,2
DA:2332,3
DA:2333,2
DA:2334,2
DA:2335,2
DA:2339,3
DA:2341,18
DA:2343,4
DA:2344,4
DA:2346,4
DA:2347,1
DA:2350,18
DA:2351,18
DA:2352,18
DA:2360,16
DA:2362,33
DA:2365,33
DA:2366,33
DA:2368,33
DA:2383,16
DA:2385,2
DA:2386,2
DA:2390,53
DA:2391,1
DA:2393,53
DA:2394,1
DA:2402,53
DA:2403,5
DA:2404,5
DA:2405,5
DA:2406,2
DA:2410,3
DA:2411,4
DA:2428,3
DA:2430,0
DA:2431,0
DA:2440,53
DA:2441,27
DA:2452,27
DA:2455,27
DA:2456,2
DA:2463,25
DA:2464,3
DA:2470,22
DA:2471,22
DA:2472,20
DA:2476,22
DA:2477,22
DA:2478,2
DA:2485,20
DA:2501,20
DA:2502,20
DA:2503,20
DA:2505,20
DA:2507,20
DA:2513,0
DA:2514,0
DA:2523,53
DA:2524,6
DA:2525,6
DA:2526,6
DA:2528,6
DA:2529,6
DA:2530,1
DA:2536,5
DA:2537,5
DA:2539,5
DA:2540,1
DA:2546,4
DA:2549,4
DA:2550,4
DA:2551,2
DA:2556,2
DA:2558,2
DA:2559,2
DA:2560,2
DA:2561,2
DA:2562,0
DA:2563,2
DA:2564,0
DA:2565,2
DA:2566,0
DA:2567,2
DA:2568,0
DA:2569,2
DA:2570,0
DA:2572,2
DA:2573,2
DA:2574,2
DA:2576,2
DA:2578,2
DA:2580,2
DA:2586,0
DA:2587,0
DA:2596,53
DA:2597,5
DA:2598,5
DA:2600,5
DA:2601,5
DA:2602,1
DA:2608,4
DA:2609,4
DA:2611,4
DA:2612,1
DA:2618,3
DA:2619,3
DA:2620,3
DA:2622,2
DA:2624,2
DA:2629,1
DA:2630,1
DA:2639,53
DA:2640,5
DA:2641,5
DA:2643,5
DA:2644,5
DA:2645,1
DA:2651,4
DA:2652,4
DA:2653,1
DA:2660,3
DA:2665,2
DA:2676,0
DA:2681,1
DA:2682,1
DA:2690,53
DA:2692,53
DA:2693,4
DA:2694,4
DA:2695,4
DA:2697,4
DA:2705,3
DA:2707,3
DA:2717,1
DA:2718,1
DA:2722,53
DA:2723,3
DA:2724,3
DA:2728,3
DA:2730,0
DA:2731,0
DA:2735,53
DA:2736,5
DA:2737,5
DA:2739,5
DA:2740,1
DA:2743,4
DA:2749,3
DA:2750,1
DA:2753,2
DA:2755,1
DA:2756,1
DA:2760,53
DA:2761,3
DA:2762,3
DA:2764,3
DA:2765,1
DA:2768,2
DA:2774,2
DA:2775,1
DA:2778,1
DA:2783,0
DA:2784,0
DA:2788,53
DA:2789,3
DA:2790,3
DA:2792,3
DA:2793,1
DA:2796,2
DA:2797,2
DA:2798,1
DA:2802,1
DA:2817,1
DA:2828,1
DA:2829,0
DA:2830,0
DA:2831,0
DA:2833,0
DA:2843,1
DA:2849,0
DA:2850,0
DA:2854,53
DA:2855,4
DA:2856,4
DA:2858,4
DA:2859,1
DA:2862,3
DA:2868,2
DA:2869,1
DA:2872,1
DA:2874,1
DA:2875,1
DA:2880,53
DA:2881,4
DA:2882,4
DA:2883,4
DA:2884,4
DA:2885,4
DA:2893,3
DA:2895,1
DA:2896,1
DA:2899,53
DA:2900,5
DA:2901,5
DA:2902,5
DA:2903,2
DA:2904,3
DA:2911,2
DA:2913,1
DA:2914,1
DA:2917,53
DA:2918,4
DA:2919,4
DA:2920,4
DA:2921,1
DA:2922,3
DA:2927,2
DA:2928,1
DA:2930,1
DA:2931,1
DA:2936,53
DA:2937,6
DA:2938,6
DA:2939,6
DA:2940,6
DA:2941,6
DA:2949,4
DA:2951,2
DA:2952,2
DA:2955,53
DA:2956,10
DA:2957,10
DA:2958,10
DA:2959,5
DA:2960,5
DA:2961,3
DA:2963,2
DA:2964,2
DA:2967,53
DA:2968,11
DA:2969,11
DA:2970,11
DA:2971,3
DA:2972,8
DA:2977,6
DA:2978,3
DA:2980,2
DA:2981,2
DA:2987,53
DA:2988,14
DA:2989,14
DA:2990,14
DA:2991,14
DA:2992,14
DA:2993,14
DA:2994,4
DA:2995,4
DA:2996,4
DA:2999,14
DA:3000,14
DA:3002,14
DA:3053,14
DA:3054,13
DA:3055,10
DA:3056,10
DA:3057,10
DA:3064,13
DA:3066,10
DA:3067,10
DA:3068,10
DA:3069,10
DA:3070,10
DA:3074,13
DA:3076,1
DA:3077,1
DA:3083,53
DA:3084,26
DA:3085,26
DA:3087,26
DA:3090,26
DA:3092,26
DA:3093,26
DA:3094,5
DA:3096,26
DA:3097,2
DA:3099,26
DA:3100,26
DA:3101,26
DA:3102,2
DA:3103,2
DA:3104,1
DA:3105,1
DA:3107,2
DA:3108,1
DA:3109,1
DA:3111,2
DA:3114,26
DA:3124,25
DA:3127,73
DA:3131,25
DA:3132,25
DA:3133,18
DA:3138,18
DA:3141,73
DA:3146,25
DA:3148,1
DA:3149,1
DA:3155,53
DA:3156,10
DA:3157,10
DA:3158,10
DA:3159,10
DA:3160,3
DA:3162,7
DA:3167,6
DA:3168,3
DA:3170,1
DA:3171,1
DA:3176,53
DA:3177,1
DA:3178,1
DA:3179,1
DA:3181,1
DA:3182,1
DA:3185,1
DA:3189,1
DA:3191,0
DA:3192,0
DA:3199,53
DA:3200,4
DA:3201,4
DA:3203,4
DA:3204,1
DA:3209,3
DA:3218,3
DA:3219,1
DA:3221,2
DA:3222,1
DA:3224,1
DA:3225,1
DA:3229,53
DA:3230,6
DA:3231,6
DA:3232,6
DA:3233,2
DA:3236,4
DA:3242,4
DA:3243,2
DA:3246,2
DA:3248,0
DA:3249,0
DA:3251,0
DA:3252,0
DA:3256,53
DA:3257,8
DA:3258,8
DA:3259,8
DA:3260,8
DA:3261,1
DA:3262,7
DA:3263,7
DA:3264,5
DA:3265,5
DA:3266,5
DA:3268,0
DA:3269,0
DA:3274,53
DA:3275,11
DA:3276,11
DA:3277,11
DA:3278,11
DA:3279,2
DA:3280,9
DA:3281,9
DA:3282,3
DA:3283,6
DA:3284,5
DA:3285,5
DA:3287,1
DA:3288,1
DA:3293,53
DA:3294,6
DA:3311,6
DA:3313,6
DA:3316,6
DA:3320,6
DA:3321,1
DA:3327,5
DA:3346,5
DA:3347,2
DA:3349,3
DA:3350,2
DA:3352,1
DA:3353,1
DA:3357,53
DA:3358,5
DA:3359,5
DA:3360,5
DA:3361,1
DA:3364,4
DA:3370,3
DA:3371,1
DA:3374,2
DA:3376,1
DA:3377,0
DA:3379,1
DA:3380,1
DA:3385,53
DA:3386,17
DA:3387,17
DA:3388,17
DA:3389,4
DA:3393,13
DA:3394,13
DA:3395,4
DA:3399,9
DA:3400,1
DA:3404,1
DA:3405,1
DA:3410,8
DA:3413,8
DA:3415,6
DA:3417,2
DA:3418,0
DA:3420,2
DA:3421,2
DA:3430,53
DA:3431,6
DA:3442,6
DA:3444,6
DA:3445,1
DA:3450,5
DA:3451,5
DA:3469,5
DA:3470,4
DA:3472,1
DA:3473,1
DA:3478,53
DA:3479,13
DA:3480,13
DA:3481,13
DA:3482,2
DA:3485,11
DA:3486,11
DA:3487,3
DA:3488,3
DA:3490,11
DA:3492,2
DA:3493,2
DA:3495,11
DA:3496,2
DA:3497,2
DA:3500,11
DA:3506,10
DA:3507,2
DA:3510,8
DA:3512,1
DA:3513,1
DA:3518,53
DA:3519,9
DA:3520,9
DA:3521,9
DA:3522,2
DA:3525,7
DA:3526,7
DA:3527,1
DA:3528,1
DA:3530,7
DA:3531,0
DA:3532,0
DA:3534,7
DA:3535,2
DA:3536,2
DA:3539,7
DA:3544,6
DA:3545,2
DA:3546,4
DA:3548,1
DA:3549,1
DA:3553,53
DA:3554,7
DA:3555,7
DA:3556,7
DA:3557,2
DA:3560,5
DA:3562,4
DA:3563,2
DA:3566,2
DA:3568,1
DA:3569,1
DA:3574,53
DA:3575,8
DA:3576,8
DA:3577,8
DA:3578,2
DA:3581,6
DA:3587,5
DA:3588,3
DA:3591,2
DA:3593,1
DA:3594,1
DA:3599,53
DA:3600,4
DA:3601,4
DA:3602,4
DA:3603,4
DA:3604,4
DA:3606,4
DA:3607,4
DA:3610,4
DA:3612,4
DA:3613,4
LF:1415
LH:1292
BRDA:13,0,0,0
BRDA:13,0,1,640
BRDA:51,1,0,53
BRDA:51,1,1,0
BRDA:69,2,0,0
BRDA:69,2,1,722
BRDA:71,3,0,0
BRDA:71,3,1,0
BRDA:71,3,2,0
BRDA:122,4,0,3
BRDA:122,4,1,10
BRDA:122,5,0,13
BRDA:122,5,1,11
BRDA:128,6,0,2
BRDA:128,6,1,8
BRDA:134,7,0,0
BRDA:134,7,1,8
BRDA:134,8,0,8
BRDA:134,8,1,3
BRDA:134,8,2,3
BRDA:140,9,0,3
BRDA:140,9,1,5
BRDA:161,10,0,5
BRDA:161,10,1,5
BRDA:177,11,0,2
BRDA:177,11,1,4
BRDA:177,12,0,6
BRDA:177,12,1,5
BRDA:183,13,0,1
BRDA:183,13,1,3
BRDA:189,14,0,1
BRDA:189,14,1,2
BRDA:197,15,0,0
BRDA:197,15,1,2
BRDA:202,16,0,0
BRDA:202,16,1,2
BRDA:208,17,0,1
BRDA:208,17,1,1
BRDA:235,18,0,707
BRDA:235,18,1,72
BRDA:237,19,0,635
BRDA:237,19,1,72
BRDA:237,20,0,707
BRDA:237,20,1,635
BRDA:243,21,0,626
BRDA:243,21,1,2
BRDA:249,22,0,7
BRDA:249,22,1,0
BRDA:257,23,0,3
BRDA:257,23,1,78
BRDA:257,24,0,81
BRDA:257,24,1,74
BRDA:263,25,0,0
BRDA:263,25,1,81
BRDA:265,26,0,0
BRDA:265,26,1,0
BRDA:267,27,0,0
BRDA:267,27,1,0
BRDA:269,28,0,0
BRDA:269,28,1,0
BRDA:273,29,0,0
BRDA:273,29,1,0
BRDA:283,30,0,6
BRDA:283,30,1,75
BRDA:283,31,0,81
BRDA:283,31,1,79
BRDA:283,31,2,79
BRDA:283,31,3,10
BRDA:284,32,0,2
BRDA:284,32,1,4
BRDA:293,33,0,91
BRDA:293,33,1,80
BRDA:294,34,0,91
BRDA:294,34,1,81
BRDA:300,35,0,0
BRDA:300,36,0,0
BRDA:302,37,0,16
BRDA:302,37,1,26
BRDA:305,38,0,16
BRDA:305,38,1,26
BRDA:306,39,0,0
BRDA:306,39,1,42
BRDA:308,40,0,0
BRDA:308,40,1,42
BRDA:374,41,0,8
BRDA:374,41,1,3
BRDA:374,42,0,11
BRDA:374,42,1,11
BRDA:379,43,0,11
BRDA:379,43,1,0
BRDA:389,44,0,84170
BRDA:389,44,1,84160
BRDA:396,45,0,6
BRDA:396,45,1,5
BRDA:404,46,0,7
BRDA:404,46,1,0
BRDA:413,47,0,11
BRDA:413,47,1,3
BRDA:414,48,0,11
BRDA:414,48,1,3
BRDA:415,49,0,11
BRDA:415,49,1,3
BRDA:437,50,0,11
BRDA:437,50,1,18
BRDA:449,51,0,6
BRDA:449,51,1,0
BRDA:461,52,0,4
BRDA:461,52,1,25
BRDA:461,53,0,29
BRDA:461,53,1,24
BRDA:472,54,0,29
BRDA:472,54,1,20
BRDA:474,55,0,3
BRDA:474,55,1,8
BRDA:474,56,0,11
BRDA:474,56,1,3
BRDA:526,57,0,16
BRDA:526,57,1,3
BRDA:527,58,0,16
BRDA:527,58,1,10
BRDA:529,59,0,5
BRDA:529,59,1,11
BRDA:529,60,0,16
BRDA:529,60,1,6
BRDA:544,61,0,15
BRDA:544,61,1,3
BRDA:545,62,0,3
BRDA:545,62,1,12
BRDA:545,63,0,15
BRDA:545,63,1,5
BRDA:562,64,0,7
BRDA:562,64,1,1
BRDA:581,65,0,3
BRDA:581,65,1,6
BRDA:600,66,0,2
BRDA:600,66,1,6
BRDA:607,67,0,2
BRDA:607,67,1,3
BRDA:621,68,0,3
BRDA:621,68,1,27
BRDA:643,69,0,10
BRDA:643,69,1,10
BRDA:646,70,0,10
BRDA:646,70,1,0
BRDA:649,71,0,7
BRDA:649,71,1,22
BRDA:649,72,0,29
BRDA:649,72,1,29
BRDA:652,73,0,0
BRDA:652,73,1,7
BRDA:653,74,0,7
BRDA:653,74,1,0
BRDA:659,75,0,7
BRDA:659,75,1,22
BRDA:659,76,0,29
BRDA:659,76,1,29
BRDA:662,77,0,0
BRDA:662,77,1,7
BRDA:663,78,0,7
BRDA:663,78,1,0
BRDA:688,79,0,1
BRDA:688,79,1,8
BRDA:689,80,0,1
BRDA:689,80,1,0
BRDA:693,81,0,1
BRDA:693,81,1,8
BRDA:695,82,0,1
BRDA:695,82,1,0
BRDA:700,83,0,1
BRDA:700,83,1,8
BRDA:705,84,0,1
BRDA:705,84,1,8
BRDA:724,85,0,7
BRDA:724,85,1,7
BRDA:724,85,2,6
BRDA:728,86,0,3
BRDA:728,86,1,4
BRDA:729,87,0,2
BRDA:729,87,1,5
BRDA:741,88,0,7
BRDA:741,88,1,2
BRDA:741,88,2,2
BRDA:742,89,0,2
BRDA:742,89,1,5
BRDA:775,90,0,2
BRDA:775,90,1,6
BRDA:782,91,0,2
BRDA:782,91,1,2
BRDA:795,92,0,1
BRDA:795,92,1,2
BRDA:800,93,0,1
BRDA:800,93,1,1
BRDA:805,94,0,0
BRDA:805,94,1,0
BRDA:880,95,0,1
BRDA:880,95,1,11
BRDA:885,96,0,2
BRDA:885,96,1,8
BRDA:888,97,0,2
BRDA:888,97,1,6
BRDA:888,98,0,8
BRDA:888,98,1,2
BRDA:892,99,0,2
BRDA:892,99,1,6
BRDA:892,100,0,8
BRDA:892,100,1,6
BRDA:892,100,2,6
BRDA:895,101,0,1
BRDA:895,101,1,1
BRDA:901,102,0,2
BRDA:901,102,1,6
BRDA:902,103,0,8
BRDA:902,103,1,5
BRDA:902,103,2,5
BRDA:902,103,3,2
BRDA:902,103,4,2
BRDA:913,104,0,0
BRDA:913,104,1,2
BRDA:919,105,0,2
BRDA:919,105,1,6
BRDA:920,106,0,8
BRDA:920,106,1,5
BRDA:920,106,2,2
BRDA:920,106,3,2
BRDA:930,107,0,3
BRDA:930,107,1,5
BRDA:943,108,0,1
BRDA:943,108,1,0
BRDA:1010,109,0,1
BRDA:1010,109,1,10
BRDA:1011,110,0,1
BRDA:1011,110,1,10
BRDA:1012,111,0,3
BRDA:1012,111,1,8
BRDA:1036,112,0,5
BRDA:1036,112,1,2
BRDA:1039,113,0,5
BRDA:1039,113,1,2
BRDA:1041,114,0,5
BRDA:1041,114,1,2
BRDA:1043,115,0,5
BRDA:1043,115,1,2
BRDA:1045,116,0,5
BRDA:1045,116,1,2
BRDA:1046,117,0,1
BRDA:1046,117,1,4
BRDA:1046,118,0,5
BRDA:1046,118,1,2
BRDA:1046,118,2,1
BRDA:1052,119,0,1
BRDA:1052,119,1,0
BRDA:1061,120,0,5
BRDA:1061,120,1,4
BRDA:1063,121,0,5
BRDA:1063,121,1,4
BRDA:1074,122,0,5
BRDA:1074,122,1,4
BRDA:1075,123,0,0
BRDA:1075,123,1,5
BRDA:1075,124,0,5
BRDA:1075,124,1,2
BRDA:1075,124,2,0
BRDA:1081,125,0,0
BRDA:1081,125,1,0
BRDA:1108,126,0,7
BRDA:1108,126,1,6
BRDA:1134,127,0,5
BRDA:1134,127,1,10
BRDA:1137,128,0,5
BRDA:1137,128,1,0
BRDA:1140,129,0,2
BRDA:1140,129,1,13
BRDA:1143,130,0,2
BRDA:1143,130,1,0
BRDA:1146,131,0,2
BRDA:1146,131,1,13
BRDA:1149,132,0,2
BRDA:1149,132,1,0
BRDA:1152,133,0,1
BRDA:1152,133,1,14
BRDA:1155,134,0,1
BRDA:1155,134,1,0
BRDA:1158,135,0,0
BRDA:1158,135,1,15
BRDA:1161,136,0,0
BRDA:1161,136,1,0
BRDA:1164,137,0,2
BRDA:1164,137,1,13
BRDA:1169,138,0,0
BRDA:1169,138,1,15
BRDA:1172,139,0,0
BRDA:1172,139,1,0
BRDA:1175,140,0,5
BRDA:1175,140,1,10
BRDA:1177,141,0,10
BRDA:1177,141,1,10
BRDA:1177,141,2,8
BRDA:1180,142,0,6
BRDA:1180,142,1,0
BRDA:1182,143,0,6
BRDA:1182,143,1,5
BRDA:1183,144,0,0
BRDA:1183,144,1,6
BRDA:1184,145,0,0
BRDA:1184,145,1,6
BRDA:1185,146,0,2
BRDA:1185,146,1,4
BRDA:1188,147,0,5
BRDA:1188,147,1,0
BRDA:1211,148,0,10
BRDA:1211,148,1,0
BRDA:1214,149,0,0
BRDA:1214,149,1,10
BRDA:1224,150,0,5
BRDA:1224,150,1,0
BRDA:1225,151,0,5
BRDA:1225,151,1,0
BRDA:1234,152,0,23
BRDA:1234,152,1,0
BRDA:1235,153,0,23
BRDA:1235,153,1,20
BRDA:1237,154,0,4
BRDA:1237,154,1,19
BRDA:1238,155,0,7
BRDA:1238,155,1,16
BRDA:1242,156,0,8
BRDA:1242,156,1,15
BRDA:1260,157,0,13
BRDA:1260,157,1,4
BRDA:1261,158,0,4
BRDA:1261,158,1,9
BRDA:1276,159,0,4
BRDA:1276,159,1,14
BRDA:1276,160,0,18
BRDA:1276,160,1,14
BRDA:1279,161,0,14
BRDA:1279,161,1,0
BRDA:1281,162,0,4
BRDA:1281,162,1,10
BRDA:1282,163,0,10
BRDA:1282,163,1,4
BRDA:1282,164,0,14
BRDA:1282,164,1,7
BRDA:1282,164,2,7
BRDA:1282,164,3,3
BRDA:1284,165,0,7
BRDA:1284,165,1,3
BRDA:1285,166,0,3
BRDA:1285,166,1,7
BRDA:1289,167,0,8
BRDA:1289,167,1,2
BRDA:1301,168,0,5
BRDA:1301,168,1,9
BRDA:1304,169,0,9
BRDA:1304,169,1,3
BRDA:1305,170,0,9
BRDA:1305,170,1,3
BRDA:1306,171,0,9
BRDA:1306,171,1,6
BRDA:1308,172,0,0
BRDA:1308,172,1,9
BRDA:1308,173,0,9
BRDA:1308,173,1,0
BRDA:1318,174,0,0
BRDA:1318,174,1,0
BRDA:1342,175,0,9
BRDA:1342,175,1,8
BRDA:1343,176,0,9
BRDA:1343,176,1,1
BRDA:1358,177,0,0
BRDA:1358,177,1,0
BRDA:1381,178,0,0
BRDA:1381,178,1,1
BRDA:1383,179,0,0
BRDA:1383,179,1,1
BRDA:1385,180,0,0
BRDA:1385,180,1,1
BRDA:1385,181,0,1
BRDA:1385,181,1,1
BRDA:1385,181,2,1
BRDA:1387,182,0,0
BRDA:1387,182,1,0
BRDA:1397,183,0,1
BRDA:1397,183,1,1
BRDA:1400,184,0,1
BRDA:1400,184,1,0
BRDA:1431,185,0,0
BRDA:1431,185,1,1
BRDA:1432,186,0,0
BRDA:1432,186,1,1
BRDA:1440,187,0,1
BRDA:1440,187,1,1
BRDA:1447,188,0,0
BRDA:1447,188,1,0
BRDA:1455,189,0,0
BRDA:1455,189,1,1
BRDA:1463,190,0,0
BRDA:1463,190,1,0
BRDA:1512,191,0,0
BRDA:1512,191,1,0
BRDA:1512,192,0,0
BRDA:1512,192,1,0
BRDA:1542,193,0,0
BRDA:1542,193,1,2
BRDA:1542,194,0,2
BRDA:1542,194,1,2
BRDA:1547,195,0,2
BRDA:1547,195,1,1
BRDA:1548,196,0,1
BRDA:1548,196,1,1
BRDA:1549,197,0,0
BRDA:1549,197,1,1
BRDA:1554,198,0,1
BRDA:1554,198,1,1
BRDA:1558,199,0,1
BRDA:1558,199,1,0
BRDA:1562,200,0,0
BRDA:1562,200,1,0
BRDA:1568,201,0,0
BRDA:1568,201,1,0
BRDA:1572,202,0,0
BRDA:1572,202,1,0
BRDA:1576,203,0,0
BRDA:1576,203,1,6
BRDA:1580,204,0,3
BRDA:1580,204,1,3
BRDA:1583,205,0,0
BRDA:1583,205,1,3
BRDA:1583,206,0,3
BRDA:1583,206,1,3
BRDA:1590,207,0,28
BRDA:1590,207,1,11
BRDA:1590,207,2,11
BRDA:1591,208,0,11
BRDA:1591,208,1,17
BRDA:1597,209,0,17
BRDA:1597,209,1,0
BRDA:1600,210,0,17
BRDA:1600,210,1,0
BRDA:1603,211,0,3
BRDA:1603,211,1,12
BRDA:1608,212,0,3
BRDA:1608,212,1,0
BRDA:1612,213,0,3
BRDA:1612,213,1,12
BRDA:1614,214,0,12
BRDA:1614,214,1,0
BRDA:1615,215,0,12
BRDA:1615,215,1,0
BRDA:1620,216,0,6
BRDA:1620,216,1,6
BRDA:1625,217,0,0
BRDA:1625,217,1,12
BRDA:1626,218,0,12
BRDA:1626,218,1,6
BRDA:1626,218,2,6
BRDA:1636,219,0,1
BRDA:1636,219,1,11
BRDA:1637,220,0,1
BRDA:1637,220,1,11
BRDA:1638,221,0,6
BRDA:1638,221,1,6
BRDA:1639,222,0,12
BRDA:1639,222,1,6
BRDA:1639,222,2,6
BRDA:1639,222,3,6
BRDA:1647,223,0,3
BRDA:1647,223,1,2
BRDA:1648,224,0,5
BRDA:1648,224,1,3
BRDA:1648,224,2,3
BRDA:1648,224,3,0
BRDA:1668,225,0,4
BRDA:1668,225,1,2
BRDA:1668,226,0,6
BRDA:1668,226,1,4
BRDA:1669,227,0,1
BRDA:1669,227,1,5
BRDA:1669,228,0,6
BRDA:1669,228,1,2
BRDA:1676,229,0,5
BRDA:1676,229,1,5
BRDA:1679,230,0,1
BRDA:1679,230,1,5
BRDA:1680,231,0,6
BRDA:1680,231,1,1
BRDA:1680,231,2,1
BRDA:1689,232,0,3
BRDA:1689,232,1,3
BRDA:1693,233,0,2
BRDA:1693,233,1,1
BRDA:1694,234,0,3
BRDA:1694,234,1,2
BRDA:1694,234,2,2
BRDA:1694,234,3,0
BRDA:1714,235,0,1
BRDA:1714,235,1,2
BRDA:1715,236,0,3
BRDA:1715,236,1,1
BRDA:1715,236,2,1
BRDA:1715,236,3,1
BRDA:1724,237,0,2
BRDA:1724,237,1,1
BRDA:1725,238,0,2
BRDA:1725,238,1,2
BRDA:1725,238,2,2
BRDA:1726,239,0,0
BRDA:1726,239,1,2
BRDA:1732,240,0,2
BRDA:1732,240,1,1
BRDA:1733,241,0,0
BRDA:1733,241,1,2
BRDA:1741,242,0,1
BRDA:1741,242,1,2
BRDA:1749,243,0,1
BRDA:1749,243,1,1
BRDA:1751,244,0,1
BRDA:1751,244,1,0
BRDA:1757,245,0,0
BRDA:1757,245,1,2
BRDA:1758,246,0,2
BRDA:1758,246,1,1
BRDA:1758,246,2,1
BRDA:1758,246,3,1
BRDA:1790,247,0,12
BRDA:1790,247,1,0
BRDA:1793,248,0,2
BRDA:1793,248,1,9
BRDA:1798,249,0,2
BRDA:1798,249,1,0
BRDA:1802,250,0,2
BRDA:1802,250,1,9
BRDA:1805,251,0,2
BRDA:1805,251,1,7
BRDA:1815,252,0,2
BRDA:1815,252,1,4
BRDA:1816,253,0,6
BRDA:1816,253,1,6
BRDA:1816,253,2,6
BRDA:1816,253,3,4
BRDA:1851,254,0,6
BRDA:1851,254,1,4
BRDA:1852,255,0,10
BRDA:1852,255,1,10
BRDA:1852,255,2,6
BRDA:1868,256,0,10
BRDA:1868,256,1,0
BRDA:1869,257,0,10
BRDA:1869,257,1,0
BRDA:1870,258,0,10
BRDA:1870,258,1,0
BRDA:1871,259,0,6
BRDA:1871,259,1,4
BRDA:1872,260,0,10
BRDA:1872,260,1,7
BRDA:1881,261,0,4
BRDA:1881,261,1,5
BRDA:1881,262,0,0
BRDA:1881,262,1,4
BRDA:1883,263,0,1
BRDA:1883,263,1,4
BRDA:1883,264,0,5
BRDA:1883,264,1,2
BRDA:1884,265,0,1
BRDA:1884,265,1,3
BRDA:1885,266,0,3
BRDA:1885,266,1,0
BRDA:1904,267,0,19
BRDA:1904,267,1,0
BRDA:1905,268,0,1
BRDA:1905,268,1,18
BRDA:1905,269,0,19
BRDA:1905,269,1,1
BRDA:1912,270,0,18
BRDA:1912,270,1,0
BRDA:1915,271,0,1
BRDA:1915,271,1,17
BRDA:1920,272,0,1
BRDA:1920,272,1,0
BRDA:1924,273,0,1
BRDA:1924,273,1,17
BRDA:1927,274,0,2
BRDA:1927,274,1,15
BRDA:1932,275,0,15
BRDA:1932,275,1,0
BRDA:1936,276,0,15
BRDA:1936,276,1,0
BRDA:1936,277,0,15
BRDA:1936,277,1,15
BRDA:1939,278,0,0
BRDA:1939,278,1,15
BRDA:1939,279,0,15
BRDA:1939,279,1,1
BRDA:1944,280,0,1
BRDA:1944,280,1,14
BRDA:1947,281,0,2
BRDA:1947,281,1,12
BRDA:1950,282,0,2
BRDA:1950,282,1,10
BRDA:1950,283,0,12
BRDA:1950,283,1,10
BRDA:1950,283,2,3
BRDA:1957,284,0,2
BRDA:1957,284,1,8
BRDA:1958,285,0,10
BRDA:1958,285,1,7
BRDA:1972,286,0,1
BRDA:1972,286,1,7
BRDA:1972,287,0,8
BRDA:1972,287,1,1
BRDA:1983,288,0,7
BRDA:1983,288,1,1
BRDA:1986,289,0,8
BRDA:1986,289,1,0
BRDA:2008,290,0,0
BRDA:2008,290,1,0
BRDA:2031,291,0,1
BRDA:2031,291,1,1
BRDA:2031,292,0,2
BRDA:2031,292,1,1
BRDA:2057,293,0,11
BRDA:2057,293,1,0
BRDA:2058,294,0,2
BRDA:2058,294,1,9
BRDA:2058,295,0,11
BRDA:2058,295,1,11
BRDA:2060,296,0,2
BRDA:2060,296,1,7
BRDA:2060,297,0,9
BRDA:2060,297,1,9
BRDA:2062,298,0,2
BRDA:2062,298,1,5
BRDA:2062,299,0,7
BRDA:2062,299,1,7
BRDA:2062,299,2,7
BRDA:2065,300,0,2
BRDA:2065,300,1,3
BRDA:2084,301,0,2
BRDA:2084,301,1,10
BRDA:2086,302,0,10
BRDA:2086,302,1,0
BRDA:2087,303,0,2
BRDA:2087,303,1,8
BRDA:2087,304,0,10
BRDA:2087,304,1,10
BRDA:2091,305,0,2
BRDA:2091,305,1,6
BRDA:2092,306,0,3
BRDA:2092,306,1,3
BRDA:2092,307,0,6
BRDA:2092,307,1,4
BRDA:2094,308,0,2
BRDA:2094,308,1,1
BRDA:2105,309,0,0
BRDA:2105,309,1,2
BRDA:2121,310,0,2
BRDA:2121,310,1,8
BRDA:2125,311,0,2
BRDA:2125,311,1,6
BRDA:2126,312,0,3
BRDA:2126,312,1,3
BRDA:2128,313,0,2
BRDA:2128,313,1,1
BRDA:2135,314,0,0
BRDA:2135,314,1,3
BRDA:2146,315,0,11
BRDA:2146,315,1,8
BRDA:2147,316,0,11
BRDA:2147,316,1,8
BRDA:2161,317,0,3
BRDA:2161,317,1,7
BRDA:2222,318,0,14
BRDA:2222,318,1,2
BRDA:2224,319,0,8
BRDA:2224,319,1,20
BRDA:2239,320,0,8
BRDA:2239,320,1,7
BRDA:2241,321,0,7
BRDA:2241,321,1,1
BRDA:2246,322,0,7
BRDA:2246,322,1,4
BRDA:2247,323,0,3
BRDA:2247,323,1,8
BRDA:2250,324,0,4
BRDA:2250,324,1,7
BRDA:2256,325,0,4
BRDA:2256,325,1,10
BRDA:2256,326,0,14
BRDA:2256,326,1,2
BRDA:2296,327,0,17
BRDA:2297,328,0,17
BRDA:2304,329,0,1
BRDA:2304,329,1,17
BRDA:2305,330,0,1
BRDA:2305,330,1,17
BRDA:2306,331,0,0
BRDA:2306,331,1,18
BRDA:2306,332,0,18
BRDA:2306,332,1,0
BRDA:2308,333,0,0
BRDA:2308,333,1,18
BRDA:2311,334,0,2
BRDA:2311,334,1,16
BRDA:2316,335,0,4
BRDA:2316,335,1,14
BRDA:2316,336,0,18
BRDA:2316,336,1,15
BRDA:2318,337,0,3
BRDA:2318,337,1,1
BRDA:2319,338,0,3
BRDA:2319,338,1,1
BRDA:2323,339,0,3
BRDA:2323,339,1,15
BRDA:2323,340,0,18
BRDA:2323,340,1,16
BRDA:2325,341,0,2
BRDA:2325,341,1,1
BRDA:2327,342,0,2
BRDA:2327,342,1,0
BRDA:2332,343,0,2
BRDA:2332,343,1,1
BRDA:2334,344,0,2
BRDA:2334,344,1,0
BRDA:2339,345,0,3
BRDA:2339,345,1,0
BRDA:2341,346,0,4
BRDA:2341,346,1,14
BRDA:2346,347,0,1
BRDA:2346,347,1,3
BRDA:2350,348,0,18
BRDA:2350,348,1,0
BRDA:2351,349,0,18
BRDA:2351,349,1,0
BRDA:2362,350,0,33
BRDA:2362,350,1,0
BRDA:2362,351,0,33
BRDA:2362,351,1,33
BRDA:2364,352,0,0
BRDA:2364,352,1,0
BRDA:2365,353,0,33
BRDA:2365,353,1,26
BRDA:2371,354,0,33
BRDA:2371,354,1,0
BRDA:2372,355,0,0
BRDA:2372,355,1,0
BRDA:2372,356,0,0
BRDA:2372,356,1,0
BRDA:2380,357,0,33
BRDA:2380,357,1,0
BRDA:2405,358,0,2
BRDA:2405,358,1,3
BRDA:2419,359,0,4
BRDA:2419,359,1,1
BRDA:2422,360,0,4
BRDA:2422,360,1,0
BRDA:2445,361,0,20
BRDA:2446,362,0,21
BRDA:2447,363,0,27
BRDA:2450,364,0,23
BRDA:2451,365,0,23
BRDA:2455,366,0,2
BRDA:2455,366,1,25
BRDA:2455,367,0,27
BRDA:2455,367,1,26
BRDA:2463,368,0,3
BRDA:2463,368,1,22
BRDA:2463,369,0,25
BRDA:2463,369,1,24
BRDA:2471,370,0,20
BRDA:2471,370,1,2
BRDA:2477,371,0,2
BRDA:2477,371,1,20
BRDA:2491,372,0,0
BRDA:2491,372,1,20
BRDA:2492,373,0,0
BRDA:2492,373,1,20
BRDA:2529,374,0,1
BRDA:2529,374,1,5
BRDA:2539,375,0,1
BRDA:2539,375,1,4
BRDA:2549,376,0,4
BRDA:2549,376,1,0
BRDA:2550,377,0,2
BRDA:2550,377,1,2
BRDA:2550,378,0,4
BRDA:2550,378,1,3
BRDA:2558,379,0,2
BRDA:2558,379,1,0
BRDA:2559,380,0,2
BRDA:2559,380,1,0
BRDA:2561,381,0,0
BRDA:2561,381,1,2
BRDA:2563,382,0,0
BRDA:2563,382,1,2
BRDA:2564,383,0,0
BRDA:2564,383,1,0
BRDA:2565,384,0,0
BRDA:2565,384,1,2
BRDA:2566,385,0,0
BRDA:2566,385,1,0
BRDA:2567,386,0,0
BRDA:2567,386,1,2
BRDA:2569,387,0,0
BRDA:2569,387,1,2
BRDA:2601,388,0,1
BRDA:2601,388,1,4
BRDA:2611,389,0,1
BRDA:2611,389,1,3
BRDA:2644,390,0,1
BRDA:2644,390,1,4
BRDA:2652,391,0,1
BRDA:2652,391,1,3
BRDA:2669,392,0,2
BRDA:2669,392,1,2
BRDA:2671,393,0,2
BRDA:2671,393,1,0
BRDA:2672,394,0,2
BRDA:2672,394,1,0
BRDA:2676,395,0,0
BRDA:2676,395,1,0
BRDA:2694,396,0,3
BRDA:2694,397,0,3
BRDA:2739,398,0,1
BRDA:2739,398,1,4
BRDA:2749,399,0,1
BRDA:2749,399,1,2
BRDA:2764,400,0,1
BRDA:2764,400,1,2
BRDA:2774,401,0,1
BRDA:2774,401,1,1
BRDA:2792,402,0,1
BRDA:2792,402,1,2
BRDA:2797,403,0,1
BRDA:2797,403,1,1
BRDA:2829,404,0,0
BRDA:2829,404,1,0
BRDA:2830,405,0,0
BRDA:2830,405,1,0
BRDA:2836,406,0,0
BRDA:2836,406,1,0
BRDA:2858,407,0,1
BRDA:2858,407,1,3
BRDA:2868,408,0,1
BRDA:2868,408,1,1
BRDA:2884,409,0,1
BRDA:2884,409,1,3
BRDA:2902,410,0,2
BRDA:2902,410,1,3
BRDA:2902,411,0,5
BRDA:2902,411,1,4
BRDA:2909,412,0,1
BRDA:2909,412,1,2
BRDA:2920,413,0,1
BRDA:2920,413,1,3
BRDA:2927,414,0,1
BRDA:2927,414,1,1
BRDA:2940,415,0,2
BRDA:2940,415,1,4
BRDA:2958,416,0,5
BRDA:2958,416,1,5
BRDA:2958,417,0,10
BRDA:2958,417,1,7
BRDA:2970,418,0,3
BRDA:2970,418,1,8
BRDA:2977,419,0,3
BRDA:2977,419,1,3
BRDA:2990,420,0,4
BRDA:2990,420,1,10
BRDA:2991,421,0,3
BRDA:2991,421,1,11
BRDA:2993,422,0,4
BRDA:2993,422,1,10
BRDA:2993,423,0,14
BRDA:2993,423,1,10
BRDA:2995,424,0,3
BRDA:2995,424,1,1
BRDA:2995,425,0,4
BRDA:2995,425,1,4
BRDA:2996,426,0,2
BRDA:2996,426,1,2
BRDA:2996,427,0,4
BRDA:2996,427,1,3
BRDA:2999,428,0,14
BRDA:2999,428,1,9
BRDA:3000,429,0,14
BRDA:3000,429,1,9
BRDA:3020,430,0,5
BRDA:3020,430,1,9
BRDA:3074,431,0,13
BRDA:3074,431,1,9
BRDA:3074,432,0,13
BRDA:3074,432,1,10
BRDA:3087,433,0,3
BRDA:3087,433,1,23
BRDA:3087,434,0,26
BRDA:3087,434,1,15
BRDA:3093,435,0,5
BRDA:3093,435,1,21
BRDA:3093,436,0,26
BRDA:3093,436,1,5
BRDA:3096,437,0,2
BRDA:3096,437,1,24
BRDA:3096,438,0,26
BRDA:3096,438,1,2
BRDA:3099,439,0,1
BRDA:3099,439,1,25
BRDA:3099,440,0,26
BRDA:3099,440,1,25
BRDA:3100,441,0,4
BRDA:3100,441,1,22
BRDA:3100,442,0,26
BRDA:3100,442,1,22
BRDA:3101,443,0,2
BRDA:3101,443,1,24
BRDA:3101,444,0,26
BRDA:3101,444,1,25
BRDA:3103,445,0,1
BRDA:3103,445,1,1
BRDA:3105,446,0,1
BRDA:3105,446,1,0
BRDA:3107,447,0,1
BRDA:3107,447,1,1
BRDA:3109,448,0,1
BRDA:3109,448,1,0
BRDA:3111,449,0,2
BRDA:3111,449,1,0
BRDA:3127,450,0,73
BRDA:3127,450,1,0
BRDA:3132,451,0,18
BRDA:3132,451,1,7
BRDA:3143,452,0,73
BRDA:3143,452,1,0
BRDA:3143,453,0,73
BRDA:3143,453,1,69
BRDA:3158,454,0,10
BRDA:3158,454,1,0
BRDA:3159,455,0,3
BRDA:3159,455,1,7
BRDA:3167,456,0,3
BRDA:3167,456,1,3
BRDA:3181,457,0,1
BRDA:3181,457,1,0
BRDA:3181,458,0,1
BRDA:3181,458,1,1
BRDA:3203,459,0,1
BRDA:3203,459,1,3
BRDA:3203,460,0,4
BRDA:3203,460,1,4
BRDA:3203,460,2,3
BRDA:3221,461,0,1
BRDA:3221,461,1,1
BRDA:3232,462,0,2
BRDA:3232,462,1,4
BRDA:3242,463,0,2
BRDA:3242,463,1,2
BRDA:3248,464,0,0
BRDA:3248,464,1,0
BRDA:3259,465,0,8
BRDA:3259,465,1,8
BRDA:3260,466,0,1
BRDA:3260,466,1,7
BRDA:3263,467,0,2
BRDA:3263,467,1,5
BRDA:3277,468,0,11
BRDA:3277,468,1,11
BRDA:3278,469,0,2
BRDA:3278,469,1,9
BRDA:3281,470,0,3
BRDA:3281,470,1,6
BRDA:3313,471,0,6
BRDA:3313,471,1,6
BRDA:3316,472,0,6
BRDA:3316,472,1,5
BRDA:3316,472,2,5
BRDA:3316,472,3,5
BRDA:3320,473,0,1
BRDA:3320,473,1,5
BRDA:3320,474,0,6
BRDA:3320,474,1,6
BRDA:3320,474,2,5
BRDA:3320,474,3,5
BRDA:3320,474,4,5
BRDA:3333,475,0,5
BRDA:3333,475,1,5
BRDA:3339,476,0,5
BRDA:3339,476,1,0
BRDA:3343,477,0,1
BRDA:3343,477,1,4
BRDA:3349,478,0,2
BRDA:3349,478,1,1
BRDA:3360,479,0,1
BRDA:3360,479,1,4
BRDA:3370,480,0,1
BRDA:3370,480,1,2
BRDA:3376,481,0,0
BRDA:3376,481,1,1
BRDA:3388,482,0,4
BRDA:3388,482,1,13
BRDA:3394,483,0,4
BRDA:3394,483,1,9
BRDA:3399,484,0,1
BRDA:3399,484,1,8
BRDA:3399,485,0,9
BRDA:3399,485,1,1
BRDA:3404,486,0,1
BRDA:3404,486,1,0
BRDA:3417,487,0,0
BRDA:3417,487,1,2
BRDA:3444,488,0,1
BRDA:3444,488,1,5
BRDA:3444,489,0,6
BRDA:3444,489,1,6
BRDA:3444,489,2,5
BRDA:3450,490,0,5
BRDA:3450,490,1,0
BRDA:3455,491,0,5
BRDA:3455,491,1,0
BRDA:3457,492,0,5
BRDA:3457,492,1,5
BRDA:3459,493,0,0
BRDA:3459,493,1,5
BRDA:3461,494,0,1
BRDA:3461,494,1,4
BRDA:3463,495,0,2
BRDA:3463,495,1,2
BRDA:3463,496,0,4
BRDA:3463,496,1,3
BRDA:3466,497,0,1
BRDA:3466,497,1,4
BRDA:3481,498,0,2
BRDA:3481,498,1,11
BRDA:3486,499,0,3
BRDA:3486,499,1,8
BRDA:3487,500,0,0
BRDA:3487,500,1,3
BRDA:3490,501,0,2
BRDA:3490,501,1,9
BRDA:3492,502,0,2
BRDA:3492,502,1,0
BRDA:3495,503,0,2
BRDA:3495,503,1,9
BRDA:3495,504,0,11
BRDA:3495,504,1,2
BRDA:3506,505,0,2
BRDA:3506,505,1,8
BRDA:3521,506,0,2
BRDA:3521,506,1,7
BRDA:3526,507,0,1
BRDA:3526,507,1,6
BRDA:3527,508,0,1
BRDA:3527,508,1,0
BRDA:3530,509,0,0
BRDA:3530,509,1,7
BRDA:3531,510,0,0
BRDA:3531,510,1,0
BRDA:3534,511,0,2
BRDA:3534,511,1,5
BRDA:3534,512,0,7
BRDA:3534,512,1,2
BRDA:3544,513,0,2
BRDA:3544,513,1,4
BRDA:3556,514,0,2
BRDA:3556,514,1,5
BRDA:3562,515,0,2
BRDA:3562,515,1,2
BRDA:3577,516,0,2
BRDA:3577,516,1,6
BRDA:3587,517,0,3
BRDA:3587,517,1,2
BRF:1069
BRH:877
end_of_record
TN:
SF:routes\auth.js
FN:20,getJwtSecret
FN:33,(anonymous_1)
FN:66,(anonymous_2)
FN:139,(anonymous_3)
FN:165,(anonymous_4)
FN:201,(anonymous_5)
FN:233,(anonymous_6)
FN:288,(anonymous_7)
FN:358,(anonymous_8)
FN:404,(anonymous_9)
FN:416,(anonymous_10)
FN:444,(anonymous_11)
FN:457,(anonymous_12)
FN:499,(anonymous_13)
FN:506,(anonymous_14)
FNF:15
FNH:15
FNDA:28,getJwtSecret
FNDA:11,(anonymous_1)
FNDA:19,(anonymous_2)
FNDA:12,(anonymous_3)
FNDA:11,(anonymous_4)
FNDA:12,(anonymous_5)
FNDA:18,(anonymous_6)
FNDA:20,(anonymous_7)
FNDA:11,(anonymous_8)
FNDA:12,(anonymous_9)
FNDA:9,(anonymous_10)
FNDA:7,(anonymous_11)
FNDA:12,(anonymous_12)
FNDA:17,(anonymous_13)
FNDA:5,(anonymous_14)
DA:1,53
DA:8,53
DA:9,53
DA:10,53
DA:11,53
DA:17,53
DA:21,28
DA:22,28
DA:23,1
DA:25,27
DA:29,53
DA:34,11
DA:35,11
DA:38,11
DA:39,10
DA:40,9
DA:41,3
DA:46,7
DA:53,7
DA:54,4
DA:57,4
DA:58,1
DA:60,4
DA:66,53
DA:67,19
DA:77,19
DA:78,19
DA:83,19
DA:84,19
DA:85,2
DA:90,17
DA:94,17
DA:95,6
DA:101,11
DA:111,11
DA:112,3
DA:117,11
DA:119,11
DA:120,5
DA:123,6
DA:124,1
DA:127,6
DA:128,3
DA:130,3
DA:135,53
DA:140,12
DA:141,12
DA:142,12
DA:143,0
DA:145,12
DA:148,11
DA:149,6
DA:151,5
DA:156,4
DA:158,2
DA:159,2
DA:165,53
DA:166,11
DA:168,11
DA:169,11
DA:174,11
DA:175,11
DA:176,2
DA:180,9
DA:190,9
DA:191,5
DA:195,4
DA:196,4
DA:201,53
DA:202,12
DA:203,12
DA:207,12
DA:208,12
DA:210,9
DA:211,9
DA:213,7
DA:214,7
DA:215,1
DA:221,6
DA:222,5
DA:224,3
DA:226,1
DA:227,1
DA:233,53
DA:234,18
DA:235,18
DA:237,18
DA:238,5
DA:242,13
DA:243,2
DA:250,11
DA:251,3
DA:252,2
DA:254,11
DA:255,10
DA:257,2
DA:264,8
DA:271,8
DA:272,8
DA:273,8
DA:277,8
DA:282,1
DA:283,1
DA:288,53
DA:289,20
DA:290,20
DA:292,20
DA:293,3
DA:298,17
DA:299,2
DA:306,15
DA:307,15
DA:309,5
DA:312,10
DA:313,2
DA:318,8
DA:319,1
DA:320,1
DA:322,1
DA:325,7
DA:326,6
DA:327,1
DA:331,5
DA:332,1
DA:335,4
DA:336,2
DA:340,2
DA:341,2
DA:342,2
DA:343,2
DA:345,2
DA:347,1
DA:348,1
DA:352,53
DA:358,53
DA:359,11
DA:360,11
DA:361,11
DA:363,11
DA:364,11
DA:365,11
DA:366,2
DA:372,9
DA:374,9
DA:375,9
DA:377,9
DA:378,9
DA:379,9
DA:380,9
DA:381,0
DA:384,9
DA:388,9
DA:389,9
DA:394,9
DA:396,0
DA:397,0
DA:404,53
DA:405,12
DA:406,12
DA:407,12
DA:410,12
DA:411,3
DA:416,9
DA:417,9
DA:420,9
DA:423,9
DA:424,8
DA:425,6
DA:427,8
DA:428,3
DA:430,8
DA:431,3
DA:433,8
DA:434,3
DA:436,5
DA:438,1
DA:439,1
DA:444,53
DA:445,7
DA:446,7
DA:447,7
DA:448,6
DA:449,2
DA:451,1
DA:457,53
DA:458,12
DA:459,12
DA:462,12
DA:463,2
DA:466,10
DA:470,10
DA:474,9
DA:475,6
DA:479,6
DA:480,3
DA:484,3
DA:485,3
DA:489,3
DA:490,3
DA:492,1
DA:493,1
DA:499,53
DA:500,17
DA:501,17
DA:502,17
DA:503,17
DA:504,17
DA:506,17
DA:507,17
DA:511,17
DA:512,17
DA:513,17
DA:514,17
DA:515,0
DA:516,17
DA:517,0
DA:518,0
DA:519,0
DA:522,17
DA:523,3
DA:529,14
DA:539,14
DA:547,13
DA:548,13
DA:549,9
DA:550,4
DA:551,3
DA:553,13
DA:573,1
DA:574,1
LF:230
LH:222
BRDA:22,0,0,1
BRDA:22,0,1,27
BRDA:38,1,0,10
BRDA:38,1,1,1
BRDA:40,2,0,3
BRDA:40,2,1,6
BRDA:57,3,0,1
BRDA:57,3,1,3
BRDA:78,4,0,19
BRDA:78,4,1,1
BRDA:84,5,0,2
BRDA:84,5,1,17
BRDA:90,6,0,17
BRDA:90,6,1,3
BRDA:90,6,2,3
BRDA:90,6,3,3
BRDA:94,7,0,6
BRDA:94,7,1,11
BRDA:94,8,0,17
BRDA:94,8,1,12
BRDA:109,9,0,1
BRDA:109,9,1,10
BRDA:111,10,0,3
BRDA:111,10,1,8
BRDA:123,11,0,1
BRDA:123,11,1,5
BRDA:127,12,0,3
BRDA:127,12,1,3
BRDA:142,13,0,0
BRDA:142,13,1,12
BRDA:142,14,0,12
BRDA:142,14,1,12
BRDA:148,15,0,6
BRDA:148,15,1,5
BRDA:148,16,0,11
BRDA:148,16,1,8
BRDA:169,17,0,11
BRDA:169,17,1,3
BRDA:175,18,0,2
BRDA:175,18,1,9
BRDA:208,19,0,3
BRDA:208,19,1,9
BRDA:211,20,0,2
BRDA:211,20,1,7
BRDA:214,21,0,1
BRDA:214,21,1,6
BRDA:222,22,0,2
BRDA:222,22,1,3
BRDA:237,23,0,5
BRDA:237,23,1,13
BRDA:237,24,0,18
BRDA:237,24,1,16
BRDA:242,25,0,2
BRDA:242,25,1,11
BRDA:250,26,0,8
BRDA:250,26,1,3
BRDA:251,27,0,1
BRDA:251,27,1,2
BRDA:252,28,0,2
BRDA:252,28,1,0
BRDA:255,29,0,2
BRDA:255,29,1,8
BRDA:292,30,0,3
BRDA:292,30,1,17
BRDA:292,31,0,20
BRDA:292,31,1,18
BRDA:298,32,0,2
BRDA:298,32,1,15
BRDA:312,33,0,2
BRDA:312,33,1,8
BRDA:318,34,0,7
BRDA:318,34,1,1
BRDA:319,35,0,0
BRDA:319,35,1,1
BRDA:320,36,0,0
BRDA:320,36,1,1
BRDA:326,37,0,1
BRDA:326,37,1,5
BRDA:331,38,0,1
BRDA:331,38,1,4
BRDA:335,39,0,2
BRDA:335,39,1,2
BRDA:363,40,0,9
BRDA:363,40,1,2
BRDA:363,41,0,11
BRDA:363,41,1,11
BRDA:364,42,0,11
BRDA:364,42,1,11
BRDA:365,43,0,2
BRDA:365,43,1,9
BRDA:374,44,0,5
BRDA:374,44,1,4
BRDA:374,45,0,9
BRDA:374,45,1,9
BRDA:375,46,0,5
BRDA:375,46,1,4
BRDA:375,47,0,9
BRDA:375,47,1,5
BRDA:378,48,0,9
BRDA:378,48,1,0
BRDA:378,49,0,9
BRDA:378,49,1,9
BRDA:384,50,0,9
BRDA:384,50,1,0
BRDA:406,51,0,12
BRDA:406,51,1,0
BRDA:407,52,0,12
BRDA:407,52,1,2
BRDA:410,53,0,3
BRDA:410,53,1,9
BRDA:410,54,0,12
BRDA:410,54,1,10
BRDA:424,55,0,6
BRDA:424,55,1,2
BRDA:427,56,0,3
BRDA:427,56,1,5
BRDA:430,57,0,3
BRDA:430,57,1,5
BRDA:433,58,0,3
BRDA:433,58,1,5
BRDA:448,59,0,4
BRDA:448,59,1,2
BRDA:459,60,0,12
BRDA:459,60,1,0
BRDA:462,61,0,2
BRDA:462,61,1,10
BRDA:462,62,0,12
BRDA:462,62,1,12
BRDA:474,63,0,3
BRDA:474,63,1,6
BRDA:479,64,0,3
BRDA:479,64,1,3
BRDA:484,65,0,0
BRDA:484,65,1,3
BRDA:489,66,0,0
BRDA:489,66,1,3
BRDA:501,67,0,17
BRDA:501,67,1,17
BRDA:502,68,0,17
BRDA:502,68,1,8
BRDA:503,69,0,17
BRDA:503,69,1,12
BRDA:504,70,0,5
BRDA:504,70,1,12
BRDA:507,71,0,5
BRDA:507,71,1,12
BRDA:512,72,0,9
BRDA:512,72,1,8
BRDA:513,73,0,5
BRDA:513,73,1,12
BRDA:514,74,0,0
BRDA:514,74,1,17
BRDA:514,75,0,17
BRDA:514,75,1,0
BRDA:514,75,2,0
BRDA:516,76,0,0
BRDA:516,76,1,17
BRDA:522,77,0,3
BRDA:522,77,1,14
BRDA:548,78,0,4
BRDA:548,78,1,9
BRDA:549,79,0,5
BRDA:549,79,1,4
BRDA:550,80,0,1
BRDA:550,80,1,3
BRDA:551,81,0,1
BRDA:551,81,1,2
BRDA:555,82,0,13
BRDA:555,82,1,5
BRDA:555,83,0,13
BRDA:555,83,1,8
BRDA:556,84,0,0
BRDA:556,84,1,13
BRDA:557,85,0,0
BRDA:557,85,1,0
BRDA:568,86,0,2
BRDA:568,86,1,11
BRF:177
BRH:160
end_of_record
TN:
SF:routes\cart.js
FN:7,(anonymous_0)
FN:20,(anonymous_1)
FN:28,(anonymous_2)
FN:35,(anonymous_3)
FNF:4
FNH:4
FNDA:10,(anonymous_0)
FNDA:20,(anonymous_1)
FNDA:26,(anonymous_2)
FNDA:26,(anonymous_3)
DA:1,53
DA:2,53
DA:3,53
DA:4,53
DA:7,53
DA:8,10
DA:9,10
DA:10,10
DA:11,7
DA:12,4
DA:14,3
DA:15,3
DA:20,53
DA:21,20
DA:22,20
DA:23,20
DA:24,20
DA:25,4
DA:27,16
DA:28,26
DA:35,26
DA:37,16
DA:42,13
DA:44,3
DA:45,3
DA:49,53
LF:26
LH:26
BRDA:11,0,0,3
BRDA:11,0,1,4
BRDA:12,1,0,4
BRDA:12,1,1,0
BRDA:23,2,0,20
BRDA:23,2,1,0
BRDA:24,3,0,4
BRDA:24,3,1,16
BRDA:30,4,0,24
BRDA:30,4,1,2
BRDA:31,5,0,26
BRDA:31,5,1,2
BRDA:32,6,0,26
BRDA:32,6,1,2
BRDA:33,7,0,12
BRDA:33,7,1,14
BRDA:35,8,0,26
BRDA:35,8,1,23
BRF:18
BRH:16
end_of_record
TN:
SF:routes\clients.js
FN:14,(anonymous_0)
FN:31,(anonymous_1)
FNF:2
FNH:2
FNDA:6,(anonymous_0)
FNDA:15,(anonymous_1)
DA:1,53
DA:2,53
DA:6,53
DA:7,53
DA:10,53
DA:11,53
DA:14,53
DA:15,6
DA:16,6
DA:17,6
DA:18,6
DA:19,5
DA:20,3
DA:25,1
DA:26,1
DA:31,53
DA:32,15
DA:33,15
DA:34,15
DA:35,15
DA:36,15
DA:37,15
DA:39,15
DA:40,15
DA:41,15
DA:46,14
DA:47,3
DA:53,14
DA:60,1
DA:61,1
DA:65,53
LF:31
LH:31
BRDA:17,0,0,0
BRDA:17,0,1,6
BRDA:19,1,0,2
BRDA:19,1,1,3
BRDA:34,2,0,15
BRDA:34,2,1,0
BRDA:35,3,0,0
BRDA:35,3,1,15
BRDA:37,4,0,9
BRDA:37,4,1,6
BRDA:39,5,0,6
BRDA:39,5,1,9
BRDA:40,6,0,3
BRDA:40,6,1,12
BRDA:46,7,0,3
BRDA:46,7,1,11
BRF:16
BRH:13
end_of_record
TN:
SF:routes\delivery.js
FN:23,requireAdmin
FN:45,calculateDistance
FN:61,_calculateAgentEarning
FN:80,_effectiveDeliveryCharge
FN:88,(anonymous_4)
FN:121,(anonymous_5)
FN:177,(anonymous_6)
FN:310,(anonymous_7)
FN:369,(anonymous_8)
FN:491,(anonymous_9)
FN:512,(anonymous_10)
FN:763,calcDistanceKM
FN:773,(anonymous_12)
FN:786,(anonymous_13)
FN:800,(anonymous_14)
FN:926,(anonymous_15)
FN:1073,(anonymous_16)
FN:1092,(anonymous_17)
FN:1099,(anonymous_18)
FN:1137,(anonymous_19)
FN:1139,(anonymous_20)
FN:1148,(anonymous_21)
FN:1160,(anonymous_22)
FN:1169,(anonymous_23)
FN:1239,(anonymous_24)
FN:1250,(anonymous_25)
FN:1259,(anonymous_26)
FN:1297,(anonymous_27)
FN:1299,(anonymous_28)
FN:1308,(anonymous_29)
FN:1320,(anonymous_30)
FN:1329,(anonymous_31)
FN:1425,(anonymous_32)
FN:1487,(anonymous_33)
FN:1586,(anonymous_34)
FN:1641,(anonymous_35)
FN:1679,(anonymous_36)
[...]
BRDA:132,18,1,4
BRDA:146,19,0,1
BRDA:146,19,1,7
BRDA:150,20,0,2
BRDA:150,20,1,5
BRDA:155,21,0,0
BRDA:155,21,1,1
BRDA:165,22,0,1
BRDA:165,22,1,1
BRDA:188,23,0,7
BRDA:188,23,1,6
BRDA:190,24,0,7
BRDA:190,24,1,6
BRDA:237,25,0,0
BRDA:237,26,0,0
BRDA:237,27,0,4
BRDA:237,27,1,0
BRDA:241,28,0,4
BRDA:241,28,1,4
BRDA:241,28,2,4
BRDA:241,28,3,3
BRDA:245,29,0,1
BRDA:245,29,1,3
BRDA:291,30,0,2
BRDA:291,30,1,2
BRDA:292,31,0,2
BRDA:292,31,1,2
BRDA:294,32,0,2
BRDA:294,32,1,0
BRDA:296,33,0,2
BRDA:296,33,1,0
BRDA:297,34,0,2
BRDA:297,34,1,0
BRDA:312,35,0,2
BRDA:312,35,1,9
BRDA:321,36,0,2
BRDA:321,36,1,3
BRDA:324,37,0,3
BRDA:324,37,1,0
BRDA:325,38,0,2
BRDA:325,38,1,2
BRDA:325,38,2,2
BRDA:327,39,0,1
BRDA:327,39,1,2
BRDA:336,40,0,1
BRDA:336,40,1,1
BRDA:343,41,0,1
BRDA:343,41,1,0
BRDA:344,42,0,1
BRDA:344,42,1,0
BRDA:345,43,0,1
BRDA:345,43,1,0
BRDA:345,43,2,0
BRDA:347,44,0,1
BRDA:347,44,1,0
BRDA:349,45,0,0
BRDA:349,45,1,0
BRDA:357,46,0,1
BRDA:357,46,1,0
BRDA:357,46,2,0
BRDA:357,46,3,0
BRDA:361,47,0,1
BRDA:361,47,1,0
BRDA:362,48,0,1
BRDA:362,48,1,0
BRDA:395,49,0,9
BRDA:395,49,1,10
BRDA:401,50,0,1
BRDA:401,50,1,9
BRDA:405,51,0,9
BRDA:405,51,1,0
BRDA:406,52,0,9
BRDA:406,52,1,9
BRDA:408,53,0,0
BRDA:408,53,1,9
BRDA:417,54,0,1
BRDA:417,54,1,8
BRDA:437,55,0,7
BRDA:437,55,1,0
BRDA:441,56,0,5
BRDA:441,56,1,2
BRDA:442,57,0,7
BRDA:442,57,1,5
BRDA:451,58,0,2
BRDA:451,58,1,5
BRDA:451,59,0,7
BRDA:451,59,1,5
BRDA:453,60,0,2
BRDA:453,60,1,2
BRDA:456,61,0,2
BRDA:456,61,1,2
BRDA:480,62,0,9
BRDA:480,62,1,1
BRDA:495,63,0,4
BRDA:495,63,1,3
BRDA:495,64,0,7
BRDA:495,64,1,5
BRDA:495,64,2,4
BRDA:499,65,0,7
BRDA:499,65,1,5
BRDA:512,66,0,3
BRDA:512,66,1,1
BRDA:517,67,0,3
BRDA:517,67,1,0
BRDA:519,68,0,3
BRDA:519,68,1,0
BRDA:521,69,0,3
BRDA:521,69,1,0
BRDA:533,70,0,1
BRDA:533,70,1,0
BRDA:539,71,0,1
BRDA:539,71,1,2
BRDA:546,72,0,1
BRDA:546,72,1,0
BRDA:551,73,0,0
BRDA:551,73,1,2
BRDA:558,74,0,5
BRDA:558,74,1,2
BRDA:581,75,0,7
BRDA:581,75,1,0
BRDA:584,76,0,6
BRDA:584,76,1,1
BRDA:587,77,0,7
BRDA:587,77,1,0
BRDA:596,78,0,5
BRDA:596,78,1,2
BRDA:607,79,0,10
BRDA:607,79,1,0
BRDA:609,80,0,2
BRDA:609,80,1,8
BRDA:612,81,0,8
BRDA:612,81,1,2
BRDA:613,82,0,3
BRDA:613,82,1,5
BRDA:613,83,0,8
BRDA:613,83,1,6
BRDA:621,84,0,1
BRDA:621,84,1,4
BRDA:624,85,0,4
BRDA:624,85,1,0
BRDA:625,86,0,3
BRDA:625,86,1,3
BRDA:627,87,0,1
BRDA:627,87,1,3
BRDA:636,88,0,1
BRDA:636,88,1,2
BRDA:661,89,0,0
BRDA:661,89,1,1
BRDA:664,90,0,1
BRDA:664,90,1,0
BRDA:692,91,0,6
BRDA:692,91,1,15
BRDA:692,92,0,21
BRDA:692,92,1,16
BRDA:692,92,2,16
BRDA:727,93,0,12
BRDA:727,93,1,3
BRDA:727,94,0,15
BRDA:727,94,1,12
BRDA:743,95,0,15
BRDA:743,95,1,12
BRDA:758,96,0,6
BRDA:758,96,1,9
BRDA:762,97,0,9
BRDA:762,97,1,6
BRDA:764,98,0,1
BRDA:764,98,1,5
BRDA:777,99,0,9
BRDA:777,99,1,6
BRDA:780,100,0,1
BRDA:780,100,1,5
BRDA:780,101,0,6
BRDA:780,101,1,1
BRDA:785,102,0,5
BRDA:785,102,1,0
BRDA:800,103,0,6
BRDA:800,103,1,9
BRDA:829,104,0,11
BRDA:829,104,1,0
BRDA:830,105,0,2
BRDA:830,105,1,9
BRDA:830,106,0,11
BRDA:830,106,1,11
BRDA:833,107,0,3
BRDA:833,107,1,6
BRDA:833,108,0,9
BRDA:833,108,1,8
BRDA:841,109,0,5
BRDA:841,109,1,1
BRDA:854,110,0,0
BRDA:854,110,1,3
BRDA:854,111,0,3
BRDA:854,111,1,3
BRDA:857,112,0,3
BRDA:857,112,1,3
BRDA:858,113,0,3
BRDA:858,113,1,3
BRDA:880,114,0,2
BRDA:880,114,1,4
BRDA:880,115,0,6
BRDA:880,115,1,6
BRDA:884,116,0,0
BRDA:884,116,1,4
BRDA:885,117,0,0
BRDA:885,117,1,4
BRDA:889,118,0,0
BRDA:889,118,1,4
BRDA:889,119,0,4
BRDA:889,119,1,4
BRDA:891,120,0,0
BRDA:891,120,1,0
BRDA:891,121,0,0
BRDA:891,121,1,0
BRDA:892,122,0,0
BRDA:892,122,1,0
BRDA:892,123,0,0
BRDA:892,123,1,0
BRDA:896,124,0,4
BRDA:896,124,1,4
BRDA:897,125,0,4
BRDA:897,125,1,4
BRDA:964,126,0,3
BRDA:964,126,1,3
BRDA:974,127,0,3
BRDA:974,127,1,3
BRDA:975,128,0,3
BRDA:975,128,1,3
BRDA:992,129,0,1
BRDA:992,129,1,4
BRDA:992,130,0,5
BRDA:992,130,1,5
BRDA:996,131,0,4
BRDA:996,131,1,2
BRDA:997,132,0,4
BRDA:997,132,1,2
BRDA:1001,133,0,0
BRDA:1001,133,1,4
BRDA:1001,134,0,4
BRDA:1001,134,1,4
BRDA:1003,135,0,0
BRDA:1003,135,1,0
BRDA:1004,136,0,0
BRDA:1004,136,1,0
BRDA:1034,137,0,18
BRDA:1034,137,1,7
BRDA:1039,138,0,2
BRDA:1039,138,1,1
BRDA:1039,138,2,9
BRDA:1039,138,3,2
BRDA:1039,138,4,2
BRDA:1039,138,5,2
BRDA:1396,139,0,18
BRDA:1396,139,1,12
BRDA:1406,140,0,6
BRDA:1406,140,1,12
BRDA:1441,141,0,3
BRDA:1441,142,0,3
BRDA:1445,143,0,1
BRDA:1445,143,1,3
BRDA:1452,144,0,0
BRDA:1452,144,1,4
BRDA:1510,145,0,4
BRDA:1510,145,1,3
BRDA:1526,146,0,4
BRDA:1526,146,1,4
BRDA:1540,147,0,4
BRDA:1540,147,1,3
BRDA:1564,148,0,4
BRDA:1564,148,1,5
BRDA:1564,149,0,9
BRDA:1564,149,1,6
BRDA:1568,150,0,1
BRDA:1568,150,1,4
BRDA:1579,151,0,1
BRDA:1579,151,1,3
BRDA:1584,152,0,1
BRDA:1584,152,1,2
BRDA:1626,153,0,1
BRDA:1626,153,1,3
BRDA:1631,154,0,1
BRDA:1631,154,1,2
BRDA:1663,155,0,13
BRDA:1663,155,1,1
BRDA:1668,156,0,2
BRDA:1668,156,1,2
BRDA:1668,156,2,4
BRDA:1668,156,3,2
BRDA:1668,156,4,3
BRDA:1668,156,5,0
BRDA:1702,157,0,4
BRDA:1702,157,1,0
BRDA:1703,158,0,4
BRDA:1703,158,1,4
BRDA:1704,159,0,4
BRDA:1704,159,1,0
BRDA:1705,160,0,4
BRDA:1705,160,1,0
BRDA:1707,161,0,4
BRDA:1707,161,1,0
BRDA:1707,161,2,0
BRDA:1744,162,0,6
BRDA:1744,162,1,0
BRDA:1789,163,0,0
BRDA:1789,163,1,0
BRDA:1811,164,0,6
BRDA:1811,164,1,0
BRDA:1813,165,0,6
BRDA:1813,165,1,0
BRDA:1826,166,0,0
BRDA:1826,166,1,0
BRDA:1826,167,0,0
BRDA:1826,167,1,0
BRDA:1851,168,0,3
BRDA:1863,169,0,3
BRDA:1863,169,1,5
BRDA:1865,170,0,8
BRDA:1865,170,1,1
BRDA:1873,171,0,15
BRDA:1873,171,1,2
BRDA:1875,172,0,15
BRDA:1875,172,1,2
BRDA:1904,173,0,4
BRDA:1904,173,1,6
BRDA:1904,174,0,10
BRDA:1904,174,1,8
BRDA:1916,175,0,3
BRDA:1916,175,1,2
BRDA:1950,176,0,2
BRDA:1950,176,1,5
BRDA:1950,177,0,7
BRDA:1950,177,1,6
BRDA:1966,178,0,1
BRDA:1966,178,1,7
BRDA:1966,179,0,8
BRDA:1966,179,1,8
BRDA:1980,180,0,4
BRDA:1980,180,1,2
BRDA:2024,181,0,2
BRDA:2024,181,1,5
BRDA:2024,182,0,7
BRDA:2024,182,1,6
BRDA:2044,183,0,3
BRDA:2044,183,1,8
BRDA:2044,184,0,11
BRDA:2044,184,1,8
BRDA:2044,184,2,8
BRDA:2059,185,0,1
BRDA:2059,185,1,7
BRDA:2062,186,0,1
BRDA:2062,186,1,0
BRDA:2063,187,0,1
BRDA:2063,187,1,0
BRDA:2064,188,0,1
BRDA:2064,188,1,0
BRDA:2065,189,0,0
BRDA:2065,189,1,1
BRDA:2080,190,0,7
BRDA:2080,190,1,1
BRDA:2081,191,0,7
BRDA:2081,191,1,2
BRDA:2082,192,0,7
BRDA:2082,192,1,5
BRDA:2083,193,0,7
BRDA:2083,193,1,7
BRF:402
BRH:325
end_of_record
TN:
SF:routes\tokens.js
FN:7,(anonymous_0)
FN:30,(anonymous_1)
FNF:2
FNH:2
FNDA:70,(anonymous_0)
FNDA:1,(anonymous_1)
DA:1,53
DA:2,53
DA:3,53
DA:7,53
DA:8,70
DA:9,70
DA:10,70
DA:11,12
DA:13,58
DA:14,58
DA:21,7
DA:23,5
DA:24,5
DA:25,4
DA:26,3
DA:28,4
DA:29,4
DA:30,4
DA:33,2
DA:36,56
DA:38,2
DA:39,2
DA:43,53
LF:23
LH:23
BRDA:9,0,0,70
BRDA:9,0,1,0
BRDA:10,1,0,12
BRDA:10,1,1,58
BRDA:10,2,0,70
BRDA:10,2,1,61
BRDA:21,3,0,5
BRDA:21,3,1,2
BRDA:21,4,0,7
BRDA:21,4,1,7
BRDA:24,5,0,4
BRDA:24,5,1,1
BRDA:25,6,0,3
BRDA:25,6,1,1
BRF:14
BRH:13
end_of_record
TN:
SF:routes\uploads.js
FN:16,(anonymous_0)
FN:55,(anonymous_1)
FN:59,(anonymous_2)
FN:82,(anonymous_3)
FN:89,(anonymous_4)
FN:94,(anonymous_5)
FNF:6
FNH:5
FNDA:47,(anonymous_0)
FNDA:0,(anonymous_1)
FNDA:40,(anonymous_2)
FNDA:14,(anonymous_3)
FNDA:8,(anonymous_4)
FNDA:2,(anonymous_5)
DA:1,53
DA:2,53
DA:3,53
DA:4,53
DA:5,53
DA:6,53
DA:8,53
DA:9,53
DA:10,53
DA:16,53
DA:17,47
DA:18,47
DA:19,46
DA:20,46
DA:21,5
DA:25,41
DA:26,41
DA:27,41
DA:28,41
DA:34,38
DA:35,38
DA:38,38
DA:44,3
DA:48,41
DA:49,40
DA:50,40
DA:53,40
DA:54,40
DA:55,40
DA:56,0
DA:57,0
DA:59,40
DA:61,40
DA:62,40
DA:63,40
DA:64,40
DA:74,40
DA:76,1
DA:77,1
DA:82,53
DA:83,14
DA:84,14
DA:85,14
DA:86,10
DA:87,10
DA:88,10
DA:89,10
DA:90,8
DA:91,8
DA:92,8
DA:94,10
DA:95,10
DA:97,4
DA:101,53
LF:54
LH:52
BRDA:9,0,0,53
BRDA:9,0,1,53
BRDA:18,1,0,1
BRDA:18,1,1,46
BRDA:20,2,0,5
BRDA:20,2,1,41
BRDA:51,3,0,40
BRDA:51,3,1,0
BRDA:53,4,0,40
BRDA:53,4,1,0
BRDA:61,5,0,40
BRDA:61,5,1,0
BRDA:90,6,0,8
BRDA:90,6,1,0
BRF:14
BRH:10
end_of_record
TN:
SF:routes\users.js
FN:6,(anonymous_0)
FN:16,(anonymous_1)
FN:30,(anonymous_2)
FN:53,(anonymous_3)
FN:84,(anonymous_4)
FN:104,(anonymous_5)
FN:119,(anonymous_6)
FN:138,(anonymous_7)
FN:164,(anonymous_8)
FN:201,(anonymous_9)
FNF:10
FNH:9
FNDA:0,(anonymous_0)
FNDA:11,(anonymous_1)
FNDA:9,(anonymous_2)
FNDA:14,(anonymous_3)
FNDA:9,(anonymous_4)
FNDA:9,(anonymous_5)
FNDA:9,(anonymous_6)
FNDA:7,(anonymous_7)
FNDA:16,(anonymous_8)
FNDA:19,(anonymous_9)
DA:1,53
DA:2,53
DA:3,53
DA:6,53
DA:7,0
DA:8,0
DA:9,0
DA:11,0
DA:12,0
DA:16,53
DA:17,11
DA:18,11
DA:19,11
DA:22,6
DA:24,5
DA:25,5
DA:30,53
DA:31,9
DA:32,9
DA:33,9
DA:36,9
DA:37,3
DA:43,8
DA:44,8
DA:45,4
DA:47,5
DA:48,5
DA:53,53
DA:54,14
DA:55,14
DA:56,14
DA:59,14
DA:60,5
DA:66,12
DA:72,9
DA:73,4
DA:76,5
DA:78,5
DA:79,5
DA:84,53
DA:85,9
DA:86,9
DA:87,9
DA:92,5
DA:93,3
DA:96,2
DA:98,4
DA:99,4
DA:104,53
DA:105,9
DA:106,9
DA:107,9
DA:108,6
DA:109,3
DA:111,3
DA:113,3
DA:114,3
DA:119,53
DA:120,9
DA:121,9
DA:122,9
DA:124,9
DA:130,5
DA:132,4
DA:133,4
DA:138,53
DA:139,7
DA:140,7
DA:141,7
DA:143,7
DA:153,4
DA:158,3
DA:159,3
DA:164,53
DA:165,16
DA:166,16
DA:167,16
DA:169,16
DA:170,16
DA:172,16
DA:174,16
DA:180,11
DA:182,10
DA:192,6
DA:193,6
DA:197,53
DA:201,53
DA:202,19
DA:203,19
DA:204,19
DA:205,19
DA:206,8
DA:210,11
DA:215,8
DA:217,3
DA:218,3
LF:96
LH:91
BRDA:7,0,0,0
BRDA:7,0,1,0
BRDA:8,1,0,0
BRDA:8,1,1,0
BRDA:36,2,0,3
BRDA:36,2,1,6
BRDA:59,3,0,5
BRDA:59,3,1,9
BRDA:72,4,0,4
BRDA:72,4,1,5
BRDA:92,5,0,3
BRDA:92,5,1,2
BRDA:108,6,0,3
BRDA:108,6,1,3
BRDA:147,7,0,7
BRDA:147,7,1,1
BRDA:167,8,0,13
BRDA:167,9,0,13
BRDA:170,10,0,2
BRDA:170,10,1,14
BRDA:204,11,0,19
BRDA:204,11,1,0
BRDA:205,12,0,8
BRDA:205,12,1,11
BRDA:205,13,0,19
BRDA:205,13,1,15
BRDA:213,14,0,2
BRDA:213,14,1,9
BRF:28
BRH:23
end_of_record
TN:
SF:routes\wishlist.js
FN:14,(anonymous_0)
FN:74,(anonymous_1)
FN:95,(anonymous_2)
FN:120,(anonymous_3)
FN:147,(anonymous_4)
FN:185,(anonymous_5)
FNF:6
FNH:6
FNDA:17,(anonymous_0)
FNDA:10,(anonymous_1)
FNDA:9,(anonymous_2)
FNDA:5,(anonymous_3)
FNDA:7,(anonymous_4)
FNDA:7,(anonymous_5)
DA:1,53
DA:2,53
DA:3,53
DA:4,53
DA:9,53
DA:14,53
DA:15,17
DA:16,17
DA:17,17
DA:19,17
DA:20,2
DA:27,15
DA:28,14
DA:29,2
DA:36,12
DA:37,11
DA:38,2
DA:45,9
DA:50,9
DA:52,7
DA:56,7
DA:62,4
DA:63,4
DA:74,53
DA:75,10
DA:76,10
DA:77,10
DA:79,10
DA:92,8
DA:95,9
DA:97,7
DA:108,3
DA:109,3
DA:120,53
DA:121,5
DA:122,5
DA:123,5
DA:125,5
DA:130,2
DA:135,3
DA:136,3
DA:147,53
DA:148,7
DA:149,7
DA:150,7
DA:152,7
DA:157,5
DA:158,3
DA:164,2
DA:168,2
DA:173,2
DA:174,2
DA:185,53
DA:186,7
DA:187,7
DA:189,7
DA:191,5
DA:195,5
DA:201,2
DA:202,2
DA:210,53
LF:61
LH:61
BRDA:19,0,0,2
BRDA:19,0,1,15
BRDA:28,1,0,2
BRDA:28,1,1,12
BRDA:37,2,0,2
BRDA:37,2,1,9
BRDA:77,3,0,8
BRDA:77,4,0,8
BRDA:157,5,0,3
BRDA:157,5,1,2
BRF:10
BRH:10
end_of_record
TN:
SF:services\geocode.js
FN:12,_getJSON
FN:13,(anonymous_1)
FN:15,(anonymous_2)
FN:17,(anonymous_3)
FN:18,(anonymous_4)
FN:30,reverseGeocode
FN:53,placeDetails
FNF:7
FNH:7
FNDA:31,_getJSON
FNDA:31,(anonymous_1)
FNDA:30,(anonymous_2)
FNDA:30,(anonymous_3)
FNDA:30,(anonymous_4)
FNDA:28,reverseGeocode
FNDA:13,placeDetails
DA:1,47
DA:3,47
DA:4,47
DA:7,47
DA:8,47
DA:10,47
DA:13,31
DA:14,31
DA:16,30
DA:17,30
DA:18,30
DA:19,30
DA:20,30
DA:22,1
DA:31,28
DA:32,28
DA:33,28
DA:34,28
DA:35,28
DA:36,22
DA:37,22
DA:38,22
DA:39,20
DA:45,12
DA:46,12
DA:47,12
DA:50,10
DA:54,13
DA:55,10
DA:56,10
DA:57,10
DA:58,10
DA:59,9
DA:60,9
DA:63,9
DA:64,9
DA:65,9
DA:66,5
DA:67,5
DA:70,4
DA:73,47
LF:41
LH:41
BRDA:3,0,0,47
BRDA:3,0,1,0
BRDA:4,1,0,47
BRDA:4,1,1,0
BRDA:31,2,0,0
BRDA:31,2,1,28
BRDA:31,3,0,28
BRDA:31,3,1,28
BRDA:35,4,0,6
BRDA:35,4,1,22
BRDA:35,5,0,28
BRDA:35,5,1,7
BRDA:39,6,0,12
BRDA:39,6,1,8
BRDA:40,7,0,20
BRDA:40,7,1,20
BRDA:40,7,2,12
BRDA:40,7,3,12
BRDA:54,8,0,3
BRDA:54,8,1,10
BRDA:54,9,0,13
BRDA:54,9,1,13
BRDA:54,9,2,13
BRDA:58,10,0,1
BRDA:58,10,1,9
BRDA:58,11,0,10
BRDA:58,11,1,1
BRDA:65,12,0,5
BRDA:65,12,1,4
BRF:29
BRH:26
end_of_record
TN:
SF:services\orderEvents.js
FN:7,addClient
FN:10,(anonymous_1)
FN:13,(anonymous_2)
FN:18,removeClient
FN:26,publish
FN:43,addSellerClient
FN:46,(anonymous_6)
FN:57,publishToSeller
FN:61,(anonymous_8)
FN:86,addAdminClient
FN:88,(anonymous_10)
FN:95,publishToAdmin
FN:111,heartbeat
FNF:13
FNH:13
FNDA:23,addClient
FNDA:3,(anonymous_1)
FNDA:1,(anonymous_2)
FNDA:6,removeClient
FNDA:158,publish
FNDA:22,addSellerClient
FNDA:8,(anonymous_6)
FNDA:90,publishToSeller
FNDA:12,(anonymous_8)
FNDA:13,addAdminClient
FNDA:5,(anonymous_10)
FNDA:35,publishToAdmin
FNDA:60,heartbeat
DA:3,50
DA:4,50
DA:5,50
DA:8,23
DA:9,23
DA:10,23
DA:11,3
DA:13,23
DA:14,1
DA:19,6
DA:20,6
DA:21,6
DA:22,6
DA:27,158
DA:28,158
DA:29,21
DA:30,21
DA:31,25
DA:32,25
DA:35,2
DA:39,21
DA:44,22
DA:45,22
DA:46,22
DA:47,8
DA:48,8
DA:49,8
DA:50,8
DA:53,22
DA:54,22
DA:58,90
DA:59,90
DA:61,12
DA:62,12
DA:63,12
DA:64,11
DA:65,11
DA:66,3
DA:67,3
DA:69,11
DA:71,0
DA:74,12
DA:75,12
DA:76,13
DA:77,13
DA:79,2
DA:80,2
DA:87,13
DA:88,13
DA:89,5
DA:91,13
DA:92,13
DA:96,35
DA:97,20
DA:98,20
DA:99,20
DA:100,65
DA:101,65
DA:103,2
DA:106,20
DA:107,2
DA:112,60
DA:113,0
DA:114,0
DA:115,0
DA:117,0
DA:121,60
DA:122,0
DA:123,0
DA:124,0
DA:126,0
DA:127,0
DA:131,60
DA:132,0
DA:133,0
DA:135,0
DA:139,50
DA:141,50
LF:78
LH:65
BRDA:8,0,0,19
BRDA:8,0,1,4
BRDA:20,1,0,6
BRDA:20,1,1,0
BRDA:22,2,0,5
BRDA:22,2,1,1
BRDA:28,3,0,137
BRDA:28,3,1,21
BRDA:28,4,0,158
BRDA:28,4,1,21
BRDA:44,5,0,20
BRDA:44,5,1,2
BRDA:48,6,0,8
BRDA:48,6,1,0
BRDA:50,7,0,7
BRDA:50,7,1,1
BRDA:59,8,0,78
BRDA:59,8,1,12
BRDA:59,9,0,90
BRDA:59,9,1,13
BRDA:63,10,0,1
BRDA:63,10,1,11
BRDA:65,11,0,3
BRDA:65,11,1,8
BRDA:80,12,0,2
BRDA:80,12,1,0
BRDA:96,13,0,15
BRDA:96,13,1,20
BRDA:127,14,0,0
BRDA:127,14,1,0
BRF:30
BRH:25
end_of_record
TN:
SF:services\pricing.js
FN:6,buildOrderItemsAndTotal
FN:11,(anonymous_1)
FN:22,(anonymous_2)
FN:25,(anonymous_3)
FN:63,buildGroupedOrders
FN:68,(anonymous_5)
FN:78,(anonymous_6)
FN:86,resolveGroup
FN:142,(anonymous_8)
FNF:9
FNH:9
FNDA:14,buildOrderItemsAndTotal
FNDA:12,(anonymous_1)
FNDA:7,(anonymous_2)
FNDA:12,(anonymous_3)
FNDA:54,buildGroupedOrders
FNDA:60,(anonymous_5)
FNDA:54,(anonymous_6)
FNDA:59,resolveGroup
FNDA:100,(anonymous_8)
DA:1,54
DA:7,14
DA:8,4
DA:11,12
DA:12,10
DA:13,10
DA:14,10
DA:20,1
DA:22,10
DA:24,10
DA:25,10
DA:26,12
DA:27,12
DA:28,12
DA:29,8
DA:30,8
DA:31,8
DA:39,4
DA:40,4
DA:41,4
DA:42,2
DA:44,2
DA:45,2
DA:54,8
DA:56,8
DA:64,54
DA:65,3
DA:68,60
DA:69,51
DA:70,51
DA:71,51
DA:76,1
DA:78,54
DA:80,51
DA:87,59
DA:90,59
DA:95,20
DA:97,39
DA:100,51
DA:101,60
DA:102,60
DA:103,60
DA:104,60
DA:105,60
DA:106,60
DA:107,55
DA:108,55
DA:109,55
DA:110,55
DA:116,55
DA:119,5
DA:120,5
DA:121,1
DA:123,4
DA:124,4
DA:126,4
DA:127,4
DA:132,4
DA:137,50
DA:138,100
DA:142,100
DA:145,54
LF:62
LH:62
BRDA:7,0,0,4
BRDA:7,0,1,10
BRDA:7,1,0,14
BRDA:7,1,1,11
BRDA:26,2,0,12
BRDA:26,2,1,2
BRDA:28,3,0,8
BRDA:28,3,1,4
BRDA:29,4,0,8
BRDA:29,4,1,0
BRDA:40,5,0,2
BRDA:40,5,1,2
BRDA:41,6,0,2
BRDA:41,6,1,2
BRDA:41,7,0,4
BRDA:41,7,1,3
BRDA:64,8,0,3
BRDA:64,8,1,51
BRDA:64,9,0,54
BRDA:64,9,1,52
BRDA:87,10,0,59
BRDA:87,10,1,4
BRDA:87,10,2,1
BRDA:90,11,0,20
BRDA:90,11,1,39
BRDA:91,12,0,59
BRDA:91,12,1,44
BRDA:91,12,2,39
BRDA:101,13,0,60
BRDA:101,13,1,44
BRDA:101,13,2,0
BRDA:106,14,0,55
BRDA:106,14,1,5
BRDA:107,15,0,55
BRDA:107,15,1,0
BRDA:120,16,0,1
BRDA:120,16,1,4
BRDA:120,17,0,5
BRDA:120,17,1,4
BRDA:124,18,0,4
BRDA:124,18,1,0
BRF:41
BRH:37
end_of_record
TN:
SF:services\push.js
FN:4,sendToFcm
FN:78,computeKinds
FN:105,notifyOrderUpdate
FN:119,(anonymous_3)
FN:124,(anonymous_4)
FN:154,(anonymous_5)
FN:161,(anonymous_6)
FN:183,(anonymous_7)
FN:239,(anonymous_8)
FN:291,(anonymous_9)
FNF:10
FNH:10
FNDA:27,sendToFcm
FNDA:152,computeKinds
FNDA:153,notifyOrderUpdate
FNDA:804,(anonymous_3)
FNDA:304,(anonymous_4)
FNDA:134,(anonymous_5)
FNDA:119,(anonymous_6)
FNDA:12,(anonymous_7)
FNDA:134,(anonymous_8)
FNDA:1,(anonymous_9)
DA:1,50
DA:6,27
DA:7,27
DA:8,2
DA:10,25
DA:13,25
DA:14,25
DA:15,25
DA:16,453
DA:21,25
DA:26,25
DA:30,25
DA:33,25
DA:34,3
DA:38,25
DA:39,25
DA:40,27
DA:43,25
DA:44,25
DA:45,25
DA:47,25
DA:48,27
DA:65,27
DA:66,27
DA:67,24
DA:68,24
DA:69,24
DA:71,3
DA:75,25
DA:79,152
DA:80,152
DA:81,152
DA:82,152
DA:83,134
DA:84,134
DA:85,134
DA:86,3
DA:87,1
DA:88,0
DA:89,0
DA:91,152
DA:92,150
DA:93,150
DA:94,1
DA:95,1
DA:96,1
DA:99,152
DA:101,0
DA:106,153
DA:107,153
DA:111,153
DA:112,153
DA:113,153
DA:114,153
DA:117,153
DA:118,153
DA:119,153
DA:120,804
DA:121,369
DA:122,369
DA:124,153
DA:125,304
DA:126,100
DA:127,100
DA:128,100
DA:129,100
DA:130,100
DA:133,153
DA:134,152
DA:135,152
DA:136,152
DA:138,152
DA:139,151
DA:142,1225
DA:145,153
DA:146,60
DA:149,60
DA:152,152
DA:153,152
DA:154,134
DA:156,152
DA:157,125
DA:161,119
DA:162,119
DA:163,116
DA:166,116
DA:170,6
DA:173,152
DA:174,59
DA:177,59
DA:180,152
DA:181,152
DA:182,152
DA:183,12
DA:186,152
DA:187,12
DA:190,12
DA:193,0
DA:196,152
DA:197,152
DA:198,152
DA:199,152
DA:205,152
DA:213,152
DA:217,152
DA:219,152
DA:220,152
DA:221,152
DA:237,152
DA:238,152
DA:239,134
DA:242,152
DA:243,152
DA:247,152
DA:248,152
DA:255,152
DA:274,152
DA:275,152
DA:276,22
DA:288,152
DA:290,1
DA:291,1
DA:292,1
DA:293,1
DA:294,1
DA:296,1
DA:297,1
DA:309,0
DA:322,152
DA:328,3
DA:331,3
DA:349,152
DA:350,1
DA:351,1
DA:354,1
DA:368,152
DA:369,152
DA:371,1
DA:372,1
DA:376,50
LF:140
LH:135
BRDA:7,0,0,2
BRDA:7,0,1,25
BRDA:7,1,0,27
BRDA:7,1,1,26
BRDA:10,2,0,0
BRDA:10,2,1,25
BRDA:10,3,0,25
BRDA:10,3,1,25
BRDA:14,4,0,25
BRDA:14,4,1,0
BRDA:16,5,0,453
BRDA:16,5,1,0
BRDA:21,6,0,25
BRDA:21,6,1,0
BRDA:26,7,0,25
BRDA:26,7,1,0
BRDA:26,7,2,0
BRDA:30,8,0,25
BRDA:30,8,1,22
BRDA:30,8,2,22
BRDA:33,9,0,3
BRDA:33,9,1,22
BRDA:61,10,0,3
BRDA:61,10,1,24
BRDA:67,11,0,24
BRDA:67,11,1,1
BRDA:68,12,0,24
BRDA:68,12,1,21
BRDA:71,13,0,3
BRDA:71,13,1,0
BRDA:81,14,0,152
BRDA:81,14,1,0
BRDA:81,14,2,0
BRDA:83,15,0,134
BRDA:83,15,1,131
BRDA:84,16,0,134
BRDA:84,16,1,131
BRDA:85,17,0,131
BRDA:85,17,1,3
BRDA:86,18,0,2
BRDA:86,18,1,1
BRDA:87,19,0,1
BRDA:87,19,1,0
BRDA:88,20,0,0
BRDA:88,20,1,0
BRDA:88,21,0,0
BRDA:88,21,1,0
BRDA:91,22,0,150
BRDA:91,22,1,2
BRDA:93,23,0,1
BRDA:93,23,1,149
BRDA:94,24,0,0
BRDA:94,24,1,1
BRDA:95,25,0,1
BRDA:95,25,1,0
BRDA:95,26,0,1
BRDA:95,26,1,0
BRDA:105,27,0,111
BRDA:108,28,0,39
BRDA:108,28,1,114
BRDA:120,29,0,435
BRDA:120,29,1,369
BRDA:122,30,0,368
BRDA:122,30,1,1
BRDA:122,31,0,369
BRDA:122,31,1,369
BRDA:125,32,0,204
BRDA:125,32,1,100
BRDA:125,33,0,304
BRDA:125,33,1,250
BRDA:138,34,0,151
BRDA:138,34,1,1
BRDA:145,35,0,60
BRDA:145,35,1,92
BRDA:153,36,0,152
BRDA:153,36,1,0
BRDA:156,37,0,125
BRDA:156,37,1,27
BRDA:162,38,0,116
BRDA:162,38,1,3
BRDA:173,39,0,59
BRDA:173,39,1,93
BRDA:173,40,0,152
BRDA:173,40,1,152
BRDA:183,41,0,12
BRDA:183,41,1,10
BRDA:186,42,0,12
BRDA:186,42,1,140
BRDA:197,43,0,3
BRDA:197,43,1,149
BRDA:200,44,0,152
BRDA:200,44,1,25
BRDA:200,44,2,25
BRDA:200,44,3,5
BRDA:206,45,0,152
BRDA:206,45,1,150
BRDA:206,45,2,30
BRDA:213,46,0,152
BRDA:213,46,1,150
BRDA:213,46,2,150
BRDA:217,47,0,152
BRDA:217,47,1,150
BRDA:217,47,2,150
BRDA:219,48,0,152
BRDA:219,48,1,5
BRDA:221,49,0,147
BRDA:221,49,1,5
BRDA:222,50,0,31
BRDA:222,50,1,116
BRDA:224,51,0,4
BRDA:224,51,1,112
BRDA:226,52,0,8
BRDA:226,52,1,104
BRDA:228,53,0,2
BRDA:228,53,1,102
BRDA:229,54,0,2
BRDA:229,54,1,0
BRDA:231,55,0,2
BRDA:231,55,1,0
BRDA:233,56,0,0
BRDA:233,56,1,0
BRDA:238,57,0,152
BRDA:238,57,1,0
BRDA:239,58,0,134
BRDA:239,58,1,0
BRDA:242,59,0,152
BRDA:242,59,1,17
BRDA:244,60,0,152
BRDA:244,60,1,17
BRDA:249,61,0,152
BRDA:249,61,1,151
BRDA:249,61,2,151
BRDA:251,62,0,152
BRDA:251,62,1,151
BRDA:258,63,0,152
BRDA:258,63,1,25
BRDA:261,64,0,152
BRDA:261,64,1,150
BRDA:262,65,0,152
BRDA:262,65,1,150
BRDA:275,66,0,22
BRDA:275,66,1,130
BRDA:275,67,0,152
BRDA:275,67,1,22
BRDA:288,68,0,1
BRDA:288,68,1,151
BRDA:288,69,0,152
BRDA:288,69,1,1
BRDA:291,70,0,1
BRDA:291,70,1,0
BRDA:292,71,0,1
BRDA:292,71,1,1
BRDA:292,71,2,1
BRDA:293,72,0,1
BRDA:293,72,1,0
BRDA:296,73,0,1
BRDA:296,73,1,0
BRDA:322,74,0,3
BRDA:322,74,1,149
BRDA:323,75,0,152
BRDA:323,75,1,3
BRDA:323,75,2,3
BRDA:323,75,3,3
BRDA:329,76,0,3
BRDA:329,76,1,1
BRDA:349,77,0,1
BRDA:349,77,1,151
BRDA:349,78,0,152
BRDA:349,78,1,2
BRDA:351,79,0,1
BRDA:351,79,1,0
BRDA:352,80,0,1
BRDA:352,80,1,0
BRF:173
BRH:144
end_of_record
TN:
SF:services\upi.js
FN:2,buildUpiLink
FN:5,getUpiEnv
FNF:2
FNH:2
FNDA:3,buildUpiLink
FNDA:2,getUpiEnv
DA:3,3
DA:6,2
DA:8,1
LF:3
LH:3
BRF:0
BRH:0
end_of_record
